Using pre-set license
Built from '2020.3/staging' branch; Version is '2020.3.3f1 (76626098c1c4) revision 7758432'; Using compiler version '192528614'; Build Type 'Release'
OS: 'Windows 10 Home Single Language; OS build 19043.1055; Version 2009; 64bit' Language: 'pt' Physical Memory: 32678 MB
BatchMode: 1, IsHumanControllingUs: 0, StartBugReporterOnCrash: 0, Is64bit: 1, IsPro: 0

 COMMAND LINE ARGUMENTS:
C:\Program Files\Unity\Hub\Editor\2020.3.3f1\Editor\Unity.exe
-adb2
-batchMode
-noUpm
-name
AssetImportWorker1
-projectPath
C:/Users/batis/Desktop/jogo_12_04/game_01/game_02
-logFile
Logs/AssetImportWorker1.log
-srvPort
61221
Successfully changed project path to: C:/Users/batis/Desktop/jogo_12_04/game_01/game_02
C:/Users/batis/Desktop/jogo_12_04/game_01/game_02
Using Asset Import Pipeline V2.
