Using pre-set license
Built from '2020.3/staging' branch; Version is '2020.3.3f1 (76626098c1c4) revision 7758432'; Using compiler version '192528614'; Build Type 'Release'
OS: 'Windows 10 Home Single Language; OS build 19041.985; Version 2004; 64bit' Language: 'pt' Physical Memory: 3971 MB
BatchMode: 1, IsHumanControllingUs: 0, StartBugReporterOnCrash: 0, Is64bit: 1, IsPro: 0

 COMMAND LINE ARGUMENTS:
C:\Program Files\Unity\Hub\Editor\2020.3.3f1\Editor\Unity.exe
-adb2
-batchMode
-noUpm
-name
AssetImportWorker4
-projectPath
C:/Users/55319/Documents/GitHub/Martian-Highway
-logFile
Logs/AssetImportWorker4.log
-srvPort
50195
Successfully changed project path to: C:/Users/55319/Documents/GitHub/Martian-Highway
C:/Users/55319/Documents/GitHub/Martian-Highway
Using Asset Import Pipeline V2.
Refreshing native plugins compatible for Editor in 235.72 ms, found 0 plugins.
Preloading 0 native plugins for Editor in 0.00 ms.
Initialize engine version: 2020.3.3f1 (76626098c1c4)
[Subsystems] Discovering subsystems at path C:/Program Files/Unity/Hub/Editor/2020.3.3f1/Editor/Data/Resources/UnitySubsystems
[Subsystems] Discovering subsystems at path C:/Users/55319/Documents/GitHub/Martian-Highway/Assets
GfxDevice: creating device client; threaded=0
Direct3D:
    Version:  Direct3D 11.0 [level 11.1]
    Renderer: Intel(R) HD Graphics 620 (ID=0x5921)
    Vendor:   
    VRAM:     1985 MB
    Driver:   26.20.100.6911
Shader 'Universal Render Pipeline/Particles/Lit': fallback shader 'Universal Render Pipeline/Particles/SimpleLit' not found
Initialize mono
Mono path[0] = 'C:/Program Files/Unity/Hub/Editor/2020.3.3f1/Editor/Data/Managed'
Mono path[1] = 'C:/Program Files/Unity/Hub/Editor/2020.3.3f1/Editor/Data/MonoBleedingEdge/lib/mono/unityjit'
Mono config path = 'C:/Program Files/Unity/Hub/Editor/2020.3.3f1/Editor/Data/MonoBleedingEdge/etc'
Using monoOptions --debugger-agent=transport=dt_socket,embedding=1,server=y,suspend=n,address=127.0.0.1:56452
Begin MonoManager ReloadAssembly
Registering precompiled unity dll's ...
Register platform support module: C:/Program Files/Unity/Hub/Editor/2020.3.3f1/Editor/Data/PlaybackEngines/WebGLSupport/UnityEditor.WebGL.Extensions.dll
Register platform support module: C:/Program Files/Unity/Hub/Editor/2020.3.3f1/Editor/Data/PlaybackEngines/MacStandaloneSupport/UnityEditor.OSXStandalone.Extensions.dll
Register platform support module: C:/Program Files/Unity/Hub/Editor/2020.3.3f1/Editor/Data/PlaybackEngines/WindowsStandaloneSupport/UnityEditor.WindowsStandalone.Extensions.dll
Registered in 0.004408 seconds.
Native extension for WindowsStandalone target not found
Native extension for OSXStandalone target not found
Native extension for WebGL target not found
Refreshing native plugins compatible for Editor in 93.66 ms, found 0 plugins.
Preloading 0 native plugins for Editor in 0.00 ms.
Invoked RoslynAnalysisRunner static constructor.
RoslynAnalysisRunner will not be running.
RoslynAnalysisRunner has terminated.
Mono: successfully reloaded assembly
- Completed reload, in  1.982 seconds
Platform modules already initialized, skipping
Registering precompiled user dll's ...
Registered in 0.002438 seconds.
Begin MonoManager ReloadAssembly
Native extension for WindowsStandalone target not found
Native extension for OSXStandalone target not found
Native extension for WebGL target not found
Refreshing native plugins compatible for Editor in 186.17 ms, found 0 plugins.
Preloading 0 native plugins for Editor in 0.00 ms.
Invoked RoslynAnalysisRunner static constructor.
RoslynAnalysisRunner will not be running.
RoslynAnalysisRunner has terminated.
Mono: successfully reloaded assembly
- Completed reload, in  4.505 seconds
Platform modules already initialized, skipping
========================================================================
Worker process is ready to serve import requests
Shader 'Universal Render Pipeline/Particles/Lit': fallback shader 'Universal Render Pipeline/Particles/SimpleLit' not found
Launched and connected shader compiler UnityShaderCompiler.exe after 0.26 seconds
Refreshing native plugins compatible for Editor in 0.71 ms, found 0 plugins.
Preloading 0 native plugins for Editor in 0.00 ms.
Unloading 3077 Unused Serialized files (Serialized files now loaded: 0)
System memory in use before: 138.1 MB.
System memory in use after: 138.3 MB.

Unloading 10 unused Assets to reduce memory usage. Loaded Objects now: 3526.
Total: 6.396700 ms (FindLiveObjects: 1.021500 ms CreateObjectMapping: 1.182200 ms MarkObjects: 4.070400 ms  DeleteObjects: 0.119600 ms)

========================================================================
Received Import Request.
  path: Assets/Scenes/fase1.unity
  artifactKey: Guid(b8dad69a6bb8bbf469e2194999d7de86) Importer(815301076,1909f56bfc062723c751e8b465ee728b)
Start importing Assets/Scenes/fase1.unity using Guid(b8dad69a6bb8bbf469e2194999d7de86) Importer(815301076,1909f56bfc062723c751e8b465ee728b)  -> (artifact id: '420cf31346db7bc2a6d333342adfe73a') in 0.084155 seconds
  Import took 0.096323 seconds .

========================================================================
Received Prepare
Shader 'Universal Render Pipeline/Particles/Lit': fallback shader 'Universal Render Pipeline/Particles/SimpleLit' not found
Refreshing native plugins compatible for Editor in 7.09 ms, found 0 plugins.
Preloading 0 native plugins for Editor in 0.00 ms.
Unloading 3 Unused Serialized files (Serialized files now loaded: 0)
System memory in use before: 69.8 MB.
System memory in use after: 70.1 MB.

Unloading 3 unused Assets to reduce memory usage. Loaded Objects now: 3526.
Total: 41.616800 ms (FindLiveObjects: 0.700500 ms CreateObjectMapping: 0.677800 ms MarkObjects: 40.196300 ms  DeleteObjects: 0.039300 ms)

========================================================================
Received Import Request.
  Time since last request: 3028.080138 seconds.
  path: Assets/Imagens/fogo.png
  artifactKey: Guid(ee97eab6d67767342840a9fbf8f4ca66) Importer(815301076,1909f56bfc062723c751e8b465ee728b)
Start importing Assets/Imagens/fogo.png using Guid(ee97eab6d67767342840a9fbf8f4ca66) Importer(815301076,1909f56bfc062723c751e8b465ee728b)  -> (artifact id: 'a5ad8313e27a1904417b81f3a0f4b4c2') in 0.908929 seconds
  Import took 1.134804 seconds .

========================================================================
Received Import Request.
  Time since last request: 0.001594 seconds.
  path: Assets/Imagens/Icone.png
  artifactKey: Guid(35b0138e10a174e419887a2de35a43c2) Importer(815301076,1909f56bfc062723c751e8b465ee728b)
Start importing Assets/Imagens/Icone.png using Guid(35b0138e10a174e419887a2de35a43c2) Importer(815301076,1909f56bfc062723c751e8b465ee728b)  -> (artifact id: '8a01ec8193f596eb68cc551eaccdc4ef') in 0.093279 seconds
  Import took 0.103568 seconds .

========================================================================
Received Import Request.
  Time since last request: 0.001249 seconds.
  path: Assets/Imagens/Tela Pause.png
  artifactKey: Guid(3a5110e11b4bd6e40988ab34ca6c1e98) Importer(815301076,1909f56bfc062723c751e8b465ee728b)
Start importing Assets/Imagens/Tela Pause.png using Guid(3a5110e11b4bd6e40988ab34ca6c1e98) Importer(815301076,1909f56bfc062723c751e8b465ee728b)  -> (artifact id: '242b20fb3b5d61075bbedc07be35d4f0') in 0.283340 seconds
  Import took 0.313473 seconds .

========================================================================
Received Import Request.
  Time since last request: 0.000498 seconds.
  path: Assets/Imagens/Icone.png
  artifactKey: Guid(35b0138e10a174e419887a2de35a43c2) Importer(815301076,1909f56bfc062723c751e8b465ee728b)
Start importing Assets/Imagens/Icone.png using Guid(35b0138e10a174e419887a2de35a43c2) Importer(815301076,1909f56bfc062723c751e8b465ee728b)  -> (artifact id: '8a01ec8193f596eb68cc551eaccdc4ef') in 0.088503 seconds
  Import took 0.111744 seconds .

========================================================================
Received Import Request.
  Time since last request: 0.000979 seconds.
  path: Assets/Imagens/Vitória.png
  artifactKey: Guid(4de0e5ec112c6cf4ebab4c47461ba3d0) Importer(815301076,1909f56bfc062723c751e8b465ee728b)
Start importing Assets/Imagens/Vitória.png using Guid(4de0e5ec112c6cf4ebab4c47461ba3d0) Importer(815301076,1909f56bfc062723c751e8b465ee728b)  -> (artifact id: '5443d86fea3c3e138521e91892bf2d00') in 0.128287 seconds
  Import took 0.156620 seconds .

========================================================================
Received Import Request.
  Time since last request: 0.002440 seconds.
  path: Assets/Imagens/MicrosoftTeams-image.png
  artifactKey: Guid(6c36150cc7bbf564e849a4735ae5fd8c) Importer(815301076,1909f56bfc062723c751e8b465ee728b)
Start importing Assets/Imagens/MicrosoftTeams-image.png using Guid(6c36150cc7bbf564e849a4735ae5fd8c) Importer(815301076,1909f56bfc062723c751e8b465ee728b)  -> (artifact id: '713846339e281f5ab2ce62514b590e01') in 0.119837 seconds
  Import took 0.136324 seconds .

========================================================================
Received Import Request.
  Time since last request: 0.000491 seconds.
  path: Assets/Imagens/MicrosoftTeams-image (6).png
  artifactKey: Guid(d92b98ff2d40f7c4cb7ca1bdf1134e8f) Importer(815301076,1909f56bfc062723c751e8b465ee728b)
Start importing Assets/Imagens/MicrosoftTeams-image (6).png using Guid(d92b98ff2d40f7c4cb7ca1bdf1134e8f) Importer(815301076,1909f56bfc062723c751e8b465ee728b)  -> (artifact id: 'c4b1e64c252cbd5d11fa859ba535e9ef') in 0.127178 seconds
  Import took 0.146718 seconds .

========================================================================
Received Import Request.
  Time since last request: 4.368895 seconds.
  path: Assets/Imagens/MicrosoftTeams-image (7).png
  artifactKey: Guid(0be5e326874b4b74db43e04cea0e047a) Importer(815301076,1909f56bfc062723c751e8b465ee728b)
Start importing Assets/Imagens/MicrosoftTeams-image (7).png using Guid(0be5e326874b4b74db43e04cea0e047a) Importer(815301076,1909f56bfc062723c751e8b465ee728b)  -> (artifact id: '55120f452affc8b465bf9037fcaa0e1a') in 0.116871 seconds
  Import took 0.154306 seconds .

========================================================================
Received Import Request.
  Time since last request: 10.485204 seconds.
  path: Assets/Imagens/MicrosoftTeams-image (7).png
  artifactKey: Guid(0be5e326874b4b74db43e04cea0e047a) Importer(815301076,1909f56bfc062723c751e8b465ee728b)
Start importing Assets/Imagens/MicrosoftTeams-image (7).png using Guid(0be5e326874b4b74db43e04cea0e047a) Importer(815301076,1909f56bfc062723c751e8b465ee728b)  -> (artifact id: '772bc5512ddf2a64f19542707cec51b8') in 0.098597 seconds
  Import took 0.167475 seconds .

========================================================================
Received Import Request.
  Time since last request: 217.059697 seconds.
  path: Assets/Imagens/Vitória.png
  artifactKey: Guid(0be5e326874b4b74db43e04cea0e047a) Importer(815301076,1909f56bfc062723c751e8b465ee728b)
Start importing Assets/Imagens/Vitória.png using Guid(0be5e326874b4b74db43e04cea0e047a) Importer(815301076,1909f56bfc062723c751e8b465ee728b)  -> (artifact id: 'f5cc2924abcbbc36b55ce98ba07b1c76') in 0.090383 seconds
  Import took 0.107106 seconds .

========================================================================
Received Import Request.
  Time since last request: 6.109662 seconds.
  path: Assets/Imagens/Derrota.png
  artifactKey: Guid(6c36150cc7bbf564e849a4735ae5fd8c) Importer(815301076,1909f56bfc062723c751e8b465ee728b)
Start importing Assets/Imagens/Derrota.png using Guid(6c36150cc7bbf564e849a4735ae5fd8c) Importer(815301076,1909f56bfc062723c751e8b465ee728b)  -> (artifact id: 'e197058b8cc3f9fc209f7d77ab74abd9') in 0.119415 seconds
  Import took 0.143933 seconds .

========================================================================
Received Prepare
Registering precompiled user dll's ...
Registered in 0.011089 seconds.
Begin MonoManager ReloadAssembly
Native extension for WindowsStandalone target not found
Native extension for OSXStandalone target not found
Native extension for WebGL target not found
Refreshing native plugins compatible for Editor in 1.22 ms, found 0 plugins.
Preloading 0 native plugins for Editor in 0.00 ms.
Invoked RoslynAnalysisRunner static constructor.
RoslynAnalysisRunner will not be running.
RoslynAnalysisRunner has terminated.
Mono: successfully reloaded assembly
- Completed reload, in  4.104 seconds
Platform modules already initialized, skipping
Shader 'Universal Render Pipeline/Particles/Lit': fallback shader 'Universal Render Pipeline/Particles/SimpleLit' not found
Refreshing native plugins compatible for Editor in 1.51 ms, found 0 plugins.
Preloading 0 native plugins for Editor in 0.00 ms.
Unloading 2935 Unused Serialized files (Serialized files now loaded: 0)
System memory in use before: 130.8 MB.
System memory in use after: 131.1 MB.

Unloading 5 unused Assets to reduce memory usage. Loaded Objects now: 3541.
Total: 16.310600 ms (FindLiveObjects: 6.014000 ms CreateObjectMapping: 0.510600 ms MarkObjects: 6.346000 ms  DeleteObjects: 3.423600 ms)

========================================================================
Received Prepare
Registering precompiled user dll's ...
Registered in 0.017595 seconds.
Begin MonoManager ReloadAssembly
Native extension for WindowsStandalone target not found
Native extension for OSXStandalone target not found
Native extension for WebGL target not found
Refreshing native plugins compatible for Editor in 0.83 ms, found 0 plugins.
Preloading 0 native plugins for Editor in 0.00 ms.
Invoked RoslynAnalysisRunner static constructor.
RoslynAnalysisRunner will not be running.
RoslynAnalysisRunner has terminated.
Mono: successfully reloaded assembly
- Completed reload, in  4.564 seconds
Platform modules already initialized, skipping
Shader 'Universal Render Pipeline/Particles/Lit': fallback shader 'Universal Render Pipeline/Particles/SimpleLit' not found
Refreshing native plugins compatible for Editor in 0.87 ms, found 0 plugins.
Preloading 0 native plugins for Editor in 0.00 ms.
Unloading 2935 Unused Serialized files (Serialized files now loaded: 0)
System memory in use before: 130.9 MB.
System memory in use after: 131.1 MB.

Unloading 5 unused Assets to reduce memory usage. Loaded Objects now: 3544.
Total: 20.440700 ms (FindLiveObjects: 0.823600 ms CreateObjectMapping: 0.449100 ms MarkObjects: 18.961800 ms  DeleteObjects: 0.202000 ms)

========================================================================
Received Import Request.
  Time since last request: 406.928980 seconds.
  path: Assets/Prefab/pontuação.prefab
  artifactKey: Guid(664f37c969e0888478d592423b39c8b4) Importer(815301076,1909f56bfc062723c751e8b465ee728b)
Start importing Assets/Prefab/pontuação.prefab using Guid(664f37c969e0888478d592423b39c8b4) Importer(815301076,1909f56bfc062723c751e8b465ee728b)  -> (artifact id: 'f789f205cfe64498cbe5c5f6a5db16d2') in 0.699485 seconds
  Import took 0.766976 seconds .

========================================================================
Received Prepare
Shader 'Universal Render Pipeline/Particles/Lit': fallback shader 'Universal Render Pipeline/Particles/SimpleLit' not found
Refreshing native plugins compatible for Editor in 56.30 ms, found 0 plugins.
Preloading 0 native plugins for Editor in 0.00 ms.
Unloading 3 Unused Serialized files (Serialized files now loaded: 0)
System memory in use before: 74.8 MB.
System memory in use after: 75.1 MB.

Unloading 3 unused Assets to reduce memory usage. Loaded Objects now: 3615.
Total: 2728.163800 ms (FindLiveObjects: 1537.887700 ms CreateObjectMapping: 5.322700 ms MarkObjects: 1184.807200 ms  DeleteObjects: 0.137700 ms)

