Using pre-set license
Built from '2020.3/staging' branch; Version is '2020.3.3f1 (76626098c1c4) revision 7758432'; Using compiler version '192528614'; Build Type 'Release'
OS: 'Windows 10 Home Single Language; OS build 19041.985; Version 2004; 64bit' Language: 'pt' Physical Memory: 3971 MB
BatchMode: 1, IsHumanControllingUs: 0, StartBugReporterOnCrash: 0, Is64bit: 1, IsPro: 0

 COMMAND LINE ARGUMENTS:
C:\Program Files\Unity\Hub\Editor\2020.3.3f1\Editor\Unity.exe
-adb2
-batchMode
-noUpm
-name
AssetImportWorker13
-projectPath
C:/Users/55319/Documents/Unity Projects/Martian Highway
-logFile
Logs/AssetImportWorker13.log
-srvPort
60417
Successfully changed project path to: C:/Users/55319/Documents/Unity Projects/Martian Highway
C:/Users/55319/Documents/Unity Projects/Martian Highway
Using Asset Import Pipeline V2.
Refreshing native plugins compatible for Editor in 177.55 ms, found 0 plugins.
Preloading 0 native plugins for Editor in 0.00 ms.
Initialize engine version: 2020.3.3f1 (76626098c1c4)
[Subsystems] Discovering subsystems at path C:/Program Files/Unity/Hub/Editor/2020.3.3f1/Editor/Data/Resources/UnitySubsystems
[Subsystems] Discovering subsystems at path C:/Users/55319/Documents/Unity Projects/Martian Highway/Assets
GfxDevice: creating device client; threaded=0
Direct3D:
    Version:  Direct3D 11.0 [level 11.1]
    Renderer: Intel(R) HD Graphics 620 (ID=0x5921)
    Vendor:   
    VRAM:     1985 MB
    Driver:   26.20.100.6911
Shader 'Universal Render Pipeline/Particles/Lit': fallback shader 'Universal Render Pipeline/Particles/SimpleLit' not found
Initialize mono
Mono path[0] = 'C:/Program Files/Unity/Hub/Editor/2020.3.3f1/Editor/Data/Managed'
Mono path[1] = 'C:/Program Files/Unity/Hub/Editor/2020.3.3f1/Editor/Data/MonoBleedingEdge/lib/mono/unityjit'
Mono config path = 'C:/Program Files/Unity/Hub/Editor/2020.3.3f1/Editor/Data/MonoBleedingEdge/etc'
Using monoOptions --debugger-agent=transport=dt_socket,embedding=1,server=y,suspend=n,address=127.0.0.1:56952
Begin MonoManager ReloadAssembly
Registering precompiled unity dll's ...
Register platform support module: C:/Program Files/Unity/Hub/Editor/2020.3.3f1/Editor/Data/PlaybackEngines/WebGLSupport/UnityEditor.WebGL.Extensions.dll
Register platform support module: C:/Program Files/Unity/Hub/Editor/2020.3.3f1/Editor/Data/PlaybackEngines/MacStandaloneSupport/UnityEditor.OSXStandalone.Extensions.dll
Register platform support module: C:/Program Files/Unity/Hub/Editor/2020.3.3f1/Editor/Data/PlaybackEngines/WindowsStandaloneSupport/UnityEditor.WindowsStandalone.Extensions.dll
Registered in 0.007551 seconds.
Native extension for WindowsStandalone target not found
Native extension for OSXStandalone target not found
Native extension for WebGL target not found
Refreshing native plugins compatible for Editor in 112.79 ms, found 0 plugins.
Preloading 0 native plugins for Editor in 0.00 ms.
Invoked RoslynAnalysisRunner static constructor.
RoslynAnalysisRunner will not be running.
RoslynAnalysisRunner has terminated.
Mono: successfully reloaded assembly
- Completed reload, in 13.529 seconds
Platform modules already initialized, skipping
Registering precompiled user dll's ...
Registered in 0.004061 seconds.
Begin MonoManager ReloadAssembly
Native extension for WindowsStandalone target not found
Native extension for OSXStandalone target not found
Native extension for WebGL target not found
Refreshing native plugins compatible for Editor in 137.60 ms, found 0 plugins.
Preloading 0 native plugins for Editor in 0.00 ms.
Invoked RoslynAnalysisRunner static constructor.
RoslynAnalysisRunner will not be running.
RoslynAnalysisRunner has terminated.
Mono: successfully reloaded assembly
- Completed reload, in  3.071 seconds
Platform modules already initialized, skipping
========================================================================
Worker process is ready to serve import requests
Shader 'Universal Render Pipeline/Particles/Lit': fallback shader 'Universal Render Pipeline/Particles/SimpleLit' not found
Launched and connected shader compiler UnityShaderCompiler.exe after 0.35 seconds
Refreshing native plugins compatible for Editor in 0.74 ms, found 0 plugins.
Preloading 0 native plugins for Editor in 0.00 ms.
Unloading 3082 Unused Serialized files (Serialized files now loaded: 0)
System memory in use before: 141.8 MB.
System memory in use after: 142.0 MB.

Unloading 10 unused Assets to reduce memory usage. Loaded Objects now: 3530.
Total: 35.264400 ms (FindLiveObjects: 0.516700 ms CreateObjectMapping: 0.290400 ms MarkObjects: 31.455000 ms  DeleteObjects: 2.998500 ms)

========================================================================
Received Import Request.
  path: Assets/Script/barraProgresso.cs
  artifactKey: Guid(9c35e04b411f9874cb9f8c4812559818) Importer(815301076,1909f56bfc062723c751e8b465ee728b)
Start importing Assets/Script/barraProgresso.cs using Guid(9c35e04b411f9874cb9f8c4812559818) Importer(815301076,1909f56bfc062723c751e8b465ee728b)  -> (artifact id: '4a72a4f6ca32943a598925d7bd5dd8cf') in 0.323931 seconds
  Import took 0.345967 seconds .

========================================================================
Received Prepare
Registering precompiled user dll's ...
Registered in 0.020998 seconds.
Begin MonoManager ReloadAssembly
Native extension for WindowsStandalone target not found
Native extension for OSXStandalone target not found
Native extension for WebGL target not found
Refreshing native plugins compatible for Editor in 7.19 ms, found 0 plugins.
Preloading 0 native plugins for Editor in 0.00 ms.
Invoked RoslynAnalysisRunner static constructor.
RoslynAnalysisRunner will not be running.
RoslynAnalysisRunner has terminated.
Mono: successfully reloaded assembly
- Completed reload, in  5.085 seconds
Platform modules already initialized, skipping
Shader 'Universal Render Pipeline/Particles/Lit': fallback shader 'Universal Render Pipeline/Particles/SimpleLit' not found
Refreshing native plugins compatible for Editor in 7.23 ms, found 0 plugins.
Preloading 0 native plugins for Editor in 0.00 ms.
Unloading 2940 Unused Serialized files (Serialized files now loaded: 0)
System memory in use before: 131.5 MB.
System memory in use after: 131.8 MB.

Unloading 5 unused Assets to reduce memory usage. Loaded Objects now: 3533.
Total: 4814.400800 ms (FindLiveObjects: 347.028100 ms CreateObjectMapping: 1.507500 ms MarkObjects: 4464.357500 ms  DeleteObjects: 0.584500 ms)

========================================================================
Received Import Request.
  Time since last request: 560.748504 seconds.
  path: Assets/Script/Meteoro/Tremer.cs
  artifactKey: Guid(c3e3cfc1bfbe2794d9837fe704c42fcd) Importer(815301076,1909f56bfc062723c751e8b465ee728b)
Start importing Assets/Script/Meteoro/Tremer.cs using Guid(c3e3cfc1bfbe2794d9837fe704c42fcd) Importer(815301076,1909f56bfc062723c751e8b465ee728b)  -> (artifact id: '72e87f623fd9b503c9980c7b7751ec31') in 0.227574 seconds
  Import took 0.276368 seconds .

========================================================================
Received Import Request.
  Time since last request: 0.002593 seconds.
  path: Assets/Script/Meteoro/ColliderMeteoro.cs
  artifactKey: Guid(eeb91372523163040a4ff58fc3deeee1) Importer(815301076,1909f56bfc062723c751e8b465ee728b)
Start importing Assets/Script/Meteoro/ColliderMeteoro.cs using Guid(eeb91372523163040a4ff58fc3deeee1) Importer(815301076,1909f56bfc062723c751e8b465ee728b)  -> (artifact id: '29cabfbf9dc7ff85d88b31b6d6dec901') in 0.147683 seconds
  Import took 0.166353 seconds .

========================================================================
Received Import Request.
  Time since last request: 0.000380 seconds.
  path: Assets/Script/Meteoro/CriarMet.cs
  artifactKey: Guid(4237216b9994e4f429e19991e968f211) Importer(815301076,1909f56bfc062723c751e8b465ee728b)
Start importing Assets/Script/Meteoro/CriarMet.cs using Guid(4237216b9994e4f429e19991e968f211) Importer(815301076,1909f56bfc062723c751e8b465ee728b)  -> (artifact id: 'e79caf97f8d3fc939eea4d630078776f') in 0.085911 seconds
  Import took 0.106793 seconds .

========================================================================
Received Import Request.
  Time since last request: 4.324025 seconds.
  path: Assets/Script/barraProgresso.cs
  artifactKey: Guid(9c35e04b411f9874cb9f8c4812559818) Importer(815301076,1909f56bfc062723c751e8b465ee728b)
Start importing Assets/Script/barraProgresso.cs using Guid(9c35e04b411f9874cb9f8c4812559818) Importer(815301076,1909f56bfc062723c751e8b465ee728b)  -> (artifact id: 'c78044152731cf4d5122accb225d1978') in 0.040176 seconds
  Import took 0.059354 seconds .

========================================================================
Received Prepare
Registering precompiled user dll's ...
Registered in 0.042245 seconds.
Begin MonoManager ReloadAssembly
Native extension for WindowsStandalone target not found
Native extension for OSXStandalone target not found
Native extension for WebGL target not found
Refreshing native plugins compatible for Editor in 1.13 ms, found 0 plugins.
Preloading 0 native plugins for Editor in 0.00 ms.
Invoked RoslynAnalysisRunner static constructor.
RoslynAnalysisRunner will not be running.
RoslynAnalysisRunner has terminated.
Mono: successfully reloaded assembly
- Completed reload, in  8.067 seconds
Platform modules already initialized, skipping
Shader 'Universal Render Pipeline/Particles/Lit': fallback shader 'Universal Render Pipeline/Particles/SimpleLit' not found
Refreshing native plugins compatible for Editor in 1.04 ms, found 0 plugins.
Preloading 0 native plugins for Editor in 0.00 ms.
Unloading 2940 Unused Serialized files (Serialized files now loaded: 0)
System memory in use before: 131.6 MB.
System memory in use after: 131.8 MB.

Unloading 5 unused Assets to reduce memory usage. Loaded Objects now: 3536.
Total: 62.204300 ms (FindLiveObjects: 7.948500 ms CreateObjectMapping: 0.350700 ms MarkObjects: 53.660100 ms  DeleteObjects: 0.240400 ms)

========================================================================
Received Prepare
Registering precompiled user dll's ...
Registered in 0.016849 seconds.
Begin MonoManager ReloadAssembly
Native extension for WindowsStandalone target not found
Native extension for OSXStandalone target not found
Native extension for WebGL target not found
Refreshing native plugins compatible for Editor in 1.60 ms, found 0 plugins.
Preloading 0 native plugins for Editor in 0.00 ms.
Invoked RoslynAnalysisRunner static constructor.
RoslynAnalysisRunner will not be running.
RoslynAnalysisRunner has terminated.
Mono: successfully reloaded assembly
- Completed reload, in 16.749 seconds
Platform modules already initialized, skipping
Shader 'Universal Render Pipeline/Particles/Lit': fallback shader 'Universal Render Pipeline/Particles/SimpleLit' not found
Refreshing native plugins compatible for Editor in 0.87 ms, found 0 plugins.
Preloading 0 native plugins for Editor in 0.00 ms.
Unloading 2940 Unused Serialized files (Serialized files now loaded: 0)
System memory in use before: 131.6 MB.
System memory in use after: 131.8 MB.

Unloading 5 unused Assets to reduce memory usage. Loaded Objects now: 3539.
Total: 139.183600 ms (FindLiveObjects: 1.994200 ms CreateObjectMapping: 2.501800 ms MarkObjects: 130.428400 ms  DeleteObjects: 4.253200 ms)

========================================================================
Received Prepare
Registering precompiled user dll's ...
Registered in 0.013873 seconds.
Begin MonoManager ReloadAssembly
Native extension for WindowsStandalone target not found
Native extension for OSXStandalone target not found
Native extension for WebGL target not found
Refreshing native plugins compatible for Editor in 0.91 ms, found 0 plugins.
Preloading 0 native plugins for Editor in 0.00 ms.
Invoked RoslynAnalysisRunner static constructor.
RoslynAnalysisRunner will not be running.
RoslynAnalysisRunner has terminated.
Mono: successfully reloaded assembly
- Completed reload, in 11.969 seconds
Platform modules already initialized, skipping
Shader 'Universal Render Pipeline/Particles/Lit': fallback shader 'Universal Render Pipeline/Particles/SimpleLit' not found
Refreshing native plugins compatible for Editor in 0.66 ms, found 0 plugins.
Preloading 0 native plugins for Editor in 0.00 ms.
Unloading 2940 Unused Serialized files (Serialized files now loaded: 0)
System memory in use before: 131.6 MB.
System memory in use after: 131.9 MB.

Unloading 5 unused Assets to reduce memory usage. Loaded Objects now: 3542.
Total: 5.639200 ms (FindLiveObjects: 0.978200 ms CreateObjectMapping: 0.436000 ms MarkObjects: 4.163000 ms  DeleteObjects: 0.058500 ms)

========================================================================
Received Prepare
Registering precompiled user dll's ...
Registered in 0.007011 seconds.
Begin MonoManager ReloadAssembly
Native extension for WindowsStandalone target not found
Native extension for OSXStandalone target not found
Native extension for WebGL target not found
Refreshing native plugins compatible for Editor in 0.98 ms, found 0 plugins.
Preloading 0 native plugins for Editor in 0.00 ms.
Invoked RoslynAnalysisRunner static constructor.
RoslynAnalysisRunner will not be running.
RoslynAnalysisRunner has terminated.
Mono: successfully reloaded assembly
- Completed reload, in  2.284 seconds
Platform modules already initialized, skipping
Shader 'Universal Render Pipeline/Particles/Lit': fallback shader 'Universal Render Pipeline/Particles/SimpleLit' not found
Refreshing native plugins compatible for Editor in 0.89 ms, found 0 plugins.
Preloading 0 native plugins for Editor in 0.00 ms.
Unloading 2940 Unused Serialized files (Serialized files now loaded: 0)
System memory in use before: 131.6 MB.
System memory in use after: 131.9 MB.

Unloading 5 unused Assets to reduce memory usage. Loaded Objects now: 3545.
Total: 9.702000 ms (FindLiveObjects: 0.742100 ms CreateObjectMapping: 0.354400 ms MarkObjects: 8.545300 ms  DeleteObjects: 0.056500 ms)

========================================================================
Received Import Request.
  Time since last request: 2990.161162 seconds.
  path: Assets/Scenes/Menu/Imagens/Menu Image-1.jpg
  artifactKey: Guid(e948c13032955be41b2db88652cb75f5) Importer(815301076,1909f56bfc062723c751e8b465ee728b)
Start importing Assets/Scenes/Menu/Imagens/Menu Image-1.jpg using Guid(e948c13032955be41b2db88652cb75f5) Importer(815301076,1909f56bfc062723c751e8b465ee728b)  -> (artifact id: '79c4ddb25b1fc25c06934f239e1569ca') in 2.065799 seconds
  Import took 2.479117 seconds .

========================================================================
Received Prepare
Registering precompiled user dll's ...
Registered in 0.004423 seconds.
Begin MonoManager ReloadAssembly
Native extension for WindowsStandalone target not found
Native extension for OSXStandalone target not found
Native extension for WebGL target not found
Refreshing native plugins compatible for Editor in 0.90 ms, found 0 plugins.
Preloading 0 native plugins for Editor in 0.00 ms.
Invoked RoslynAnalysisRunner static constructor.
RoslynAnalysisRunner will not be running.
RoslynAnalysisRunner has terminated.
Mono: successfully reloaded assembly
- Completed reload, in  3.128 seconds
Platform modules already initialized, skipping
Shader 'Universal Render Pipeline/Particles/Lit': fallback shader 'Universal Render Pipeline/Particles/SimpleLit' not found
Refreshing native plugins compatible for Editor in 0.78 ms, found 0 plugins.
Preloading 0 native plugins for Editor in 0.00 ms.
Unloading 2940 Unused Serialized files (Serialized files now loaded: 0)
System memory in use before: 134.6 MB.
System memory in use after: 134.8 MB.

Unloading 5 unused Assets to reduce memory usage. Loaded Objects now: 3554.
Total: 6.051700 ms (FindLiveObjects: 0.533500 ms CreateObjectMapping: 0.350600 ms MarkObjects: 5.121100 ms  DeleteObjects: 0.043800 ms)

========================================================================
Received Prepare
Registering precompiled user dll's ...
Registered in 0.003924 seconds.
Begin MonoManager ReloadAssembly
Native extension for WindowsStandalone target not found
Native extension for OSXStandalone target not found
Native extension for WebGL target not found
Refreshing native plugins compatible for Editor in 1.06 ms, found 0 plugins.
Preloading 0 native plugins for Editor in 0.00 ms.
Invoked RoslynAnalysisRunner static constructor.
RoslynAnalysisRunner will not be running.
RoslynAnalysisRunner has terminated.
Mono: successfully reloaded assembly
- Completed reload, in  5.466 seconds
Platform modules already initialized, skipping
Shader 'Universal Render Pipeline/Particles/Lit': fallback shader 'Universal Render Pipeline/Particles/SimpleLit' not found
Refreshing native plugins compatible for Editor in 0.65 ms, found 0 plugins.
Preloading 0 native plugins for Editor in 0.00 ms.
Unloading 2940 Unused Serialized files (Serialized files now loaded: 0)
System memory in use before: 134.6 MB.
System memory in use after: 134.8 MB.

Unloading 5 unused Assets to reduce memory usage. Loaded Objects now: 3557.
Total: 6.308100 ms (FindLiveObjects: 0.547000 ms CreateObjectMapping: 0.283600 ms MarkObjects: 4.656400 ms  DeleteObjects: 0.817400 ms)

========================================================================
Received Prepare
Registering precompiled user dll's ...
Registered in 0.007712 seconds.
Begin MonoManager ReloadAssembly
Native extension for WindowsStandalone target not found
Native extension for OSXStandalone target not found
Native extension for WebGL target not found
Refreshing native plugins compatible for Editor in 0.68 ms, found 0 plugins.
Preloading 0 native plugins for Editor in 0.00 ms.
Invoked RoslynAnalysisRunner static constructor.
RoslynAnalysisRunner will not be running.
RoslynAnalysisRunner has terminated.
Mono: successfully reloaded assembly
- Completed reload, in  2.125 seconds
Platform modules already initialized, skipping
Shader 'Universal Render Pipeline/Particles/Lit': fallback shader 'Universal Render Pipeline/Particles/SimpleLit' not found
Refreshing native plugins compatible for Editor in 0.66 ms, found 0 plugins.
Preloading 0 native plugins for Editor in 0.00 ms.
Unloading 2940 Unused Serialized files (Serialized files now loaded: 0)
System memory in use before: 134.6 MB.
System memory in use after: 134.8 MB.

Unloading 5 unused Assets to reduce memory usage. Loaded Objects now: 3560.
Total: 3.967800 ms (FindLiveObjects: 0.477300 ms CreateObjectMapping: 0.383800 ms MarkObjects: 2.887300 ms  DeleteObjects: 0.217500 ms)

========================================================================
Received Prepare
Registering precompiled user dll's ...
Registered in 0.008700 seconds.
Begin MonoManager ReloadAssembly
Native extension for WindowsStandalone target not found
Native extension for OSXStandalone target not found
Native extension for WebGL target not found
Refreshing native plugins compatible for Editor in 0.75 ms, found 0 plugins.
Preloading 0 native plugins for Editor in 0.00 ms.
Invoked RoslynAnalysisRunner static constructor.
RoslynAnalysisRunner will not be running.
RoslynAnalysisRunner has terminated.
Mono: successfully reloaded assembly
- Completed reload, in  3.571 seconds
Platform modules already initialized, skipping
Shader 'Universal Render Pipeline/Particles/Lit': fallback shader 'Universal Render Pipeline/Particles/SimpleLit' not found
Refreshing native plugins compatible for Editor in 0.85 ms, found 0 plugins.
Preloading 0 native plugins for Editor in 0.00 ms.
Unloading 2940 Unused Serialized files (Serialized files now loaded: 0)
System memory in use before: 134.6 MB.
System memory in use after: 134.8 MB.

Unloading 5 unused Assets to reduce memory usage. Loaded Objects now: 3563.
Total: 32.448100 ms (FindLiveObjects: 0.905300 ms CreateObjectMapping: 0.743000 ms MarkObjects: 29.761200 ms  DeleteObjects: 1.034300 ms)

========================================================================
Received Prepare
Registering precompiled user dll's ...
Registered in 0.004303 seconds.
Begin MonoManager ReloadAssembly
Native extension for WindowsStandalone target not found
Native extension for OSXStandalone target not found
Native extension for WebGL target not found
Refreshing native plugins compatible for Editor in 65.17 ms, found 0 plugins.
Preloading 0 native plugins for Editor in 0.00 ms.
Invoked RoslynAnalysisRunner static constructor.
RoslynAnalysisRunner will not be running.
RoslynAnalysisRunner has terminated.
Mono: successfully reloaded assembly
- Completed reload, in 25.461 seconds
Platform modules already initialized, skipping
Shader 'Universal Render Pipeline/Particles/Lit': fallback shader 'Universal Render Pipeline/Particles/SimpleLit' not found
Refreshing native plugins compatible for Editor in 0.91 ms, found 0 plugins.
Preloading 0 native plugins for Editor in 0.00 ms.
Unloading 2940 Unused Serialized files (Serialized files now loaded: 0)
System memory in use before: 134.6 MB.
System memory in use after: 134.8 MB.

Unloading 5 unused Assets to reduce memory usage. Loaded Objects now: 3566.
Total: 10.476300 ms (FindLiveObjects: 0.582500 ms CreateObjectMapping: 0.291700 ms MarkObjects: 8.511100 ms  DeleteObjects: 1.085300 ms)

========================================================================
Received Prepare
Registering precompiled user dll's ...
Registered in 0.003941 seconds.
Begin MonoManager ReloadAssembly
Native extension for WindowsStandalone target not found
Native extension for OSXStandalone target not found
Native extension for WebGL target not found
Refreshing native plugins compatible for Editor in 4.16 ms, found 0 plugins.
Preloading 0 native plugins for Editor in 0.00 ms.
Invoked RoslynAnalysisRunner static constructor.
RoslynAnalysisRunner will not be running.
RoslynAnalysisRunner has terminated.
Mono: successfully reloaded assembly
- Completed reload, in 29.153 seconds
Platform modules already initialized, skipping
Shader 'Universal Render Pipeline/Particles/Lit': fallback shader 'Universal Render Pipeline/Particles/SimpleLit' not found
Refreshing native plugins compatible for Editor in 8.60 ms, found 0 plugins.
Preloading 0 native plugins for Editor in 0.00 ms.
Unloading 2940 Unused Serialized files (Serialized files now loaded: 0)
System memory in use before: 134.6 MB.
System memory in use after: 134.9 MB.

Unloading 5 unused Assets to reduce memory usage. Loaded Objects now: 3569.
Total: 56.341000 ms (FindLiveObjects: 14.129100 ms CreateObjectMapping: 10.643900 ms MarkObjects: 29.917900 ms  DeleteObjects: 1.645200 ms)

========================================================================
Received Prepare
Registering precompiled user dll's ...
Registered in 0.028972 seconds.
Begin MonoManager ReloadAssembly
Native extension for WindowsStandalone target not found
Native extension for OSXStandalone target not found
Native extension for WebGL target not found
Refreshing native plugins compatible for Editor in 1.03 ms, found 0 plugins.
Preloading 0 native plugins for Editor in 0.00 ms.
Invoked RoslynAnalysisRunner static constructor.
RoslynAnalysisRunner will not be running.
RoslynAnalysisRunner has terminated.
Mono: successfully reloaded assembly
- Completed reload, in  2.937 seconds
Platform modules already initialized, skipping
Shader 'Universal Render Pipeline/Particles/Lit': fallback shader 'Universal Render Pipeline/Particles/SimpleLit' not found
Refreshing native plugins compatible for Editor in 0.72 ms, found 0 plugins.
Preloading 0 native plugins for Editor in 0.00 ms.
Unloading 2940 Unused Serialized files (Serialized files now loaded: 0)
System memory in use before: 134.6 MB.
System memory in use after: 134.9 MB.

Unloading 5 unused Assets to reduce memory usage. Loaded Objects now: 3572.
Total: 3.953500 ms (FindLiveObjects: 0.462900 ms CreateObjectMapping: 0.305800 ms MarkObjects: 3.087900 ms  DeleteObjects: 0.094800 ms)

========================================================================
Received Prepare
Registering precompiled user dll's ...
Registered in 0.005536 seconds.
Begin MonoManager ReloadAssembly
Native extension for WindowsStandalone target not found
Native extension for OSXStandalone target not found
Native extension for WebGL target not found
Refreshing native plugins compatible for Editor in 2.04 ms, found 0 plugins.
Preloading 0 native plugins for Editor in 0.00 ms.
Invoked RoslynAnalysisRunner static constructor.
RoslynAnalysisRunner will not be running.
RoslynAnalysisRunner has terminated.
Mono: successfully reloaded assembly
- Completed reload, in  2.148 seconds
Platform modules already initialized, skipping
Shader 'Universal Render Pipeline/Particles/Lit': fallback shader 'Universal Render Pipeline/Particles/SimpleLit' not found
Refreshing native plugins compatible for Editor in 0.76 ms, found 0 plugins.
Preloading 0 native plugins for Editor in 0.00 ms.
Unloading 2940 Unused Serialized files (Serialized files now loaded: 0)
System memory in use before: 134.6 MB.
System memory in use after: 134.9 MB.

Unloading 5 unused Assets to reduce memory usage. Loaded Objects now: 3575.
Total: 7.079800 ms (FindLiveObjects: 0.692900 ms CreateObjectMapping: 0.295300 ms MarkObjects: 4.293400 ms  DeleteObjects: 1.794700 ms)

========================================================================
Received Prepare
Registering precompiled user dll's ...
Registered in 0.029310 seconds.
Begin MonoManager ReloadAssembly
Native extension for WindowsStandalone target not found
Native extension for OSXStandalone target not found
Native extension for WebGL target not found
Refreshing native plugins compatible for Editor in 1.20 ms, found 0 plugins.
Preloading 0 native plugins for Editor in 0.00 ms.
Invoked RoslynAnalysisRunner static constructor.
RoslynAnalysisRunner will not be running.
RoslynAnalysisRunner has terminated.
Mono: successfully reloaded assembly
- Completed reload, in  5.985 seconds
Platform modules already initialized, skipping
Shader 'Universal Render Pipeline/Particles/Lit': fallback shader 'Universal Render Pipeline/Particles/SimpleLit' not found
Refreshing native plugins compatible for Editor in 0.85 ms, found 0 plugins.
Preloading 0 native plugins for Editor in 0.00 ms.
Unloading 2940 Unused Serialized files (Serialized files now loaded: 0)
System memory in use before: 134.6 MB.
System memory in use after: 134.9 MB.

Unloading 5 unused Assets to reduce memory usage. Loaded Objects now: 3578.
Total: 5.590800 ms (FindLiveObjects: 0.468700 ms CreateObjectMapping: 0.281100 ms MarkObjects: 4.636100 ms  DeleteObjects: 0.202400 ms)

========================================================================
Received Import Request.
  Time since last request: 1373.718660 seconds.
  path: Assets/Script/Cristais/cristais_novos.fbx
  artifactKey: Guid(978fef80a5ca8234baee67716970ab10) Importer(815301076,1909f56bfc062723c751e8b465ee728b)
Start importing Assets/Script/Cristais/cristais_novos.fbx using Guid(978fef80a5ca8234baee67716970ab10) Importer(815301076,1909f56bfc062723c751e8b465ee728b)  -> (artifact id: '9d26058a4652760935566fbd55aff91d') in 0.965880 seconds
  Import took 0.988951 seconds .

========================================================================
Received Prepare
Registering precompiled user dll's ...
Registered in 0.007182 seconds.
Begin MonoManager ReloadAssembly
Native extension for WindowsStandalone target not found
Native extension for OSXStandalone target not found
Native extension for WebGL target not found
Refreshing native plugins compatible for Editor in 1.43 ms, found 0 plugins.
Preloading 0 native plugins for Editor in 0.00 ms.
Invoked RoslynAnalysisRunner static constructor.
RoslynAnalysisRunner will not be running.
RoslynAnalysisRunner has terminated.
Mono: successfully reloaded assembly
- Completed reload, in 19.324 seconds
Platform modules already initialized, skipping
Shader 'Universal Render Pipeline/Particles/Lit': fallback shader 'Universal Render Pipeline/Particles/SimpleLit' not found
Refreshing native plugins compatible for Editor in 0.71 ms, found 0 plugins.
Preloading 0 native plugins for Editor in 0.00 ms.
Unloading 2940 Unused Serialized files (Serialized files now loaded: 0)
System memory in use before: 137.2 MB.
System memory in use after: 137.4 MB.

Unloading 5 unused Assets to reduce memory usage. Loaded Objects now: 3627.
Total: 13.023100 ms (FindLiveObjects: 1.637100 ms CreateObjectMapping: 0.683300 ms MarkObjects: 10.545500 ms  DeleteObjects: 0.130800 ms)

========================================================================
Received Prepare
Registering precompiled user dll's ...
Registered in 0.002299 seconds.
Begin MonoManager ReloadAssembly
Native extension for WindowsStandalone target not found
Native extension for OSXStandalone target not found
Native extension for WebGL target not found
Refreshing native plugins compatible for Editor in 1.06 ms, found 0 plugins.
Preloading 0 native plugins for Editor in 0.00 ms.
Invoked RoslynAnalysisRunner static constructor.
RoslynAnalysisRunner will not be running.
RoslynAnalysisRunner has terminated.
Mono: successfully reloaded assembly
- Completed reload, in  2.470 seconds
Platform modules already initialized, skipping
Shader 'Universal Render Pipeline/Particles/Lit': fallback shader 'Universal Render Pipeline/Particles/SimpleLit' not found
Refreshing native plugins compatible for Editor in 0.98 ms, found 0 plugins.
Preloading 0 native plugins for Editor in 0.00 ms.
Unloading 2940 Unused Serialized files (Serialized files now loaded: 0)
System memory in use before: 137.2 MB.
System memory in use after: 137.4 MB.

Unloading 5 unused Assets to reduce memory usage. Loaded Objects now: 3630.
Total: 4.194000 ms (FindLiveObjects: 0.433200 ms CreateObjectMapping: 0.259800 ms MarkObjects: 3.457900 ms  DeleteObjects: 0.040900 ms)

========================================================================
Received Prepare
Registering precompiled user dll's ...
Registered in 0.005584 seconds.
Begin MonoManager ReloadAssembly
Native extension for WindowsStandalone target not found
Native extension for OSXStandalone target not found
Native extension for WebGL target not found
Refreshing native plugins compatible for Editor in 12.46 ms, found 0 plugins.
Preloading 0 native plugins for Editor in 0.00 ms.
Invoked RoslynAnalysisRunner static constructor.
RoslynAnalysisRunner will not be running.
RoslynAnalysisRunner has terminated.
Mono: successfully reloaded assembly
- Completed reload, in 24.712 seconds
Platform modules already initialized, skipping
Shader 'Universal Render Pipeline/Particles/Lit': fallback shader 'Universal Render Pipeline/Particles/SimpleLit' not found
Refreshing native plugins compatible for Editor in 0.69 ms, found 0 plugins.
Preloading 0 native plugins for Editor in 0.00 ms.
Unloading 2940 Unused Serialized files (Serialized files now loaded: 0)
System memory in use before: 137.2 MB.
System memory in use after: 137.4 MB.

Unloading 5 unused Assets to reduce memory usage. Loaded Objects now: 3633.
Total: 10.244700 ms (FindLiveObjects: 0.558800 ms CreateObjectMapping: 0.267500 ms MarkObjects: 9.358700 ms  DeleteObjects: 0.056800 ms)

========================================================================
Received Prepare
Registering precompiled user dll's ...
Registered in 0.002591 seconds.
Begin MonoManager ReloadAssembly
Native extension for WindowsStandalone target not found
Native extension for OSXStandalone target not found
Native extension for WebGL target not found
Refreshing native plugins compatible for Editor in 0.69 ms, found 0 plugins.
Preloading 0 native plugins for Editor in 0.00 ms.
Invoked RoslynAnalysisRunner static constructor.
RoslynAnalysisRunner will not be running.
RoslynAnalysisRunner has terminated.
Mono: successfully reloaded assembly
- Completed reload, in  2.058 seconds
Platform modules already initialized, skipping
Shader 'Universal Render Pipeline/Particles/Lit': fallback shader 'Universal Render Pipeline/Particles/SimpleLit' not found
Refreshing native plugins compatible for Editor in 0.67 ms, found 0 plugins.
Preloading 0 native plugins for Editor in 0.00 ms.
Unloading 2940 Unused Serialized files (Serialized files now loaded: 0)
System memory in use before: 137.2 MB.
System memory in use after: 137.4 MB.

Unloading 5 unused Assets to reduce memory usage. Loaded Objects now: 3636.
Total: 3.604600 ms (FindLiveObjects: 0.428900 ms CreateObjectMapping: 0.259800 ms MarkObjects: 2.866800 ms  DeleteObjects: 0.047600 ms)

========================================================================
Received Import Request.
  Time since last request: 688.835656 seconds.
  path: Assets/Scenes/fase2/LightingData.asset
  artifactKey: Guid(d0bdecb489693774396e16df758385cd) Importer(815301076,1909f56bfc062723c751e8b465ee728b)
Start importing Assets/Scenes/fase2/LightingData.asset using Guid(d0bdecb489693774396e16df758385cd) Importer(815301076,1909f56bfc062723c751e8b465ee728b)  -> (artifact id: 'd01d7194ee94602e75da1947adbebbbc') in 0.181994 seconds
  Import took 0.212793 seconds .

========================================================================
Received Import Request.
  Time since last request: 1.671699 seconds.
  path: Assets/Scenes/fase2.unity
  artifactKey: Guid(9e24a45828a8cee4fb5789e588d30253) Importer(815301076,1909f56bfc062723c751e8b465ee728b)
Start importing Assets/Scenes/fase2.unity using Guid(9e24a45828a8cee4fb5789e588d30253) Importer(815301076,1909f56bfc062723c751e8b465ee728b)  -> (artifact id: '8a81d0c2240edf8bf43967ec7bb8b5a4') in 0.044654 seconds
  Import took 0.057428 seconds .

========================================================================
Received Import Request.
  Time since last request: 301.881085 seconds.
  path: Assets/Scenes/fase1.unity
  artifactKey: Guid(b8dad69a6bb8bbf469e2194999d7de86) Importer(815301076,1909f56bfc062723c751e8b465ee728b)
Start importing Assets/Scenes/fase1.unity using Guid(b8dad69a6bb8bbf469e2194999d7de86) Importer(815301076,1909f56bfc062723c751e8b465ee728b)  -> (artifact id: '3b170cdd186d250b2c42f3f874fff2de') in 1.870040 seconds
  Import took 4.822819 seconds .

========================================================================
Received Prepare
Registering precompiled user dll's ...
Registered in 0.013833 seconds.
Begin MonoManager ReloadAssembly
Native extension for WindowsStandalone target not found
Native extension for OSXStandalone target not found
Native extension for WebGL target not found
Refreshing native plugins compatible for Editor in 3.50 ms, found 0 plugins.
Preloading 0 native plugins for Editor in 0.00 ms.
Invoked RoslynAnalysisRunner static constructor.
RoslynAnalysisRunner will not be running.
RoslynAnalysisRunner has terminated.
Mono: successfully reloaded assembly
- Completed reload, in 11.111 seconds
Platform modules already initialized, skipping
Shader 'Universal Render Pipeline/Particles/Lit': fallback shader 'Universal Render Pipeline/Particles/SimpleLit' not found
Refreshing native plugins compatible for Editor in 1.11 ms, found 0 plugins.
Preloading 0 native plugins for Editor in 0.00 ms.
Unloading 2939 Unused Serialized files (Serialized files now loaded: 0)
System memory in use before: 137.2 MB.
System memory in use after: 137.4 MB.

Unloading 6 unused Assets to reduce memory usage. Loaded Objects now: 3638.
Total: 201.772800 ms (FindLiveObjects: 26.298800 ms CreateObjectMapping: 3.012700 ms MarkObjects: 143.226700 ms  DeleteObjects: 29.226600 ms)

========================================================================
Received Import Request.
  Time since last request: 768.277391 seconds.
  path: Assets/Scenes/fase1.unity
  artifactKey: Guid(b8dad69a6bb8bbf469e2194999d7de86) Importer(815301076,1909f56bfc062723c751e8b465ee728b)
Start importing Assets/Scenes/fase1.unity using Guid(b8dad69a6bb8bbf469e2194999d7de86) Importer(815301076,1909f56bfc062723c751e8b465ee728b)  -> (artifact id: '1c7d31d372369a4d5314ff8d5d1ae601') in 0.067742 seconds
  Import took 0.106206 seconds .

========================================================================
Received Prepare
Registering precompiled user dll's ...
Registered in 0.002595 seconds.
Begin MonoManager ReloadAssembly
Native extension for WindowsStandalone target not found
Native extension for OSXStandalone target not found
Native extension for WebGL target not found
Refreshing native plugins compatible for Editor in 1.57 ms, found 0 plugins.
Preloading 0 native plugins for Editor in 0.00 ms.
Invoked RoslynAnalysisRunner static constructor.
RoslynAnalysisRunner will not be running.
RoslynAnalysisRunner has terminated.
Mono: successfully reloaded assembly
- Completed reload, in  3.795 seconds
Platform modules already initialized, skipping
Shader 'Universal Render Pipeline/Particles/Lit': fallback shader 'Universal Render Pipeline/Particles/SimpleLit' not found
Refreshing native plugins compatible for Editor in 0.95 ms, found 0 plugins.
Preloading 0 native plugins for Editor in 0.00 ms.
Unloading 2939 Unused Serialized files (Serialized files now loaded: 0)
System memory in use before: 137.2 MB.
System memory in use after: 137.4 MB.

Unloading 5 unused Assets to reduce memory usage. Loaded Objects now: 3641.
Total: 9.958400 ms (FindLiveObjects: 0.659700 ms CreateObjectMapping: 0.335800 ms MarkObjects: 8.902600 ms  DeleteObjects: 0.056600 ms)

========================================================================
Received Prepare
Registering precompiled user dll's ...
Registered in 0.013898 seconds.
Begin MonoManager ReloadAssembly
Native extension for WindowsStandalone target not found
Native extension for OSXStandalone target not found
Native extension for WebGL target not found
Refreshing native plugins compatible for Editor in 6.72 ms, found 0 plugins.
Preloading 0 native plugins for Editor in 0.00 ms.
Invoked RoslynAnalysisRunner static constructor.
RoslynAnalysisRunner will not be running.
RoslynAnalysisRunner has terminated.
Mono: successfully reloaded assembly
- Completed reload, in 19.658 seconds
Platform modules already initialized, skipping
Shader 'Universal Render Pipeline/Particles/Lit': fallback shader 'Universal Render Pipeline/Particles/SimpleLit' not found
Refreshing native plugins compatible for Editor in 3.50 ms, found 0 plugins.
Preloading 0 native plugins for Editor in 0.00 ms.
Unloading 2939 Unused Serialized files (Serialized files now loaded: 0)
System memory in use before: 137.2 MB.
System memory in use after: 137.4 MB.

Unloading 5 unused Assets to reduce memory usage. Loaded Objects now: 3644.
Total: 381.071000 ms (FindLiveObjects: 21.719100 ms CreateObjectMapping: 16.018200 ms MarkObjects: 333.444700 ms  DeleteObjects: 9.885000 ms)

========================================================================
Received Import Request.
  Time since last request: 110.716747 seconds.
  path: Assets/Script/UIController.cs
  artifactKey: Guid(851e83fda802bc643a5be04baf20782a) Importer(815301076,1909f56bfc062723c751e8b465ee728b)
Start importing Assets/Script/UIController.cs using Guid(851e83fda802bc643a5be04baf20782a) Importer(815301076,1909f56bfc062723c751e8b465ee728b)  -> (artifact id: '56bcf8ffcab18486c05a413711f641fa') in 1.381215 seconds
  Import took 1.513578 seconds .

========================================================================
Received Import Request.
  Time since last request: 0.001829 seconds.
  path: Assets/Script/Carro
  artifactKey: Guid(6b36b5c60f62c0d488cf74758f4b5c49) Importer(815301076,1909f56bfc062723c751e8b465ee728b)
Start importing Assets/Script/Carro using Guid(6b36b5c60f62c0d488cf74758f4b5c49) Importer(815301076,1909f56bfc062723c751e8b465ee728b)  -> (artifact id: '80f5f086a7bd374718f8eea27f750c4f') in 0.411240 seconds
  Import took 0.473543 seconds .

========================================================================
Received Import Request.
  Time since last request: 0.000367 seconds.
  path: Assets/Script/Sounds.cs
  artifactKey: Guid(4df6accc403d81c4bb5b525cf8f18cd2) Importer(815301076,1909f56bfc062723c751e8b465ee728b)
Start importing Assets/Script/Sounds.cs using Guid(4df6accc403d81c4bb5b525cf8f18cd2) Importer(815301076,1909f56bfc062723c751e8b465ee728b)  -> (artifact id: '5b553c47ef9a142fb85d984a4e8720fc') in 0.032538 seconds
  Import took 0.051409 seconds .

========================================================================
Received Import Request.
  Time since last request: 0.000363 seconds.
  path: Assets/Script/UItext.cs
  artifactKey: Guid(baf6a640bdba63546944dd26a3b8b6f6) Importer(815301076,1909f56bfc062723c751e8b465ee728b)
Start importing Assets/Script/UItext.cs using Guid(baf6a640bdba63546944dd26a3b8b6f6) Importer(815301076,1909f56bfc062723c751e8b465ee728b)  -> (artifact id: 'bd8b5a3b11de0854537afc79aaa48f21') in 0.021384 seconds
  Import took 0.267218 seconds .

========================================================================
Received Import Request.
  Time since last request: 0.000822 seconds.
  path: Assets/Script/PauseControl.cs
  artifactKey: Guid(6ce0dd70f7b095d4299bd0c29c994219) Importer(815301076,1909f56bfc062723c751e8b465ee728b)
Start importing Assets/Script/PauseControl.cs using Guid(6ce0dd70f7b095d4299bd0c29c994219) Importer(815301076,1909f56bfc062723c751e8b465ee728b)  -> (artifact id: '44598b4721c9f1998050b0edefb52151') in 0.245447 seconds
  Import took 0.279806 seconds .

========================================================================
Received Import Request.
  Time since last request: 0.000403 seconds.
  path: Assets/Script/Final.cs
  artifactKey: Guid(0d931f4d0e7c93a458f10d58b170bfa7) Importer(815301076,1909f56bfc062723c751e8b465ee728b)
Start importing Assets/Script/Final.cs using Guid(0d931f4d0e7c93a458f10d58b170bfa7) Importer(815301076,1909f56bfc062723c751e8b465ee728b)  -> (artifact id: 'a33a63f0ef1c2a1bcee86cafaedffb46') in 0.280468 seconds
  Import took 0.334612 seconds .

========================================================================
Received Import Request.
  Time since last request: 18.370905 seconds.
  path: Assets/Meteoros/meteoro.dae
  artifactKey: Guid(b5b1625fba4824c4192fa992e3bb6c33) Importer(815301076,1909f56bfc062723c751e8b465ee728b)
Start importing Assets/Meteoros/meteoro.dae using Guid(b5b1625fba4824c4192fa992e3bb6c33) Importer(815301076,1909f56bfc062723c751e8b465ee728b)  -> (artifact id: 'b1e78daaabc8fed7779f327259b097d6') in 1.712070 seconds
  Import took 1.734576 seconds .

========================================================================
Received Import Request.
  Time since last request: 95.291990 seconds.
  path: Assets/Script/Carro/SistemaDeVida.cs
  artifactKey: Guid(2d7d360f1cfb74d4c99b57a791da0ff7) Importer(815301076,1909f56bfc062723c751e8b465ee728b)
Start importing Assets/Script/Carro/SistemaDeVida.cs using Guid(2d7d360f1cfb74d4c99b57a791da0ff7) Importer(815301076,1909f56bfc062723c751e8b465ee728b)  -> (artifact id: 'bafe430aa4ff8f7a2c9297f3a6f08e1f') in 0.060491 seconds
  Import took 0.533611 seconds .

========================================================================
Received Prepare
The file 'UserSettings/EditorUserSettings.asset' seems to have merge conflicts. Please open it in a text editor and fix the merge.

Trying to reload asset but can't find object on disk

Registering precompiled user dll's ...
Registered in 0.031716 seconds.
Begin MonoManager ReloadAssembly
Native extension for WindowsStandalone target not found
Native extension for OSXStandalone target not found
Native extension for WebGL target not found
Refreshing native plugins compatible for Editor in 15.70 ms, found 0 plugins.
Preloading 0 native plugins for Editor in 0.00 ms.
Invoked RoslynAnalysisRunner static constructor.
RoslynAnalysisRunner will not be running.
RoslynAnalysisRunner has terminated.
Mono: successfully reloaded assembly
- Completed reload, in 10.737 seconds
Platform modules already initialized, skipping
Shader 'Universal Render Pipeline/Particles/Lit': fallback shader 'Universal Render Pipeline/Particles/SimpleLit' not found
Refreshing native plugins compatible for Editor in 1.05 ms, found 0 plugins.
Preloading 0 native plugins for Editor in 0.00 ms.
Unloading 2940 Unused Serialized files (Serialized files now loaded: 0)
System memory in use before: 137.6 MB.
System memory in use after: 137.9 MB.

Unloading 5 unused Assets to reduce memory usage. Loaded Objects now: 3717.
Total: 106.598200 ms (FindLiveObjects: 4.509700 ms CreateObjectMapping: 13.850200 ms MarkObjects: 88.142300 ms  DeleteObjects: 0.089600 ms)

========================================================================
Received Prepare
Trying to reload asset but can't find object on disk

Registering precompiled user dll's ...
Registered in 0.003248 seconds.
Begin MonoManager ReloadAssembly
Native extension for WindowsStandalone target not found
Native extension for OSXStandalone target not found
Native extension for WebGL target not found
Refreshing native plugins compatible for Editor in 1.55 ms, found 0 plugins.
Preloading 0 native plugins for Editor in 0.00 ms.
Invoked RoslynAnalysisRunner static constructor.
RoslynAnalysisRunner will not be running.
RoslynAnalysisRunner has terminated.
Mono: successfully reloaded assembly
- Completed reload, in  4.972 seconds
Platform modules already initialized, skipping
Shader 'Universal Render Pipeline/Particles/Lit': fallback shader 'Universal Render Pipeline/Particles/SimpleLit' not found
Refreshing native plugins compatible for Editor in 3.68 ms, found 0 plugins.
Preloading 0 native plugins for Editor in 0.00 ms.
Unloading 2940 Unused Serialized files (Serialized files now loaded: 0)
System memory in use before: 137.7 MB.
System memory in use after: 137.9 MB.

Unloading 5 unused Assets to reduce memory usage. Loaded Objects now: 3720.
Total: 20.427400 ms (FindLiveObjects: 2.469700 ms CreateObjectMapping: 0.725200 ms MarkObjects: 17.066300 ms  DeleteObjects: 0.124900 ms)

========================================================================
Received Prepare
Trying to reload asset but can't find object on disk

Registering precompiled user dll's ...
Registered in 0.027258 seconds.
Begin MonoManager ReloadAssembly
Native extension for WindowsStandalone target not found
Native extension for OSXStandalone target not found
Native extension for WebGL target not found
Refreshing native plugins compatible for Editor in 1.18 ms, found 0 plugins.
Preloading 0 native plugins for Editor in 0.00 ms.
Invoked RoslynAnalysisRunner static constructor.
RoslynAnalysisRunner will not be running.
RoslynAnalysisRunner has terminated.
Mono: successfully reloaded assembly
- Completed reload, in  9.286 seconds
Platform modules already initialized, skipping
Shader 'Universal Render Pipeline/Particles/Lit': fallback shader 'Universal Render Pipeline/Particles/SimpleLit' not found
Refreshing native plugins compatible for Editor in 0.75 ms, found 0 plugins.
Preloading 0 native plugins for Editor in 0.00 ms.
Unloading 2940 Unused Serialized files (Serialized files now loaded: 0)
System memory in use before: 137.7 MB.
System memory in use after: 137.9 MB.

Unloading 5 unused Assets to reduce memory usage. Loaded Objects now: 3723.
Total: 67.816100 ms (FindLiveObjects: 7.398900 ms CreateObjectMapping: 3.335800 ms MarkObjects: 57.006800 ms  DeleteObjects: 0.070400 ms)

========================================================================
Received Import Request.
  Time since last request: 508.024259 seconds.
  path: Assets/Jean_edits/follow.cs
  artifactKey: Guid(a9da66b14929c6040a734a92506daaca) Importer(815301076,1909f56bfc062723c751e8b465ee728b)
Start importing Assets/Jean_edits/follow.cs using Guid(a9da66b14929c6040a734a92506daaca) Importer(815301076,1909f56bfc062723c751e8b465ee728b)  -> (artifact id: 'c5bab4dda8ba8b370d02dc591fded710') in 0.445830 seconds
  Import took 0.673003 seconds .

========================================================================
Received Prepare
Trying to reload asset but can't find object on disk

Registering precompiled user dll's ...
Registered in 0.052533 seconds.
Begin MonoManager ReloadAssembly
Native extension for WindowsStandalone target not found
Native extension for OSXStandalone target not found
Native extension for WebGL target not found
Refreshing native plugins compatible for Editor in 0.82 ms, found 0 plugins.
Preloading 0 native plugins for Editor in 0.00 ms.
Invoked RoslynAnalysisRunner static constructor.
RoslynAnalysisRunner will not be running.
RoslynAnalysisRunner has terminated.
Mono: successfully reloaded assembly
- Completed reload, in  7.021 seconds
Platform modules already initialized, skipping
Shader 'Universal Render Pipeline/Particles/Lit': fallback shader 'Universal Render Pipeline/Particles/SimpleLit' not found
Refreshing native plugins compatible for Editor in 0.95 ms, found 0 plugins.
Preloading 0 native plugins for Editor in 0.00 ms.
Unloading 2939 Unused Serialized files (Serialized files now loaded: 0)
System memory in use before: 137.6 MB.
System memory in use after: 137.9 MB.

Unloading 6 unused Assets to reduce memory usage. Loaded Objects now: 3725.
Total: 39.139400 ms (FindLiveObjects: 2.774600 ms CreateObjectMapping: 0.657500 ms MarkObjects: 34.257000 ms  DeleteObjects: 1.446800 ms)

========================================================================
Received Prepare
Trying to reload asset but can't find object on disk

Registering precompiled user dll's ...
Registered in 0.039579 seconds.
Begin MonoManager ReloadAssembly
Native extension for WindowsStandalone target not found
Native extension for OSXStandalone target not found
Native extension for WebGL target not found
Refreshing native plugins compatible for Editor in 1.62 ms, found 0 plugins.
Preloading 0 native plugins for Editor in 0.00 ms.
Invoked RoslynAnalysisRunner static constructor.
RoslynAnalysisRunner will not be running.
RoslynAnalysisRunner has terminated.
Mono: successfully reloaded assembly
- Completed reload, in  5.008 seconds
Platform modules already initialized, skipping
Switching render pipeline c22d49e1f1e95e6438162762b5251acc -> 00000000000000000000000000000000
Shader 'Universal Render Pipeline/Particles/Lit': fallback shader 'Universal Render Pipeline/Particles/SimpleLit' not found
Refreshing native plugins compatible for Editor in 0.65 ms, found 0 plugins.
Preloading 0 native plugins for Editor in 0.00 ms.
Unloading 2940 Unused Serialized files (Serialized files now loaded: 0)
System memory in use before: 137.6 MB.
System memory in use after: 137.9 MB.

Unloading 5 unused Assets to reduce memory usage. Loaded Objects now: 3729.
Total: 51.460600 ms (FindLiveObjects: 6.127500 ms CreateObjectMapping: 0.851300 ms MarkObjects: 44.405400 ms  DeleteObjects: 0.073800 ms)

========================================================================
Received Import Request.
  Time since last request: 704.295306 seconds.
  path: Assets/Prefab/meteoro.prefab
  artifactKey: Guid(4dc442a77f56a2f44a48494048fc6b22) Importer(815301076,1909f56bfc062723c751e8b465ee728b)
Start importing Assets/Prefab/meteoro.prefab using Guid(4dc442a77f56a2f44a48494048fc6b22) Importer(815301076,1909f56bfc062723c751e8b465ee728b)  -> (artifact id: '4cbed52713c1b838c8f770bab82bf848') in 0.450648 seconds
  Import took 0.473784 seconds .

========================================================================
Received Prepare
Trying to reload asset but can't find object on disk

Registering precompiled user dll's ...
Registered in 0.010991 seconds.
Begin MonoManager ReloadAssembly
Native extension for WindowsStandalone target not found
Native extension for OSXStandalone target not found
Native extension for WebGL target not found
Refreshing native plugins compatible for Editor in 3.16 ms, found 0 plugins.
Preloading 0 native plugins for Editor in 0.00 ms.
Invoked RoslynAnalysisRunner static constructor.
RoslynAnalysisRunner will not be running.
RoslynAnalysisRunner has terminated.
Mono: successfully reloaded assembly
- Completed reload, in  5.751 seconds
Platform modules already initialized, skipping
Shader 'Universal Render Pipeline/Particles/Lit': fallback shader 'Universal Render Pipeline/Particles/SimpleLit' not found
Refreshing native plugins compatible for Editor in 46.25 ms, found 0 plugins.
Preloading 0 native plugins for Editor in 0.00 ms.
Unloading 2940 Unused Serialized files (Serialized files now loaded: 0)
System memory in use before: 137.7 MB.
System memory in use after: 138.0 MB.

Unloading 5 unused Assets to reduce memory usage. Loaded Objects now: 3733.
Total: 24.208900 ms (FindLiveObjects: 1.678900 ms CreateObjectMapping: 0.454900 ms MarkObjects: 22.003300 ms  DeleteObjects: 0.067500 ms)

AssetImportWorkerClient::OnTransportError - code=2 error=End of file
