Using pre-set license
Built from '2020.3/staging' branch; Version is '2020.3.3f1 (76626098c1c4) revision 7758432'; Using compiler version '192528614'; Build Type 'Release'
OS: 'Windows 10 Home Single Language; OS build 19041.928; Version 2004; 64bit' Language: 'pt' Physical Memory: 3971 MB
BatchMode: 1, IsHumanControllingUs: 0, StartBugReporterOnCrash: 0, Is64bit: 1, IsPro: 0

 COMMAND LINE ARGUMENTS:
C:\Program Files\Unity\Hub\Editor\2020.3.3f1\Editor\Unity.exe
-adb2
-batchMode
-noUpm
-name
AssetImportWorker1
-projectPath
C:/Users/55319/Documents/GitHub/Martian-Highway
-logFile
Logs/AssetImportWorker1.log
-srvPort
63198
Successfully changed project path to: C:/Users/55319/Documents/GitHub/Martian-Highway
C:/Users/55319/Documents/GitHub/Martian-Highway
Using Asset Import Pipeline V2.
Refreshing native plugins compatible for Editor in 104.62 ms, found 0 plugins.
Preloading 0 native plugins for Editor in 0.00 ms.
Initialize engine version: 2020.3.3f1 (76626098c1c4)
[Subsystems] Discovering subsystems at path C:/Program Files/Unity/Hub/Editor/2020.3.3f1/Editor/Data/Resources/UnitySubsystems
[Subsystems] Discovering subsystems at path C:/Users/55319/Documents/GitHub/Martian-Highway/Assets
GfxDevice: creating device client; threaded=0
Direct3D:
    Version:  Direct3D 11.0 [level 11.1]
    Renderer: Intel(R) HD Graphics 620 (ID=0x5921)
    Vendor:   
    VRAM:     1985 MB
    Driver:   26.20.100.6911
Shader 'Universal Render Pipeline/Particles/Lit': fallback shader 'Universal Render Pipeline/Particles/SimpleLit' not found
Initialize mono
Mono path[0] = 'C:/Program Files/Unity/Hub/Editor/2020.3.3f1/Editor/Data/Managed'
Mono path[1] = 'C:/Program Files/Unity/Hub/Editor/2020.3.3f1/Editor/Data/MonoBleedingEdge/lib/mono/unityjit'
Mono config path = 'C:/Program Files/Unity/Hub/Editor/2020.3.3f1/Editor/Data/MonoBleedingEdge/etc'
Using monoOptions --debugger-agent=transport=dt_socket,embedding=1,server=y,suspend=n,address=127.0.0.1:56612
Begin MonoManager ReloadAssembly
Registering precompiled unity dll's ...
Register platform support module: C:/Program Files/Unity/Hub/Editor/2020.3.3f1/Editor/Data/PlaybackEngines/MacStandaloneSupport/UnityEditor.OSXStandalone.Extensions.dll
Register platform support module: C:/Program Files/Unity/Hub/Editor/2020.3.3f1/Editor/Data/PlaybackEngines/WindowsStandaloneSupport/UnityEditor.WindowsStandalone.Extensions.dll
Registered in 0.011036 seconds.
Native extension for WindowsStandalone target not found
Native extension for OSXStandalone target not found
Refreshing native plugins compatible for Editor in 87.46 ms, found 0 plugins.
Preloading 0 native plugins for Editor in 0.00 ms.
Invoked RoslynAnalysisRunner static constructor.
RoslynAnalysisRunner will not be running.
RoslynAnalysisRunner has terminated.
Mono: successfully reloaded assembly
- Completed reload, in  8.344 seconds
Platform modules already initialized, skipping
Registering precompiled user dll's ...
Registered in 0.008382 seconds.
Begin MonoManager ReloadAssembly
Native extension for WindowsStandalone target not found
Native extension for OSXStandalone target not found
Refreshing native plugins compatible for Editor in 80.81 ms, found 0 plugins.
Preloading 0 native plugins for Editor in 0.00 ms.
Invoked RoslynAnalysisRunner static constructor.
RoslynAnalysisRunner will not be running.
RoslynAnalysisRunner has terminated.
Mono: successfully reloaded assembly
- Completed reload, in  2.071 seconds
Platform modules already initialized, skipping
========================================================================
Worker process is ready to serve import requests
Shader 'Universal Render Pipeline/Particles/Lit': fallback shader 'Universal Render Pipeline/Particles/SimpleLit' not found
Launched and connected shader compiler UnityShaderCompiler.exe after 0.23 seconds
Refreshing native plugins compatible for Editor in 0.52 ms, found 0 plugins.
Preloading 0 native plugins for Editor in 0.00 ms.
Unloading 2383 Unused Serialized files (Serialized files now loaded: 0)
System memory in use before: 186.7 MB.
System memory in use after: 186.9 MB.

Unloading 10 unused Assets to reduce memory usage. Loaded Objects now: 2843.
Total: 5.372800 ms (FindLiveObjects: 0.742400 ms CreateObjectMapping: 0.469500 ms MarkObjects: 3.958300 ms  DeleteObjects: 0.199200 ms)

========================================================================
Received Import Request.
  path: Assets/Scenes/win.unity
  artifactKey: Guid(431f805ffb4c13140b8d12774e7c34ad) Importer(815301076,1909f56bfc062723c751e8b465ee728b)
Start importing Assets/Scenes/win.unity using Guid(431f805ffb4c13140b8d12774e7c34ad) Importer(815301076,1909f56bfc062723c751e8b465ee728b)  -> (artifact id: '58cb944ade20ff666cf8e272c67108bd') in 0.067660 seconds
  Import took 0.093616 seconds .

========================================================================
Received Import Request.
  Time since last request: 0.000438 seconds.
  path: Assets/Scenes/fase1.unity
  artifactKey: Guid(b8dad69a6bb8bbf469e2194999d7de86) Importer(815301076,1909f56bfc062723c751e8b465ee728b)
Start importing Assets/Scenes/fase1.unity using Guid(b8dad69a6bb8bbf469e2194999d7de86) Importer(815301076,1909f56bfc062723c751e8b465ee728b)  -> (artifact id: '6a43202fcc0ba18d5bfd7acd2155f74e') in 0.071912 seconds
  Import took 0.092093 seconds .

========================================================================
Received Import Request.
  Time since last request: 2211.202632 seconds.
  path: Assets/Scenes/Menu/SliderV.cs
  artifactKey: Guid(ffd038ad2a1f6e544b0f488347851761) Importer(815301076,1909f56bfc062723c751e8b465ee728b)
Start importing Assets/Scenes/Menu/SliderV.cs using Guid(ffd038ad2a1f6e544b0f488347851761) Importer(815301076,1909f56bfc062723c751e8b465ee728b)  -> (artifact id: 'b9d945416186d482893b1c4954bb0410') in 0.310579 seconds
  Import took 4.527652 seconds .

========================================================================
Received Prepare
Registering precompiled user dll's ...
Registered in 0.004127 seconds.
Begin MonoManager ReloadAssembly
Native extension for WindowsStandalone target not found
Native extension for OSXStandalone target not found
Refreshing native plugins compatible for Editor in 1.72 ms, found 0 plugins.
Preloading 0 native plugins for Editor in 0.00 ms.
Invoked RoslynAnalysisRunner static constructor.
RoslynAnalysisRunner will not be running.
RoslynAnalysisRunner has terminated.
Mono: successfully reloaded assembly
- Completed reload, in  2.921 seconds
Platform modules already initialized, skipping
Shader 'Universal Render Pipeline/Particles/Lit': fallback shader 'Universal Render Pipeline/Particles/SimpleLit' not found
Refreshing native plugins compatible for Editor in 4.17 ms, found 0 plugins.
Preloading 0 native plugins for Editor in 0.00 ms.
Unloading 2324 Unused Serialized files (Serialized files now loaded: 0)
System memory in use before: 181.5 MB.
System memory in use after: 181.7 MB.

Unloading 5 unused Assets to reduce memory usage. Loaded Objects now: 2847.
Total: 21.986600 ms (FindLiveObjects: 1.083800 ms CreateObjectMapping: 1.334200 ms MarkObjects: 19.388600 ms  DeleteObjects: 0.175200 ms)

========================================================================
Received Import Request.
  Time since last request: 896.643666 seconds.
  path: Assets/Scenes/Menu/Vslider.mixer
  artifactKey: Guid(ef2411c855685b048a18672906cf8b8d) Importer(815301076,1909f56bfc062723c751e8b465ee728b)
Start importing Assets/Scenes/Menu/Vslider.mixer using Guid(ef2411c855685b048a18672906cf8b8d) Importer(815301076,1909f56bfc062723c751e8b465ee728b)  -> (artifact id: 'd15a579cc32790fa526c83cb3373b035') in 2.274471 seconds
  Import took 3.228214 seconds .

========================================================================
Received Prepare
Registering precompiled user dll's ...
Registered in 0.002989 seconds.
Begin MonoManager ReloadAssembly
Native extension for WindowsStandalone target not found
Native extension for OSXStandalone target not found
Refreshing native plugins compatible for Editor in 1.55 ms, found 0 plugins.
Preloading 0 native plugins for Editor in 0.00 ms.
Invoked RoslynAnalysisRunner static constructor.
RoslynAnalysisRunner will not be running.
RoslynAnalysisRunner has terminated.
Mono: successfully reloaded assembly
- Completed reload, in  2.991 seconds
Platform modules already initialized, skipping
Shader 'Universal Render Pipeline/Particles/Lit': fallback shader 'Universal Render Pipeline/Particles/SimpleLit' not found
Refreshing native plugins compatible for Editor in 0.55 ms, found 0 plugins.
Preloading 0 native plugins for Editor in 0.00 ms.
Unloading 2323 Unused Serialized files (Serialized files now loaded: 0)
System memory in use before: 181.5 MB.
System memory in use after: 181.7 MB.

Unloading 5 unused Assets to reduce memory usage. Loaded Objects now: 2850.
Total: 34.120100 ms (FindLiveObjects: 1.600200 ms CreateObjectMapping: 0.245000 ms MarkObjects: 32.231700 ms  DeleteObjects: 0.040000 ms)

========================================================================
Received Import Request.
  Time since last request: 659.269672 seconds.
  path: Assets/Scenes/Menu/SetCtrl.cs
  artifactKey: Guid(d96cb5d4c2e069e41bc64def917dc11b) Importer(815301076,1909f56bfc062723c751e8b465ee728b)
Start importing Assets/Scenes/Menu/SetCtrl.cs using Guid(d96cb5d4c2e069e41bc64def917dc11b) Importer(815301076,1909f56bfc062723c751e8b465ee728b)  -> (artifact id: '215f3c659427a53c74110bbd03bd8345') in 0.644889 seconds
  Import took 1.182483 seconds .

========================================================================
Received Prepare
Registering precompiled user dll's ...
Registered in 0.002333 seconds.
Begin MonoManager ReloadAssembly
Native extension for WindowsStandalone target not found
Native extension for OSXStandalone target not found
Refreshing native plugins compatible for Editor in 4.66 ms, found 0 plugins.
Preloading 0 native plugins for Editor in 0.00 ms.
Invoked RoslynAnalysisRunner static constructor.
RoslynAnalysisRunner will not be running.
RoslynAnalysisRunner has terminated.
Mono: successfully reloaded assembly
- Completed reload, in  1.922 seconds
Platform modules already initialized, skipping
Shader 'Universal Render Pipeline/Particles/Lit': fallback shader 'Universal Render Pipeline/Particles/SimpleLit' not found
Refreshing native plugins compatible for Editor in 0.52 ms, found 0 plugins.
Preloading 0 native plugins for Editor in 0.00 ms.
Unloading 2324 Unused Serialized files (Serialized files now loaded: 0)
System memory in use before: 181.5 MB.
System memory in use after: 181.7 MB.

Unloading 5 unused Assets to reduce memory usage. Loaded Objects now: 2854.
Total: 7.160100 ms (FindLiveObjects: 0.413100 ms CreateObjectMapping: 0.361400 ms MarkObjects: 6.338300 ms  DeleteObjects: 0.044400 ms)

========================================================================
Received Prepare
Registering precompiled user dll's ...
Registered in 0.004473 seconds.
Begin MonoManager ReloadAssembly
Native extension for WindowsStandalone target not found
Native extension for OSXStandalone target not found
Refreshing native plugins compatible for Editor in 0.65 ms, found 0 plugins.
Preloading 0 native plugins for Editor in 0.00 ms.
Invoked RoslynAnalysisRunner static constructor.
RoslynAnalysisRunner will not be running.
RoslynAnalysisRunner has terminated.
Mono: successfully reloaded assembly
- Completed reload, in  1.892 seconds
Platform modules already initialized, skipping
Shader 'Universal Render Pipeline/Particles/Lit': fallback shader 'Universal Render Pipeline/Particles/SimpleLit' not found
Refreshing native plugins compatible for Editor in 0.54 ms, found 0 plugins.
Preloading 0 native plugins for Editor in 0.00 ms.
Unloading 2324 Unused Serialized files (Serialized files now loaded: 0)
System memory in use before: 181.5 MB.
System memory in use after: 181.7 MB.

Unloading 5 unused Assets to reduce memory usage. Loaded Objects now: 2857.
Total: 23.148700 ms (FindLiveObjects: 1.092100 ms CreateObjectMapping: 0.323200 ms MarkObjects: 21.686100 ms  DeleteObjects: 0.045100 ms)

========================================================================
Received Prepare
Registering precompiled user dll's ...
Registered in 0.021821 seconds.
Begin MonoManager ReloadAssembly
Native extension for WindowsStandalone target not found
Native extension for OSXStandalone target not found
Refreshing native plugins compatible for Editor in 1.32 ms, found 0 plugins.
Preloading 0 native plugins for Editor in 0.00 ms.
Invoked RoslynAnalysisRunner static constructor.
RoslynAnalysisRunner will not be running.
RoslynAnalysisRunner has terminated.
Mono: successfully reloaded assembly
- Completed reload, in  2.858 seconds
Platform modules already initialized, skipping
Shader 'Universal Render Pipeline/Particles/Lit': fallback shader 'Universal Render Pipeline/Particles/SimpleLit' not found
Refreshing native plugins compatible for Editor in 5.49 ms, found 0 plugins.
Preloading 0 native plugins for Editor in 0.00 ms.
Unloading 2324 Unused Serialized files (Serialized files now loaded: 0)
System memory in use before: 181.4 MB.
System memory in use after: 181.7 MB.

Unloading 5 unused Assets to reduce memory usage. Loaded Objects now: 2860.
Total: 11.320600 ms (FindLiveObjects: 0.766000 ms CreateObjectMapping: 0.308300 ms MarkObjects: 10.186600 ms  DeleteObjects: 0.055400 ms)

========================================================================
Received Prepare
Registering precompiled user dll's ...
Registered in 0.006691 seconds.
Begin MonoManager ReloadAssembly
Native extension for WindowsStandalone target not found
Native extension for OSXStandalone target not found
Refreshing native plugins compatible for Editor in 0.58 ms, found 0 plugins.
Preloading 0 native plugins for Editor in 0.00 ms.
Invoked RoslynAnalysisRunner static constructor.
RoslynAnalysisRunner will not be running.
RoslynAnalysisRunner has terminated.
Mono: successfully reloaded assembly
- Completed reload, in  1.896 seconds
Platform modules already initialized, skipping
Shader 'Universal Render Pipeline/Particles/Lit': fallback shader 'Universal Render Pipeline/Particles/SimpleLit' not found
Refreshing native plugins compatible for Editor in 0.55 ms, found 0 plugins.
Preloading 0 native plugins for Editor in 0.00 ms.
Unloading 2324 Unused Serialized files (Serialized files now loaded: 0)
System memory in use before: 181.6 MB.
System memory in use after: 181.8 MB.

Unloading 5 unused Assets to reduce memory usage. Loaded Objects now: 2863.
Total: 5.801900 ms (FindLiveObjects: 0.518000 ms CreateObjectMapping: 0.254100 ms MarkObjects: 4.986900 ms  DeleteObjects: 0.040600 ms)

========================================================================
Received Prepare
Registering precompiled user dll's ...
Registered in 0.002096 seconds.
Begin MonoManager ReloadAssembly
Native extension for WindowsStandalone target not found
Native extension for OSXStandalone target not found
Refreshing native plugins compatible for Editor in 0.55 ms, found 0 plugins.
Preloading 0 native plugins for Editor in 0.00 ms.
Invoked RoslynAnalysisRunner static constructor.
RoslynAnalysisRunner will not be running.
RoslynAnalysisRunner has terminated.
Mono: successfully reloaded assembly
- Completed reload, in  1.632 seconds
Platform modules already initialized, skipping
Shader 'Universal Render Pipeline/Particles/Lit': fallback shader 'Universal Render Pipeline/Particles/SimpleLit' not found
Refreshing native plugins compatible for Editor in 0.57 ms, found 0 plugins.
Preloading 0 native plugins for Editor in 0.00 ms.
Unloading 2324 Unused Serialized files (Serialized files now loaded: 0)
System memory in use before: 181.6 MB.
System memory in use after: 181.8 MB.

Unloading 5 unused Assets to reduce memory usage. Loaded Objects now: 2866.
Total: 3.958400 ms (FindLiveObjects: 0.688600 ms CreateObjectMapping: 0.265400 ms MarkObjects: 2.968800 ms  DeleteObjects: 0.033000 ms)

========================================================================
Received Import Request.
  Time since last request: 396.961260 seconds.
  path: Assets/Scenes/Menu/Vslider.mixer
  artifactKey: Guid(ef2411c855685b048a18672906cf8b8d) Importer(815301076,1909f56bfc062723c751e8b465ee728b)
Start importing Assets/Scenes/Menu/Vslider.mixer using Guid(ef2411c855685b048a18672906cf8b8d) Importer(815301076,1909f56bfc062723c751e8b465ee728b)  -> (artifact id: '2906ff4156571b5a2484c3d5c571eb9a') in 0.092566 seconds
  Import took 0.114689 seconds .

========================================================================
Received Import Request.
  Time since last request: 0.216273 seconds.
  path: Assets/Scenes/Menu/Vslider.mixer
  artifactKey: Guid(ef2411c855685b048a18672906cf8b8d) Importer(815301076,1909f56bfc062723c751e8b465ee728b)
Start importing Assets/Scenes/Menu/Vslider.mixer using Guid(ef2411c855685b048a18672906cf8b8d) Importer(815301076,1909f56bfc062723c751e8b465ee728b)  -> (artifact id: '2906ff4156571b5a2484c3d5c571eb9a') in 0.045627 seconds
  Import took 0.058088 seconds .

========================================================================
Received Prepare
Registering precompiled user dll's ...
Registered in 0.003849 seconds.
Begin MonoManager ReloadAssembly
Native extension for WindowsStandalone target not found
Native extension for OSXStandalone target not found
Refreshing native plugins compatible for Editor in 0.55 ms, found 0 plugins.
Preloading 0 native plugins for Editor in 0.00 ms.
Invoked RoslynAnalysisRunner static constructor.
RoslynAnalysisRunner will not be running.
RoslynAnalysisRunner has terminated.
Mono: successfully reloaded assembly
- Completed reload, in  1.587 seconds
Platform modules already initialized, skipping
Shader 'Universal Render Pipeline/Particles/Lit': fallback shader 'Universal Render Pipeline/Particles/SimpleLit' not found
Refreshing native plugins compatible for Editor in 0.59 ms, found 0 plugins.
Preloading 0 native plugins for Editor in 0.00 ms.
Unloading 2324 Unused Serialized files (Serialized files now loaded: 0)
System memory in use before: 181.6 MB.
System memory in use after: 181.8 MB.

Unloading 5 unused Assets to reduce memory usage. Loaded Objects now: 2869.
Total: 5.998400 ms (FindLiveObjects: 0.420100 ms CreateObjectMapping: 0.208000 ms MarkObjects: 5.244500 ms  DeleteObjects: 0.123200 ms)

========================================================================
Received Prepare
Registering precompiled user dll's ...
Registered in 0.002082 seconds.
Begin MonoManager ReloadAssembly
Native extension for WindowsStandalone target not found
Native extension for OSXStandalone target not found
Refreshing native plugins compatible for Editor in 0.53 ms, found 0 plugins.
Preloading 0 native plugins for Editor in 0.00 ms.
Invoked RoslynAnalysisRunner static constructor.
RoslynAnalysisRunner will not be running.
RoslynAnalysisRunner has terminated.
Mono: successfully reloaded assembly
- Completed reload, in  1.517 seconds
Platform modules already initialized, skipping
Shader 'Universal Render Pipeline/Particles/Lit': fallback shader 'Universal Render Pipeline/Particles/SimpleLit' not found
Refreshing native plugins compatible for Editor in 0.56 ms, found 0 plugins.
Preloading 0 native plugins for Editor in 0.00 ms.
Unloading 2324 Unused Serialized files (Serialized files now loaded: 0)
System memory in use before: 181.6 MB.
System memory in use after: 181.8 MB.

Unloading 5 unused Assets to reduce memory usage. Loaded Objects now: 2872.
Total: 3.170200 ms (FindLiveObjects: 0.357400 ms CreateObjectMapping: 0.198100 ms MarkObjects: 2.583400 ms  DeleteObjects: 0.029500 ms)

========================================================================
Received Prepare
Registering precompiled user dll's ...
Registered in 0.002884 seconds.
Begin MonoManager ReloadAssembly
Native extension for WindowsStandalone target not found
Native extension for OSXStandalone target not found
Refreshing native plugins compatible for Editor in 0.57 ms, found 0 plugins.
Preloading 0 native plugins for Editor in 0.00 ms.
Invoked RoslynAnalysisRunner static constructor.
RoslynAnalysisRunner will not be running.
RoslynAnalysisRunner has terminated.
Mono: successfully reloaded assembly
- Completed reload, in  1.576 seconds
Platform modules already initialized, skipping
Shader 'Universal Render Pipeline/Particles/Lit': fallback shader 'Universal Render Pipeline/Particles/SimpleLit' not found
Refreshing native plugins compatible for Editor in 0.86 ms, found 0 plugins.
Preloading 0 native plugins for Editor in 0.00 ms.
Unloading 2324 Unused Serialized files (Serialized files now loaded: 0)
System memory in use before: 181.5 MB.
System memory in use after: 181.7 MB.

Unloading 5 unused Assets to reduce memory usage. Loaded Objects now: 2875.
Total: 4.900500 ms (FindLiveObjects: 0.559700 ms CreateObjectMapping: 0.293500 ms MarkObjects: 4.007600 ms  DeleteObjects: 0.036800 ms)

========================================================================
Received Prepare
Registering precompiled user dll's ...
Registered in 0.006750 seconds.
Begin MonoManager ReloadAssembly
Native extension for WindowsStandalone target not found
Native extension for OSXStandalone target not found
Refreshing native plugins compatible for Editor in 0.60 ms, found 0 plugins.
Preloading 0 native plugins for Editor in 0.00 ms.
Invoked RoslynAnalysisRunner static constructor.
RoslynAnalysisRunner will not be running.
RoslynAnalysisRunner has terminated.
Mono: successfully reloaded assembly
- Completed reload, in  3.426 seconds
Platform modules already initialized, skipping
Shader 'Universal Render Pipeline/Particles/Lit': fallback shader 'Universal Render Pipeline/Particles/SimpleLit' not found
Refreshing native plugins compatible for Editor in 0.52 ms, found 0 plugins.
Preloading 0 native plugins for Editor in 0.00 ms.
Unloading 2324 Unused Serialized files (Serialized files now loaded: 0)
System memory in use before: 181.6 MB.
System memory in use after: 181.8 MB.

Unloading 5 unused Assets to reduce memory usage. Loaded Objects now: 2878.
Total: 3.446800 ms (FindLiveObjects: 0.375300 ms CreateObjectMapping: 0.164500 ms MarkObjects: 2.852800 ms  DeleteObjects: 0.049700 ms)

========================================================================
Received Prepare
Registering precompiled user dll's ...
Registered in 0.013303 seconds.
Begin MonoManager ReloadAssembly
Native extension for WindowsStandalone target not found
Native extension for OSXStandalone target not found
Refreshing native plugins compatible for Editor in 0.92 ms, found 0 plugins.
Preloading 0 native plugins for Editor in 0.00 ms.
Invoked RoslynAnalysisRunner static constructor.
RoslynAnalysisRunner will not be running.
RoslynAnalysisRunner has terminated.
Mono: successfully reloaded assembly
- Completed reload, in 10.251 seconds
Platform modules already initialized, skipping
Shader 'Universal Render Pipeline/Particles/Lit': fallback shader 'Universal Render Pipeline/Particles/SimpleLit' not found
Refreshing native plugins compatible for Editor in 2.38 ms, found 0 plugins.
Preloading 0 native plugins for Editor in 0.00 ms.
Unloading 2324 Unused Serialized files (Serialized files now loaded: 0)
System memory in use before: 181.6 MB.
System memory in use after: 181.8 MB.

Unloading 5 unused Assets to reduce memory usage. Loaded Objects now: 2881.
Total: 50.077700 ms (FindLiveObjects: 0.910000 ms CreateObjectMapping: 11.160300 ms MarkObjects: 37.971400 ms  DeleteObjects: 0.033600 ms)

========================================================================
Received Prepare
Registering precompiled user dll's ...
Registered in 0.004821 seconds.
Begin MonoManager ReloadAssembly
Native extension for WindowsStandalone target not found
Native extension for OSXStandalone target not found
Refreshing native plugins compatible for Editor in 0.54 ms, found 0 plugins.
Preloading 0 native plugins for Editor in 0.00 ms.
Invoked RoslynAnalysisRunner static constructor.
RoslynAnalysisRunner will not be running.
RoslynAnalysisRunner has terminated.
Mono: successfully reloaded assembly
- Completed reload, in  1.618 seconds
Platform modules already initialized, skipping
Shader 'Universal Render Pipeline/Particles/Lit': fallback shader 'Universal Render Pipeline/Particles/SimpleLit' not found
Refreshing native plugins compatible for Editor in 0.57 ms, found 0 plugins.
Preloading 0 native plugins for Editor in 0.00 ms.
Unloading 2324 Unused Serialized files (Serialized files now loaded: 0)
System memory in use before: 181.6 MB.
System memory in use after: 181.8 MB.

Unloading 5 unused Assets to reduce memory usage. Loaded Objects now: 2884.
Total: 3.950900 ms (FindLiveObjects: 0.376300 ms CreateObjectMapping: 0.173500 ms MarkObjects: 3.365200 ms  DeleteObjects: 0.033800 ms)

========================================================================
Received Import Request.
  Time since last request: 467.903803 seconds.
  path: Assets/Scenes/Menu/Vslider.mixer
  artifactKey: Guid(ef2411c855685b048a18672906cf8b8d) Importer(815301076,1909f56bfc062723c751e8b465ee728b)
Start importing Assets/Scenes/Menu/Vslider.mixer using Guid(ef2411c855685b048a18672906cf8b8d) Importer(815301076,1909f56bfc062723c751e8b465ee728b)  -> (artifact id: '60df07ee1d5a83b2867a565e2dbf89d6') in 0.044438 seconds
  Import took 0.056979 seconds .

========================================================================
Received Import Request.
  Time since last request: 0.080028 seconds.
  path: Assets/Scenes/Menu/Vslider.mixer
  artifactKey: Guid(ef2411c855685b048a18672906cf8b8d) Importer(815301076,1909f56bfc062723c751e8b465ee728b)
Start importing Assets/Scenes/Menu/Vslider.mixer using Guid(ef2411c855685b048a18672906cf8b8d) Importer(815301076,1909f56bfc062723c751e8b465ee728b)  -> (artifact id: '60df07ee1d5a83b2867a565e2dbf89d6') in 0.010715 seconds
  Import took 0.020446 seconds .

========================================================================
Received Prepare
Registering precompiled user dll's ...
Registered in 0.003657 seconds.
Begin MonoManager ReloadAssembly
Native extension for WindowsStandalone target not found
Native extension for OSXStandalone target not found
Refreshing native plugins compatible for Editor in 5.02 ms, found 0 plugins.
Preloading 0 native plugins for Editor in 0.00 ms.
Invoked RoslynAnalysisRunner static constructor.
RoslynAnalysisRunner will not be running.
RoslynAnalysisRunner has terminated.
Mono: successfully reloaded assembly
- Completed reload, in  7.861 seconds
Platform modules already initialized, skipping
Shader 'Universal Render Pipeline/Particles/Lit': fallback shader 'Universal Render Pipeline/Particles/SimpleLit' not found
Refreshing native plugins compatible for Editor in 10.42 ms, found 0 plugins.
Preloading 0 native plugins for Editor in 0.00 ms.
Unloading 2324 Unused Serialized files (Serialized files now loaded: 0)
System memory in use before: 181.6 MB.
System memory in use after: 181.8 MB.

Unloading 5 unused Assets to reduce memory usage. Loaded Objects now: 2887.
Total: 5.457700 ms (FindLiveObjects: 1.423800 ms CreateObjectMapping: 0.344400 ms MarkObjects: 3.654000 ms  DeleteObjects: 0.031900 ms)

========================================================================
Received Import Request.
  Time since last request: 93.939054 seconds.
  path: Assets/Scenes/Menu/Vslider.mixer
  artifactKey: Guid(ef2411c855685b048a18672906cf8b8d) Importer(815301076,1909f56bfc062723c751e8b465ee728b)
Start importing Assets/Scenes/Menu/Vslider.mixer using Guid(ef2411c855685b048a18672906cf8b8d) Importer(815301076,1909f56bfc062723c751e8b465ee728b)  -> (artifact id: 'f926ad9c9335ca759f27ae1d452db5be') in 0.047873 seconds
  Import took 0.058997 seconds .

========================================================================
Received Import Request.
  Time since last request: 0.059891 seconds.
  path: Assets/Scenes/Menu/Vslider.mixer
  artifactKey: Guid(ef2411c855685b048a18672906cf8b8d) Importer(815301076,1909f56bfc062723c751e8b465ee728b)
Start importing Assets/Scenes/Menu/Vslider.mixer using Guid(ef2411c855685b048a18672906cf8b8d) Importer(815301076,1909f56bfc062723c751e8b465ee728b)  -> (artifact id: 'f926ad9c9335ca759f27ae1d452db5be') in 0.027069 seconds
  Import took 0.035138 seconds .

========================================================================
Received Prepare
Registering precompiled user dll's ...
Registered in 0.016055 seconds.
Begin MonoManager ReloadAssembly
Native extension for WindowsStandalone target not found
Native extension for OSXStandalone target not found
Refreshing native plugins compatible for Editor in 1.05 ms, found 0 plugins.
Preloading 0 native plugins for Editor in 0.00 ms.
Invoked RoslynAnalysisRunner static constructor.
RoslynAnalysisRunner will not be running.
RoslynAnalysisRunner has terminated.
Mono: successfully reloaded assembly
- Completed reload, in  5.545 seconds
Platform modules already initialized, skipping
Shader 'Universal Render Pipeline/Particles/Lit': fallback shader 'Universal Render Pipeline/Particles/SimpleLit' not found
Refreshing native plugins compatible for Editor in 0.63 ms, found 0 plugins.
Preloading 0 native plugins for Editor in 0.00 ms.
Unloading 2324 Unused Serialized files (Serialized files now loaded: 0)
System memory in use before: 181.5 MB.
System memory in use after: 181.7 MB.

Unloading 5 unused Assets to reduce memory usage. Loaded Objects now: 2890.
Total: 7.997900 ms (FindLiveObjects: 0.940500 ms CreateObjectMapping: 0.347800 ms MarkObjects: 6.587900 ms  DeleteObjects: 0.116100 ms)

========================================================================
Received Import Request.
  Time since last request: 131.319688 seconds.
  path: Assets/Scenes/Menu/New Volume Profile.asset
  artifactKey: Guid(2ed7f57ea642ca045a731aed088726e9) Importer(815301076,1909f56bfc062723c751e8b465ee728b)
Start importing Assets/Scenes/Menu/New Volume Profile.asset using Guid(2ed7f57ea642ca045a731aed088726e9) Importer(815301076,1909f56bfc062723c751e8b465ee728b)  -> (artifact id: '1186c2a9f684b3fb119471a7e94c2b37') in 0.079226 seconds
  Import took 0.087943 seconds .

========================================================================
Received Import Request.
  Time since last request: 8.964678 seconds.
  path: Assets/Scenes/Menu/SetCtrl.cs
  artifactKey: Guid(d96cb5d4c2e069e41bc64def917dc11b) Importer(815301076,1909f56bfc062723c751e8b465ee728b)
Start importing Assets/Scenes/Menu/SetCtrl.cs using Guid(d96cb5d4c2e069e41bc64def917dc11b) Importer(815301076,1909f56bfc062723c751e8b465ee728b)  -> (artifact id: '6e3efd6f535f0657e053f53593bbae26') in 0.011928 seconds
  Import took 0.021836 seconds .

========================================================================
Received Import Request.
  Time since last request: 0.007326 seconds.
  path: Assets/Scenes/Menu/SetCtrl.cs
  artifactKey: Guid(d96cb5d4c2e069e41bc64def917dc11b) Importer(815301076,1909f56bfc062723c751e8b465ee728b)
Start importing Assets/Scenes/Menu/SetCtrl.cs using Guid(d96cb5d4c2e069e41bc64def917dc11b) Importer(815301076,1909f56bfc062723c751e8b465ee728b)  -> (artifact id: '6e3efd6f535f0657e053f53593bbae26') in 0.020485 seconds
  Import took 0.032661 seconds .

========================================================================
Received Prepare
Registering precompiled user dll's ...
Registered in 0.005206 seconds.
Begin MonoManager ReloadAssembly
Native extension for WindowsStandalone target not found
Native extension for OSXStandalone target not found
Refreshing native plugins compatible for Editor in 1.38 ms, found 0 plugins.
Preloading 0 native plugins for Editor in 0.00 ms.
Invoked RoslynAnalysisRunner static constructor.
RoslynAnalysisRunner will not be running.
RoslynAnalysisRunner has terminated.
Mono: successfully reloaded assembly
- Completed reload, in  2.501 seconds
Platform modules already initialized, skipping
Shader 'Universal Render Pipeline/Particles/Lit': fallback shader 'Universal Render Pipeline/Particles/SimpleLit' not found
Refreshing native plugins compatible for Editor in 1.03 ms, found 0 plugins.
Preloading 0 native plugins for Editor in 0.00 ms.
Unloading 2324 Unused Serialized files (Serialized files now loaded: 0)
System memory in use before: 181.6 MB.
System memory in use after: 181.8 MB.

Unloading 5 unused Assets to reduce memory usage. Loaded Objects now: 2893.
Total: 47.248500 ms (FindLiveObjects: 2.451300 ms CreateObjectMapping: 0.417800 ms MarkObjects: 44.303000 ms  DeleteObjects: 0.071400 ms)

========================================================================
Received Import Request.
  Time since last request: 1940.547586 seconds.
  path: Assets/Scenes/Menu/SetCtrl.cs
  artifactKey: Guid(d96cb5d4c2e069e41bc64def917dc11b) Importer(815301076,1909f56bfc062723c751e8b465ee728b)
Start importing Assets/Scenes/Menu/SetCtrl.cs using Guid(d96cb5d4c2e069e41bc64def917dc11b) Importer(815301076,1909f56bfc062723c751e8b465ee728b)  -> (artifact id: 'd2d60ad057ef8cc8b8e9869ffe8be21c') in 0.043965 seconds
  Import took 0.078372 seconds .

========================================================================
Received Prepare
Registering precompiled user dll's ...
Registered in 0.069953 seconds.
Begin MonoManager ReloadAssembly
Native extension for WindowsStandalone target not found
Native extension for OSXStandalone target not found
Refreshing native plugins compatible for Editor in 1.18 ms, found 0 plugins.
Preloading 0 native plugins for Editor in 0.00 ms.
Invoked RoslynAnalysisRunner static constructor.
RoslynAnalysisRunner will not be running.
RoslynAnalysisRunner has terminated.
Mono: successfully reloaded assembly
- Completed reload, in  2.404 seconds
Platform modules already initialized, skipping
Shader 'Universal Render Pipeline/Particles/Lit': fallback shader 'Universal Render Pipeline/Particles/SimpleLit' not found
Refreshing native plugins compatible for Editor in 0.71 ms, found 0 plugins.
Preloading 0 native plugins for Editor in 0.00 ms.
Unloading 2324 Unused Serialized files (Serialized files now loaded: 0)
System memory in use before: 181.6 MB.
System memory in use after: 181.8 MB.

Unloading 5 unused Assets to reduce memory usage. Loaded Objects now: 2896.
Total: 6.798300 ms (FindLiveObjects: 0.455500 ms CreateObjectMapping: 0.190300 ms MarkObjects: 6.100200 ms  DeleteObjects: 0.048600 ms)

========================================================================
Received Prepare
Registering precompiled user dll's ...
Registered in 0.006089 seconds.
Begin MonoManager ReloadAssembly
Native extension for WindowsStandalone target not found
Native extension for OSXStandalone target not found
Refreshing native plugins compatible for Editor in 0.75 ms, found 0 plugins.
Preloading 0 native plugins for Editor in 0.00 ms.
Invoked RoslynAnalysisRunner static constructor.
RoslynAnalysisRunner will not be running.
RoslynAnalysisRunner has terminated.
Mono: successfully reloaded assembly
- Completed reload, in  3.159 seconds
Platform modules already initialized, skipping
Shader 'Universal Render Pipeline/Particles/Lit': fallback shader 'Universal Render Pipeline/Particles/SimpleLit' not found
Refreshing native plugins compatible for Editor in 0.86 ms, found 0 plugins.
Preloading 0 native plugins for Editor in 0.00 ms.
Unloading 2324 Unused Serialized files (Serialized files now loaded: 0)
System memory in use before: 181.6 MB.
System memory in use after: 181.8 MB.

Unloading 5 unused Assets to reduce memory usage. Loaded Objects now: 2899.
Total: 10.260800 ms (FindLiveObjects: 0.871100 ms CreateObjectMapping: 0.220700 ms MarkObjects: 9.117700 ms  DeleteObjects: 0.047100 ms)

========================================================================
Received Prepare
Registering precompiled user dll's ...
Registered in 0.002984 seconds.
Begin MonoManager ReloadAssembly
Native extension for WindowsStandalone target not found
Native extension for OSXStandalone target not found
Refreshing native plugins compatible for Editor in 0.83 ms, found 0 plugins.
Preloading 0 native plugins for Editor in 0.00 ms.
Invoked RoslynAnalysisRunner static constructor.
RoslynAnalysisRunner will not be running.
RoslynAnalysisRunner has terminated.
Mono: successfully reloaded assembly
- Completed reload, in  1.691 seconds
Platform modules already initialized, skipping
Shader 'Universal Render Pipeline/Particles/Lit': fallback shader 'Universal Render Pipeline/Particles/SimpleLit' not found
Refreshing native plugins compatible for Editor in 0.71 ms, found 0 plugins.
Preloading 0 native plugins for Editor in 0.00 ms.
Unloading 2324 Unused Serialized files (Serialized files now loaded: 0)
System memory in use before: 181.6 MB.
System memory in use after: 181.8 MB.

Unloading 5 unused Assets to reduce memory usage. Loaded Objects now: 2902.
Total: 4.705800 ms (FindLiveObjects: 0.507200 ms CreateObjectMapping: 0.180000 ms MarkObjects: 3.971800 ms  DeleteObjects: 0.040900 ms)

========================================================================
Received Prepare
Registering precompiled user dll's ...
Registered in 0.003057 seconds.
Begin MonoManager ReloadAssembly
Native extension for WindowsStandalone target not found
Native extension for OSXStandalone target not found
Refreshing native plugins compatible for Editor in 0.69 ms, found 0 plugins.
Preloading 0 native plugins for Editor in 0.00 ms.
Invoked RoslynAnalysisRunner static constructor.
RoslynAnalysisRunner will not be running.
RoslynAnalysisRunner has terminated.
Mono: successfully reloaded assembly
- Completed reload, in  1.846 seconds
Platform modules already initialized, skipping
Shader 'Universal Render Pipeline/Particles/Lit': fallback shader 'Universal Render Pipeline/Particles/SimpleLit' not found
Refreshing native plugins compatible for Editor in 0.76 ms, found 0 plugins.
Preloading 0 native plugins for Editor in 0.00 ms.
Unloading 2324 Unused Serialized files (Serialized files now loaded: 0)
System memory in use before: 181.5 MB.
System memory in use after: 181.8 MB.

Unloading 5 unused Assets to reduce memory usage. Loaded Objects now: 2905.
Total: 9.142300 ms (FindLiveObjects: 0.550900 ms CreateObjectMapping: 0.333500 ms MarkObjects: 8.193200 ms  DeleteObjects: 0.060500 ms)

========================================================================
Received Prepare
Registering precompiled user dll's ...
Registered in 0.004845 seconds.
Begin MonoManager ReloadAssembly
Native extension for WindowsStandalone target not found
Native extension for OSXStandalone target not found
Refreshing native plugins compatible for Editor in 0.69 ms, found 0 plugins.
Preloading 0 native plugins for Editor in 0.00 ms.
Invoked RoslynAnalysisRunner static constructor.
RoslynAnalysisRunner will not be running.
RoslynAnalysisRunner has terminated.
Mono: successfully reloaded assembly
- Completed reload, in  2.388 seconds
Platform modules already initialized, skipping
Shader 'Universal Render Pipeline/Particles/Lit': fallback shader 'Universal Render Pipeline/Particles/SimpleLit' not found
Refreshing native plugins compatible for Editor in 0.63 ms, found 0 plugins.
Preloading 0 native plugins for Editor in 0.00 ms.
Unloading 2324 Unused Serialized files (Serialized files now loaded: 0)
System memory in use before: 181.6 MB.
System memory in use after: 181.9 MB.

Unloading 5 unused Assets to reduce memory usage. Loaded Objects now: 2908.
Total: 9.479000 ms (FindLiveObjects: 1.309200 ms CreateObjectMapping: 0.286600 ms MarkObjects: 7.830900 ms  DeleteObjects: 0.048200 ms)

AssetImportWorkerClient::OnTransportError - code=2 error=End of file
