Using pre-set license
Built from '2020.3/staging' branch; Version is '2020.3.3f1 (76626098c1c4) revision 7758432'; Using compiler version '192528614'; Build Type 'Release'
OS: 'Windows 10 Home Single Language; OS build 19041.1052; Version 2004; 64bit' Language: 'pt' Physical Memory: 3971 MB
BatchMode: 1, IsHumanControllingUs: 0, StartBugReporterOnCrash: 0, Is64bit: 1, IsPro: 0

 COMMAND LINE ARGUMENTS:
C:\Program Files\Unity\Hub\Editor\2020.3.3f1\Editor\Unity.exe
-adb2
-batchMode
-noUpm
-name
AssetImportWorker7
-projectPath
C:/Users/55319/Documents/Unity Projects/Martian Highway
-logFile
Logs/AssetImportWorker7.log
-srvPort
56982
Successfully changed project path to: C:/Users/55319/Documents/Unity Projects/Martian Highway
C:/Users/55319/Documents/Unity Projects/Martian Highway
Using Asset Import Pipeline V2.
Refreshing native plugins compatible for Editor in 163.13 ms, found 0 plugins.
Preloading 0 native plugins for Editor in 0.00 ms.
Initialize engine version: 2020.3.3f1 (76626098c1c4)
[Subsystems] Discovering subsystems at path C:/Program Files/Unity/Hub/Editor/2020.3.3f1/Editor/Data/Resources/UnitySubsystems
[Subsystems] Discovering subsystems at path C:/Users/55319/Documents/Unity Projects/Martian Highway/Assets
GfxDevice: creating device client; threaded=0
Direct3D:
    Version:  Direct3D 11.0 [level 11.1]
    Renderer: Intel(R) HD Graphics 620 (ID=0x5921)
    Vendor:   
    VRAM:     1985 MB
    Driver:   26.20.100.6911
Shader 'Universal Render Pipeline/Particles/Lit': fallback shader 'Universal Render Pipeline/Particles/SimpleLit' not found
Initialize mono
Mono path[0] = 'C:/Program Files/Unity/Hub/Editor/2020.3.3f1/Editor/Data/Managed'
Mono path[1] = 'C:/Program Files/Unity/Hub/Editor/2020.3.3f1/Editor/Data/MonoBleedingEdge/lib/mono/unityjit'
Mono config path = 'C:/Program Files/Unity/Hub/Editor/2020.3.3f1/Editor/Data/MonoBleedingEdge/etc'
Using monoOptions --debugger-agent=transport=dt_socket,embedding=1,server=y,suspend=n,address=127.0.0.1:56932
Begin MonoManager ReloadAssembly
Registering precompiled unity dll's ...
Register platform support module: C:/Program Files/Unity/Hub/Editor/2020.3.3f1/Editor/Data/PlaybackEngines/WebGLSupport/UnityEditor.WebGL.Extensions.dll
Register platform support module: C:/Program Files/Unity/Hub/Editor/2020.3.3f1/Editor/Data/PlaybackEngines/MacStandaloneSupport/UnityEditor.OSXStandalone.Extensions.dll
Register platform support module: C:/Program Files/Unity/Hub/Editor/2020.3.3f1/Editor/Data/PlaybackEngines/WindowsStandaloneSupport/UnityEditor.WindowsStandalone.Extensions.dll
Registered in 0.003861 seconds.
Native extension for WindowsStandalone target not found
Native extension for OSXStandalone target not found
Native extension for WebGL target not found
Refreshing native plugins compatible for Editor in 106.89 ms, found 0 plugins.
Preloading 0 native plugins for Editor in 0.00 ms.
Invoked RoslynAnalysisRunner static constructor.
RoslynAnalysisRunner will not be running.
RoslynAnalysisRunner has terminated.
Mono: successfully reloaded assembly
- Completed reload, in  2.236 seconds
Platform modules already initialized, skipping
Registering precompiled user dll's ...
Registered in 0.002671 seconds.
Begin MonoManager ReloadAssembly
Native extension for WindowsStandalone target not found
Native extension for OSXStandalone target not found
Native extension for WebGL target not found
Refreshing native plugins compatible for Editor in 138.68 ms, found 0 plugins.
Preloading 0 native plugins for Editor in 0.00 ms.
Invoked RoslynAnalysisRunner static constructor.
RoslynAnalysisRunner will not be running.
RoslynAnalysisRunner has terminated.
Mono: successfully reloaded assembly
- Completed reload, in  4.280 seconds
Platform modules already initialized, skipping
========================================================================
Worker process is ready to serve import requests
Shader 'Universal Render Pipeline/Particles/Lit': fallback shader 'Universal Render Pipeline/Particles/SimpleLit' not found
Launched and connected shader compiler UnityShaderCompiler.exe after 0.48 seconds
Refreshing native plugins compatible for Editor in 1.94 ms, found 0 plugins.
Preloading 0 native plugins for Editor in 0.00 ms.
Unloading 3084 Unused Serialized files (Serialized files now loaded: 0)
System memory in use before: 142.2 MB.
System memory in use after: 142.4 MB.

Unloading 10 unused Assets to reduce memory usage. Loaded Objects now: 3532.
Total: 31.615600 ms (FindLiveObjects: 1.374900 ms CreateObjectMapping: 0.466100 ms MarkObjects: 28.198500 ms  DeleteObjects: 1.542600 ms)

========================================================================
Received Import Request.
  path: Assets/Carro/extracted/atlas_2.mat
  artifactKey: Guid(b7dd9fe9b1913434badae97c5b076828) Importer(815301076,1909f56bfc062723c751e8b465ee728b)
Start importing Assets/Carro/extracted/atlas_2.mat using Guid(b7dd9fe9b1913434badae97c5b076828) Importer(815301076,1909f56bfc062723c751e8b465ee728b)  -> (artifact id: 'a50d14255fa4a8dba93c02368b24bdcb') in 1.116739 seconds
  Import took 1.148021 seconds .

========================================================================
Received Import Request.
  Time since last request: 0.002528 seconds.
  path: Assets/Jean_edits/materials/CAR/farol.mat
  artifactKey: Guid(75d46af2444efcb4cab93fae2dc514b8) Importer(815301076,1909f56bfc062723c751e8b465ee728b)
Start importing Assets/Jean_edits/materials/CAR/farol.mat using Guid(75d46af2444efcb4cab93fae2dc514b8) Importer(815301076,1909f56bfc062723c751e8b465ee728b)  -> (artifact id: 'ba92d7d19946355700d95166a393c28f') in 0.176618 seconds
  Import took 0.212759 seconds .

========================================================================
Received Import Request.
  Time since last request: 0.006756 seconds.
  path: Assets/Scenes/text/materials/New Material.mat
  artifactKey: Guid(f1e4e482429d2274e9e25dc6e4857975) Importer(815301076,1909f56bfc062723c751e8b465ee728b)
Start importing Assets/Scenes/text/materials/New Material.mat using Guid(f1e4e482429d2274e9e25dc6e4857975) Importer(815301076,1909f56bfc062723c751e8b465ee728b)  -> (artifact id: 'dbee36a37ca35b386aa110bb0532f709') in 0.205603 seconds
  Import took 0.232295 seconds .

========================================================================
Received Import Request.
  Time since last request: 0.000306 seconds.
  path: Assets/Jean_edits/materials/PONTO.mat
  artifactKey: Guid(c003080511304744dbddfe430dffd579) Importer(815301076,1909f56bfc062723c751e8b465ee728b)
Start importing Assets/Jean_edits/materials/PONTO.mat using Guid(c003080511304744dbddfe430dffd579) Importer(815301076,1909f56bfc062723c751e8b465ee728b)  -> (artifact id: 'a3ffbd52d98ef5c34733ec657d0c1d7c') in 0.049834 seconds
  Import took 0.065978 seconds .

========================================================================
Received Import Request.
  Time since last request: 0.001493 seconds.
  path: Assets/Carro/extracted/blask.mat
  artifactKey: Guid(1f1b97c5cf12e8a4cac5d1c516ce7029) Importer(815301076,1909f56bfc062723c751e8b465ee728b)
Start importing Assets/Carro/extracted/blask.mat using Guid(1f1b97c5cf12e8a4cac5d1c516ce7029) Importer(815301076,1909f56bfc062723c751e8b465ee728b)  -> (artifact id: '383f4b8f1aba377e6b0d8806681bb148') in 0.366462 seconds
  Import took 0.394133 seconds .

========================================================================
Received Import Request.
  Time since last request: 0.017263 seconds.
  path: Assets/Carro/extracted/inox.mat
  artifactKey: Guid(d8e12ff421b055b499fddbff0e3fecfd) Importer(815301076,1909f56bfc062723c751e8b465ee728b)
Start importing Assets/Carro/extracted/inox.mat using Guid(d8e12ff421b055b499fddbff0e3fecfd) Importer(815301076,1909f56bfc062723c751e8b465ee728b)  -> (artifact id: '21133f162d22691207674fdaf3e516a6') in 0.086746 seconds
  Import took 0.112575 seconds .

========================================================================
Received Import Request.
  Time since last request: 0.000471 seconds.
  path: Assets/Carro/extracted/(null).mat
  artifactKey: Guid(7af700601c14ba248b2eadeec022ece2) Importer(815301076,1909f56bfc062723c751e8b465ee728b)
Start importing Assets/Carro/extracted/(null).mat using Guid(7af700601c14ba248b2eadeec022ece2) Importer(815301076,1909f56bfc062723c751e8b465ee728b)  -> (artifact id: '6bb27f66ac4bca1e62c8d3a3d726b459') in 0.496478 seconds
  Import took 0.517935 seconds .

========================================================================
Received Import Request.
  Time since last request: 0.000740 seconds.
  path: Assets/Jean_edits/materials/CAR/BODY.mat
  artifactKey: Guid(6bb5ff62e27ea88439c28556264bd092) Importer(815301076,1909f56bfc062723c751e8b465ee728b)
Start importing Assets/Jean_edits/materials/CAR/BODY.mat using Guid(6bb5ff62e27ea88439c28556264bd092) Importer(815301076,1909f56bfc062723c751e8b465ee728b)  -> (artifact id: '00edda79f428b613af9d6cd6989aab83') in 0.296043 seconds
  Import took 0.320806 seconds .

========================================================================
Received Import Request.
  Time since last request: 505.463090 seconds.
  path: Assets/Fonte
  artifactKey: Guid(d1f4c9a938951e541a81d52d5b5e38c6) Importer(815301076,1909f56bfc062723c751e8b465ee728b)
Start importing Assets/Fonte using Guid(d1f4c9a938951e541a81d52d5b5e38c6) Importer(815301076,1909f56bfc062723c751e8b465ee728b)  -> (artifact id: '8831551da9698c02b19fa64cd37fb00a') in 0.232938 seconds
  Import took 2.844317 seconds .

========================================================================
Received Import Request.
  Time since last request: 308.822879 seconds.
  path: Assets/Fonte/Syncopate-Bold.ttf
  artifactKey: Guid(4fedf3b48b6ebfd4c9c317683ee30a57) Importer(815301076,1909f56bfc062723c751e8b465ee728b)
Start importing Assets/Fonte/Syncopate-Bold.ttf using Guid(4fedf3b48b6ebfd4c9c317683ee30a57) Importer(815301076,1909f56bfc062723c751e8b465ee728b)  -> (artifact id: '038cdf737a5bdd6ebc08fbd972010630') in 1.487267 seconds
  Import took 2.055056 seconds .

========================================================================
Received Import Request.
  Time since last request: 0.001783 seconds.
  path: Assets/Fonte/Syncopate-Regular.ttf
  artifactKey: Guid(8053ab878988a5045b044ba1a98b779b) Importer(815301076,1909f56bfc062723c751e8b465ee728b)
Start importing Assets/Fonte/Syncopate-Regular.ttf using Guid(8053ab878988a5045b044ba1a98b779b) Importer(815301076,1909f56bfc062723c751e8b465ee728b)  -> (artifact id: '06ad819c54ca96191595f9d6eaffcb46') in 0.145175 seconds
  Import took 0.160043 seconds .

========================================================================
Received Import Request.
  Time since last request: 205.896614 seconds.
  path: Assets/Imagens/MicrosoftTeams-image (9).png
  artifactKey: Guid(98337ad8af95fde43a832572a5fa5dcd) Importer(815301076,1909f56bfc062723c751e8b465ee728b)
Start importing Assets/Imagens/MicrosoftTeams-image (9).png using Guid(98337ad8af95fde43a832572a5fa5dcd) Importer(815301076,1909f56bfc062723c751e8b465ee728b)  -> (artifact id: 'f8503d1421da3154b4f046027efcc2b2') in 0.112297 seconds
  Import took 0.128736 seconds .

========================================================================
Received Import Request.
  Time since last request: 40.391733 seconds.
  path: Assets/Imagens/MicrosoftTeams-image (9).png
  artifactKey: Guid(98337ad8af95fde43a832572a5fa5dcd) Importer(815301076,1909f56bfc062723c751e8b465ee728b)
Start importing Assets/Imagens/MicrosoftTeams-image (9).png using Guid(98337ad8af95fde43a832572a5fa5dcd) Importer(815301076,1909f56bfc062723c751e8b465ee728b)  -> (artifact id: '7f0f5e7710f4a56e9b37581529026f11') in 0.439949 seconds
  Import took 0.512707 seconds .

========================================================================
Received Import Request.
  Time since last request: 120.328116 seconds.
  path: Assets/Imagens/MicrosoftTeams-image (10).png
  artifactKey: Guid(1941e8f52eaf2e44ea0c011bb4d0817c) Importer(815301076,1909f56bfc062723c751e8b465ee728b)
Start importing Assets/Imagens/MicrosoftTeams-image (10).png using Guid(1941e8f52eaf2e44ea0c011bb4d0817c) Importer(815301076,1909f56bfc062723c751e8b465ee728b)  -> (artifact id: '0135bd47a173315ce711955f8438a884') in 0.090141 seconds
  Import took 0.117094 seconds .

========================================================================
Received Import Request.
  Time since last request: 4.567171 seconds.
  path: Assets/Imagens/MicrosoftTeams-image (10).png
  artifactKey: Guid(1941e8f52eaf2e44ea0c011bb4d0817c) Importer(815301076,1909f56bfc062723c751e8b465ee728b)
Start importing Assets/Imagens/MicrosoftTeams-image (10).png using Guid(1941e8f52eaf2e44ea0c011bb4d0817c) Importer(815301076,1909f56bfc062723c751e8b465ee728b)  -> (artifact id: 'd63c4a667cf0d9f194186b4bddf05671') in 0.261411 seconds
  Import took 0.277227 seconds .

========================================================================
Received Import Request.
  Time since last request: 81.096735 seconds.
  path: Assets/Imagens/MicrosoftTeams-image (11).png
  artifactKey: Guid(513d06b3be5898c41a9114ba04720f0a) Importer(815301076,1909f56bfc062723c751e8b465ee728b)
Start importing Assets/Imagens/MicrosoftTeams-image (11).png using Guid(513d06b3be5898c41a9114ba04720f0a) Importer(815301076,1909f56bfc062723c751e8b465ee728b)  -> (artifact id: '9c598074b72ab4eef95492b0fdb4c742') in 0.146063 seconds
  Import took 0.165549 seconds .

========================================================================
Received Import Request.
  Time since last request: 4.493322 seconds.
  path: Assets/Imagens/MicrosoftTeams-image (11).png
  artifactKey: Guid(513d06b3be5898c41a9114ba04720f0a) Importer(815301076,1909f56bfc062723c751e8b465ee728b)
Start importing Assets/Imagens/MicrosoftTeams-image (11).png using Guid(513d06b3be5898c41a9114ba04720f0a) Importer(815301076,1909f56bfc062723c751e8b465ee728b)  -> (artifact id: '157156bdaf5bf4bfab0e33fea817a4dd') in 0.259687 seconds
  Import took 0.275857 seconds .

========================================================================
Received Prepare
Registering precompiled user dll's ...
Registered in 0.011324 seconds.
Begin MonoManager ReloadAssembly
Native extension for WindowsStandalone target not found
Native extension for OSXStandalone target not found
Native extension for WebGL target not found
Refreshing native plugins compatible for Editor in 3.43 ms, found 0 plugins.
Preloading 0 native plugins for Editor in 0.00 ms.
Invoked RoslynAnalysisRunner static constructor.
RoslynAnalysisRunner will not be running.
RoslynAnalysisRunner has terminated.
Mono: successfully reloaded assembly
- Completed reload, in  5.200 seconds
Platform modules already initialized, skipping
Shader 'Universal Render Pipeline/Particles/Lit': fallback shader 'Universal Render Pipeline/Particles/SimpleLit' not found
Refreshing native plugins compatible for Editor in 1.00 ms, found 0 plugins.
Preloading 0 native plugins for Editor in 0.00 ms.
Unloading 2942 Unused Serialized files (Serialized files now loaded: 0)
System memory in use before: 137.6 MB.
System memory in use after: 137.9 MB.

Unloading 5 unused Assets to reduce memory usage. Loaded Objects now: 3621.
Total: 32.757100 ms (FindLiveObjects: 2.789900 ms CreateObjectMapping: 0.367000 ms MarkObjects: 29.537600 ms  DeleteObjects: 0.058300 ms)

========================================================================
Received Prepare
Registering precompiled user dll's ...
Registered in 0.005162 seconds.
Begin MonoManager ReloadAssembly
Native extension for WindowsStandalone target not found
Native extension for OSXStandalone target not found
Native extension for WebGL target not found
Refreshing native plugins compatible for Editor in 2.64 ms, found 0 plugins.
Preloading 0 native plugins for Editor in 0.00 ms.
Invoked RoslynAnalysisRunner static constructor.
RoslynAnalysisRunner will not be running.
RoslynAnalysisRunner has terminated.
Mono: successfully reloaded assembly
- Completed reload, in 16.841 seconds
Platform modules already initialized, skipping
Shader 'Universal Render Pipeline/Particles/Lit': fallback shader 'Universal Render Pipeline/Particles/SimpleLit' not found
Refreshing native plugins compatible for Editor in 0.74 ms, found 0 plugins.
Preloading 0 native plugins for Editor in 0.00 ms.
Unloading 2942 Unused Serialized files (Serialized files now loaded: 0)
System memory in use before: 137.7 MB.
System memory in use after: 137.9 MB.

Unloading 5 unused Assets to reduce memory usage. Loaded Objects now: 3624.
Total: 8.721700 ms (FindLiveObjects: 0.509500 ms CreateObjectMapping: 0.272200 ms MarkObjects: 7.780700 ms  DeleteObjects: 0.155700 ms)

========================================================================
Received Prepare
Registering precompiled user dll's ...
Registered in 0.011635 seconds.
Begin MonoManager ReloadAssembly
Native extension for WindowsStandalone target not found
Native extension for OSXStandalone target not found
Native extension for WebGL target not found
Refreshing native plugins compatible for Editor in 0.91 ms, found 0 plugins.
Preloading 0 native plugins for Editor in 0.00 ms.
Invoked RoslynAnalysisRunner static constructor.
RoslynAnalysisRunner will not be running.
RoslynAnalysisRunner has terminated.
Mono: successfully reloaded assembly
- Completed reload, in  2.994 seconds
Platform modules already initialized, skipping
Shader 'Universal Render Pipeline/Particles/Lit': fallback shader 'Universal Render Pipeline/Particles/SimpleLit' not found
Refreshing native plugins compatible for Editor in 0.70 ms, found 0 plugins.
Preloading 0 native plugins for Editor in 0.00 ms.
Unloading 2942 Unused Serialized files (Serialized files now loaded: 0)
System memory in use before: 137.7 MB.
System memory in use after: 137.9 MB.

Unloading 5 unused Assets to reduce memory usage. Loaded Objects now: 3627.
Total: 3.977900 ms (FindLiveObjects: 0.596200 ms CreateObjectMapping: 0.344100 ms MarkObjects: 2.995400 ms  DeleteObjects: 0.039800 ms)

========================================================================
Received Prepare
Registering precompiled user dll's ...
Registered in 0.002584 seconds.
Begin MonoManager ReloadAssembly
Native extension for WindowsStandalone target not found
Native extension for OSXStandalone target not found
Native extension for WebGL target not found
Refreshing native plugins compatible for Editor in 0.98 ms, found 0 plugins.
Preloading 0 native plugins for Editor in 0.00 ms.
Invoked RoslynAnalysisRunner static constructor.
RoslynAnalysisRunner will not be running.
RoslynAnalysisRunner has terminated.
Mono: successfully reloaded assembly
- Completed reload, in  3.381 seconds
Platform modules already initialized, skipping
Shader 'Universal Render Pipeline/Particles/Lit': fallback shader 'Universal Render Pipeline/Particles/SimpleLit' not found
Refreshing native plugins compatible for Editor in 22.92 ms, found 0 plugins.
Preloading 0 native plugins for Editor in 0.00 ms.
Unloading 2942 Unused Serialized files (Serialized files now loaded: 0)
System memory in use before: 137.7 MB.
System memory in use after: 138.0 MB.

Unloading 5 unused Assets to reduce memory usage. Loaded Objects now: 3630.
Total: 87.192000 ms (FindLiveObjects: 29.578100 ms CreateObjectMapping: 1.616500 ms MarkObjects: 55.934000 ms  DeleteObjects: 0.059700 ms)

========================================================================
Received Prepare
Registering precompiled user dll's ...
Registered in 0.054722 seconds.
Begin MonoManager ReloadAssembly
Native extension for WindowsStandalone target not found
Native extension for OSXStandalone target not found
Native extension for WebGL target not found
Refreshing native plugins compatible for Editor in 0.87 ms, found 0 plugins.
Preloading 0 native plugins for Editor in 0.00 ms.
Invoked RoslynAnalysisRunner static constructor.
RoslynAnalysisRunner will not be running.
RoslynAnalysisRunner has terminated.
Mono: successfully reloaded assembly
- Completed reload, in  3.635 seconds
Platform modules already initialized, skipping
Shader 'Universal Render Pipeline/Particles/Lit': fallback shader 'Universal Render Pipeline/Particles/SimpleLit' not found
Refreshing native plugins compatible for Editor in 0.89 ms, found 0 plugins.
Preloading 0 native plugins for Editor in 0.00 ms.
Unloading 2942 Unused Serialized files (Serialized files now loaded: 0)
System memory in use before: 137.7 MB.
System memory in use after: 138.0 MB.

Unloading 5 unused Assets to reduce memory usage. Loaded Objects now: 3633.
Total: 8.347400 ms (FindLiveObjects: 0.528900 ms CreateObjectMapping: 0.345200 ms MarkObjects: 7.423400 ms  DeleteObjects: 0.046900 ms)

========================================================================
Received Prepare
Registering precompiled user dll's ...
Registered in 0.003825 seconds.
Begin MonoManager ReloadAssembly
Native extension for WindowsStandalone target not found
Native extension for OSXStandalone target not found
Native extension for WebGL target not found
Refreshing native plugins compatible for Editor in 0.84 ms, found 0 plugins.
Preloading 0 native plugins for Editor in 0.00 ms.
Invoked RoslynAnalysisRunner static constructor.
RoslynAnalysisRunner will not be running.
RoslynAnalysisRunner has terminated.
Mono: successfully reloaded assembly
- Completed reload, in  2.108 seconds
Platform modules already initialized, skipping
Shader 'Universal Render Pipeline/Particles/Lit': fallback shader 'Universal Render Pipeline/Particles/SimpleLit' not found
Refreshing native plugins compatible for Editor in 0.65 ms, found 0 plugins.
Preloading 0 native plugins for Editor in 0.00 ms.
Unloading 2942 Unused Serialized files (Serialized files now loaded: 0)
System memory in use before: 137.7 MB.
System memory in use after: 138.0 MB.

Unloading 5 unused Assets to reduce memory usage. Loaded Objects now: 3636.
Total: 5.838300 ms (FindLiveObjects: 0.751100 ms CreateObjectMapping: 0.402500 ms MarkObjects: 4.611200 ms  DeleteObjects: 0.070700 ms)

========================================================================
Received Prepare
Registering precompiled user dll's ...
Registered in 0.002176 seconds.
Begin MonoManager ReloadAssembly
Native extension for WindowsStandalone target not found
Native extension for OSXStandalone target not found
Native extension for WebGL target not found
Refreshing native plugins compatible for Editor in 0.82 ms, found 0 plugins.
Preloading 0 native plugins for Editor in 0.00 ms.
Invoked RoslynAnalysisRunner static constructor.
RoslynAnalysisRunner will not be running.
RoslynAnalysisRunner has terminated.
Mono: successfully reloaded assembly
- Completed reload, in  2.551 seconds
Platform modules already initialized, skipping
Shader 'Universal Render Pipeline/Particles/Lit': fallback shader 'Universal Render Pipeline/Particles/SimpleLit' not found
Refreshing native plugins compatible for Editor in 0.86 ms, found 0 plugins.
Preloading 0 native plugins for Editor in 0.00 ms.
Unloading 2942 Unused Serialized files (Serialized files now loaded: 0)
System memory in use before: 137.8 MB.
System memory in use after: 138.0 MB.

Unloading 5 unused Assets to reduce memory usage. Loaded Objects now: 3639.
Total: 9.161500 ms (FindLiveObjects: 1.349200 ms CreateObjectMapping: 0.366900 ms MarkObjects: 7.386800 ms  DeleteObjects: 0.052900 ms)

========================================================================
Received Prepare
Registering precompiled user dll's ...
Registered in 0.003683 seconds.
Begin MonoManager ReloadAssembly
Native extension for WindowsStandalone target not found
Native extension for OSXStandalone target not found
Native extension for WebGL target not found
Refreshing native plugins compatible for Editor in 0.69 ms, found 0 plugins.
Preloading 0 native plugins for Editor in 0.00 ms.
Invoked RoslynAnalysisRunner static constructor.
RoslynAnalysisRunner will not be running.
RoslynAnalysisRunner has terminated.
Mono: successfully reloaded assembly
- Completed reload, in  2.200 seconds
Platform modules already initialized, skipping
Shader 'Universal Render Pipeline/Particles/Lit': fallback shader 'Universal Render Pipeline/Particles/SimpleLit' not found
Refreshing native plugins compatible for Editor in 1.33 ms, found 0 plugins.
Preloading 0 native plugins for Editor in 0.00 ms.
Unloading 2942 Unused Serialized files (Serialized files now loaded: 0)
System memory in use before: 137.8 MB.
System memory in use after: 138.0 MB.

Unloading 5 unused Assets to reduce memory usage. Loaded Objects now: 3642.
Total: 11.586600 ms (FindLiveObjects: 0.576400 ms CreateObjectMapping: 0.455100 ms MarkObjects: 10.309100 ms  DeleteObjects: 0.242700 ms)

========================================================================
Received Prepare
Registering precompiled user dll's ...
Registered in 0.011590 seconds.
Begin MonoManager ReloadAssembly
Native extension for WindowsStandalone target not found
Native extension for OSXStandalone target not found
Native extension for WebGL target not found
Refreshing native plugins compatible for Editor in 1.03 ms, found 0 plugins.
Preloading 0 native plugins for Editor in 0.00 ms.
Invoked RoslynAnalysisRunner static constructor.
RoslynAnalysisRunner will not be running.
RoslynAnalysisRunner has terminated.
Mono: successfully reloaded assembly
- Completed reload, in  2.835 seconds
Platform modules already initialized, skipping
Shader 'Universal Render Pipeline/Particles/Lit': fallback shader 'Universal Render Pipeline/Particles/SimpleLit' not found
Refreshing native plugins compatible for Editor in 0.91 ms, found 0 plugins.
Preloading 0 native plugins for Editor in 0.00 ms.
Unloading 2942 Unused Serialized files (Serialized files now loaded: 0)
System memory in use before: 137.8 MB.
System memory in use after: 138.0 MB.

Unloading 5 unused Assets to reduce memory usage. Loaded Objects now: 3645.
Total: 6.335600 ms (FindLiveObjects: 0.540000 ms CreateObjectMapping: 0.332300 ms MarkObjects: 4.614100 ms  DeleteObjects: 0.845700 ms)

========================================================================
Received Prepare
Registering precompiled user dll's ...
Registered in 0.013603 seconds.
Begin MonoManager ReloadAssembly
Native extension for WindowsStandalone target not found
Native extension for OSXStandalone target not found
Native extension for WebGL target not found
Refreshing native plugins compatible for Editor in 1.17 ms, found 0 plugins.
Preloading 0 native plugins for Editor in 0.00 ms.
Invoked RoslynAnalysisRunner static constructor.
RoslynAnalysisRunner will not be running.
RoslynAnalysisRunner has terminated.
Mono: successfully reloaded assembly
- Completed reload, in  2.946 seconds
Platform modules already initialized, skipping
Shader 'Universal Render Pipeline/Particles/Lit': fallback shader 'Universal Render Pipeline/Particles/SimpleLit' not found
Refreshing native plugins compatible for Editor in 1.15 ms, found 0 plugins.
Preloading 0 native plugins for Editor in 0.00 ms.
Unloading 2942 Unused Serialized files (Serialized files now loaded: 0)
System memory in use before: 137.8 MB.
System memory in use after: 138.0 MB.

Unloading 5 unused Assets to reduce memory usage. Loaded Objects now: 3648.
Total: 7.015900 ms (FindLiveObjects: 0.665700 ms CreateObjectMapping: 0.288600 ms MarkObjects: 6.005800 ms  DeleteObjects: 0.053600 ms)

========================================================================
Received Prepare
Registering precompiled user dll's ...
Registered in 0.002806 seconds.
Begin MonoManager ReloadAssembly
Native extension for WindowsStandalone target not found
Native extension for OSXStandalone target not found
Native extension for WebGL target not found
Refreshing native plugins compatible for Editor in 0.65 ms, found 0 plugins.
Preloading 0 native plugins for Editor in 0.00 ms.
Invoked RoslynAnalysisRunner static constructor.
RoslynAnalysisRunner will not be running.
RoslynAnalysisRunner has terminated.
Mono: successfully reloaded assembly
- Completed reload, in  1.794 seconds
Platform modules already initialized, skipping
Shader 'Universal Render Pipeline/Particles/Lit': fallback shader 'Universal Render Pipeline/Particles/SimpleLit' not found
Refreshing native plugins compatible for Editor in 0.72 ms, found 0 plugins.
Preloading 0 native plugins for Editor in 0.00 ms.
Unloading 2942 Unused Serialized files (Serialized files now loaded: 0)
System memory in use before: 137.8 MB.
System memory in use after: 138.0 MB.

Unloading 5 unused Assets to reduce memory usage. Loaded Objects now: 3651.
Total: 4.948100 ms (FindLiveObjects: 0.718400 ms CreateObjectMapping: 0.361000 ms MarkObjects: 3.826600 ms  DeleteObjects: 0.039500 ms)

========================================================================
Received Prepare
Registering precompiled user dll's ...
Registered in 0.002088 seconds.
Begin MonoManager ReloadAssembly
Native extension for WindowsStandalone target not found
Native extension for OSXStandalone target not found
Native extension for WebGL target not found
Refreshing native plugins compatible for Editor in 1.45 ms, found 0 plugins.
Preloading 0 native plugins for Editor in 0.00 ms.
Invoked RoslynAnalysisRunner static constructor.
RoslynAnalysisRunner will not be running.
RoslynAnalysisRunner has terminated.
Mono: successfully reloaded assembly
- Completed reload, in  2.192 seconds
Platform modules already initialized, skipping
Shader 'Universal Render Pipeline/Particles/Lit': fallback shader 'Universal Render Pipeline/Particles/SimpleLit' not found
Refreshing native plugins compatible for Editor in 0.94 ms, found 0 plugins.
Preloading 0 native plugins for Editor in 0.00 ms.
Unloading 2942 Unused Serialized files (Serialized files now loaded: 0)
System memory in use before: 137.8 MB.
System memory in use after: 138.0 MB.

Unloading 5 unused Assets to reduce memory usage. Loaded Objects now: 3654.
Total: 14.092000 ms (FindLiveObjects: 1.111200 ms CreateObjectMapping: 0.638600 ms MarkObjects: 11.924600 ms  DeleteObjects: 0.413300 ms)

========================================================================
Received Prepare
Registering precompiled user dll's ...
Registered in 0.004645 seconds.
Begin MonoManager ReloadAssembly
Native extension for WindowsStandalone target not found
Native extension for OSXStandalone target not found
Native extension for WebGL target not found
Refreshing native plugins compatible for Editor in 0.96 ms, found 0 plugins.
Preloading 0 native plugins for Editor in 0.00 ms.
Invoked RoslynAnalysisRunner static constructor.
RoslynAnalysisRunner will not be running.
RoslynAnalysisRunner has terminated.
Mono: successfully reloaded assembly
- Completed reload, in  1.975 seconds
Platform modules already initialized, skipping
Shader 'Universal Render Pipeline/Particles/Lit': fallback shader 'Universal Render Pipeline/Particles/SimpleLit' not found
Refreshing native plugins compatible for Editor in 1.08 ms, found 0 plugins.
Preloading 0 native plugins for Editor in 0.00 ms.
Unloading 2942 Unused Serialized files (Serialized files now loaded: 0)
System memory in use before: 137.8 MB.
System memory in use after: 138.0 MB.

Unloading 5 unused Assets to reduce memory usage. Loaded Objects now: 3657.
Total: 13.536100 ms (FindLiveObjects: 1.574900 ms CreateObjectMapping: 0.972400 ms MarkObjects: 10.918300 ms  DeleteObjects: 0.067400 ms)

========================================================================
Received Prepare
Registering precompiled user dll's ...
Registered in 0.002259 seconds.
Begin MonoManager ReloadAssembly
Native extension for WindowsStandalone target not found
Native extension for OSXStandalone target not found
Native extension for WebGL target not found
Refreshing native plugins compatible for Editor in 0.78 ms, found 0 plugins.
Preloading 0 native plugins for Editor in 0.00 ms.
Invoked RoslynAnalysisRunner static constructor.
RoslynAnalysisRunner will not be running.
RoslynAnalysisRunner has terminated.
Mono: successfully reloaded assembly
- Completed reload, in  1.823 seconds
Platform modules already initialized, skipping
Shader 'Universal Render Pipeline/Particles/Lit': fallback shader 'Universal Render Pipeline/Particles/SimpleLit' not found
Refreshing native plugins compatible for Editor in 0.68 ms, found 0 plugins.
Preloading 0 native plugins for Editor in 0.00 ms.
Unloading 2942 Unused Serialized files (Serialized files now loaded: 0)
System memory in use before: 137.8 MB.
System memory in use after: 138.0 MB.

Unloading 5 unused Assets to reduce memory usage. Loaded Objects now: 3660.
Total: 22.797500 ms (FindLiveObjects: 4.573700 ms CreateObjectMapping: 1.471700 ms MarkObjects: 16.700900 ms  DeleteObjects: 0.048400 ms)

========================================================================
Received Prepare
Registering precompiled user dll's ...
Registered in 0.003007 seconds.
Begin MonoManager ReloadAssembly
Native extension for WindowsStandalone target not found
Native extension for OSXStandalone target not found
Native extension for WebGL target not found
Refreshing native plugins compatible for Editor in 1.34 ms, found 0 plugins.
Preloading 0 native plugins for Editor in 0.00 ms.
Invoked RoslynAnalysisRunner static constructor.
RoslynAnalysisRunner will not be running.
RoslynAnalysisRunner has terminated.
Mono: successfully reloaded assembly
- Completed reload, in  2.442 seconds
Platform modules already initialized, skipping
Shader 'Universal Render Pipeline/Particles/Lit': fallback shader 'Universal Render Pipeline/Particles/SimpleLit' not found
Refreshing native plugins compatible for Editor in 2.04 ms, found 0 plugins.
Preloading 0 native plugins for Editor in 0.00 ms.
Unloading 2942 Unused Serialized files (Serialized files now loaded: 0)
System memory in use before: 137.8 MB.
System memory in use after: 138.0 MB.

Unloading 5 unused Assets to reduce memory usage. Loaded Objects now: 3663.
Total: 33.856200 ms (FindLiveObjects: 3.314500 ms CreateObjectMapping: 1.185900 ms MarkObjects: 29.189800 ms  DeleteObjects: 0.160400 ms)

========================================================================
Received Prepare
Registering precompiled user dll's ...
Registered in 0.011243 seconds.
Begin MonoManager ReloadAssembly
Native extension for WindowsStandalone target not found
Native extension for OSXStandalone target not found
Native extension for WebGL target not found
Refreshing native plugins compatible for Editor in 1.10 ms, found 0 plugins.
Preloading 0 native plugins for Editor in 0.00 ms.
Invoked RoslynAnalysisRunner static constructor.
RoslynAnalysisRunner will not be running.
RoslynAnalysisRunner has terminated.
Mono: successfully reloaded assembly
- Completed reload, in  3.523 seconds
Platform modules already initialized, skipping
Shader 'Universal Render Pipeline/Particles/Lit': fallback shader 'Universal Render Pipeline/Particles/SimpleLit' not found
Refreshing native plugins compatible for Editor in 1.05 ms, found 0 plugins.
Preloading 0 native plugins for Editor in 0.00 ms.
Unloading 2942 Unused Serialized files (Serialized files now loaded: 0)
System memory in use before: 137.8 MB.
System memory in use after: 138.0 MB.

Unloading 5 unused Assets to reduce memory usage. Loaded Objects now: 3666.
Total: 29.895400 ms (FindLiveObjects: 0.903900 ms CreateObjectMapping: 0.333100 ms MarkObjects: 28.414300 ms  DeleteObjects: 0.239100 ms)

AssetImportWorkerClient::OnTransportError - code=2 error=End of file
