Using pre-set license
Built from '2020.3/staging' branch; Version is '2020.3.3f1 (76626098c1c4) revision 7758432'; Using compiler version '192528614'; Build Type 'Release'
OS: 'Windows 10 Home Single Language; OS build 19041.928; Version 2004; 64bit' Language: 'pt' Physical Memory: 3971 MB
BatchMode: 1, IsHumanControllingUs: 0, StartBugReporterOnCrash: 0, Is64bit: 1, IsPro: 0

 COMMAND LINE ARGUMENTS:
C:\Program Files\Unity\Hub\Editor\2020.3.3f1\Editor\Unity.exe
-adb2
-batchMode
-noUpm
-name
AssetImportWorker5
-projectPath
C:/Users/55319/Documents/GitHub/Martian-Highway
-logFile
Logs/AssetImportWorker5.log
-srvPort
50018
Successfully changed project path to: C:/Users/55319/Documents/GitHub/Martian-Highway
C:/Users/55319/Documents/GitHub/Martian-Highway
Using Asset Import Pipeline V2.
Refreshing native plugins compatible for Editor in 224.57 ms, found 0 plugins.
Preloading 0 native plugins for Editor in 0.00 ms.
Initialize engine version: 2020.3.3f1 (76626098c1c4)
[Subsystems] Discovering subsystems at path C:/Program Files/Unity/Hub/Editor/2020.3.3f1/Editor/Data/Resources/UnitySubsystems
[Subsystems] Discovering subsystems at path C:/Users/55319/Documents/GitHub/Martian-Highway/Assets
GfxDevice: creating device client; threaded=0
Direct3D:
    Version:  Direct3D 11.0 [level 11.1]
    Renderer: Intel(R) HD Graphics 620 (ID=0x5921)
    Vendor:   
    VRAM:     1985 MB
    Driver:   26.20.100.6911
Shader 'Universal Render Pipeline/Particles/Lit': fallback shader 'Universal Render Pipeline/Particles/SimpleLit' not found
Initialize mono
Mono path[0] = 'C:/Program Files/Unity/Hub/Editor/2020.3.3f1/Editor/Data/Managed'
Mono path[1] = 'C:/Program Files/Unity/Hub/Editor/2020.3.3f1/Editor/Data/MonoBleedingEdge/lib/mono/unityjit'
Mono config path = 'C:/Program Files/Unity/Hub/Editor/2020.3.3f1/Editor/Data/MonoBleedingEdge/etc'
Using monoOptions --debugger-agent=transport=dt_socket,embedding=1,server=y,suspend=n,address=127.0.0.1:56372
Begin MonoManager ReloadAssembly
Registering precompiled unity dll's ...
Register platform support module: C:/Program Files/Unity/Hub/Editor/2020.3.3f1/Editor/Data/PlaybackEngines/MacStandaloneSupport/UnityEditor.OSXStandalone.Extensions.dll
Register platform support module: C:/Program Files/Unity/Hub/Editor/2020.3.3f1/Editor/Data/PlaybackEngines/WindowsStandaloneSupport/UnityEditor.WindowsStandalone.Extensions.dll
Registered in 0.005246 seconds.
Native extension for WindowsStandalone target not found
Native extension for OSXStandalone target not found
Refreshing native plugins compatible for Editor in 94.11 ms, found 0 plugins.
Preloading 0 native plugins for Editor in 0.00 ms.
Invoked RoslynAnalysisRunner static constructor.
RoslynAnalysisRunner will not be running.
RoslynAnalysisRunner has terminated.
Mono: successfully reloaded assembly
- Completed reload, in  6.974 seconds
Platform modules already initialized, skipping
Registering precompiled user dll's ...
Registered in 0.002825 seconds.
Begin MonoManager ReloadAssembly
Native extension for WindowsStandalone target not found
Native extension for OSXStandalone target not found
Refreshing native plugins compatible for Editor in 106.81 ms, found 0 plugins.
Preloading 0 native plugins for Editor in 0.00 ms.
Invoked RoslynAnalysisRunner static constructor.
RoslynAnalysisRunner will not be running.
RoslynAnalysisRunner has terminated.
Mono: successfully reloaded assembly
- Completed reload, in  8.887 seconds
Platform modules already initialized, skipping
========================================================================
Worker process is ready to serve import requests
Shader 'Universal Render Pipeline/Particles/Lit': fallback shader 'Universal Render Pipeline/Particles/SimpleLit' not found
Launched and connected shader compiler UnityShaderCompiler.exe after 1.98 seconds
Refreshing native plugins compatible for Editor in 2.56 ms, found 0 plugins.
Preloading 0 native plugins for Editor in 0.00 ms.
Unloading 2384 Unused Serialized files (Serialized files now loaded: 0)
System memory in use before: 109.5 MB.
System memory in use after: 109.7 MB.

Unloading 10 unused Assets to reduce memory usage. Loaded Objects now: 2828.
Total: 13.714000 ms (FindLiveObjects: 0.780300 ms CreateObjectMapping: 0.294600 ms MarkObjects: 12.332600 ms  DeleteObjects: 0.301500 ms)

========================================================================
Received Import Request.
  path: Assets/Scenes/fase1/ReflectionProbe-0.exr
  artifactKey: Guid(2d4ce2d4382df254ca69d209a2fc3c5f) Importer(815301076,1909f56bfc062723c751e8b465ee728b)
Start importing Assets/Scenes/fase1/ReflectionProbe-0.exr using Guid(2d4ce2d4382df254ca69d209a2fc3c5f) Importer(815301076,1909f56bfc062723c751e8b465ee728b)  -> (artifact id: 'bef75f773022e30777a1e4151e741231') in 0.915986 seconds
  Import took 0.949667 seconds .

========================================================================
Received Import Request.
  Time since last request: 0.004119 seconds.
  path: Assets/Scenes/Menu.unity
  artifactKey: Guid(4446f4c0534581d4f802a6c5c119e34a) Importer(815301076,1909f56bfc062723c751e8b465ee728b)
Start importing Assets/Scenes/Menu.unity using Guid(4446f4c0534581d4f802a6c5c119e34a) Importer(815301076,1909f56bfc062723c751e8b465ee728b)  -> (artifact id: 'b223f37e9117964516d8e1aea1d8d172') in 0.058910 seconds
  Import took 0.087948 seconds .

========================================================================
Received Import Request.
  Time since last request: 0.002511 seconds.
  path: Assets/Scenes/fase1/LightingData.asset
  artifactKey: Guid(20a2d0492ed57634fb792f81344bb3a1) Importer(815301076,1909f56bfc062723c751e8b465ee728b)
Start importing Assets/Scenes/fase1/LightingData.asset using Guid(20a2d0492ed57634fb792f81344bb3a1) Importer(815301076,1909f56bfc062723c751e8b465ee728b)  -> (artifact id: '897cee6585d686e2e5be13a46f734e28') in 0.130210 seconds
  Import took 0.163334 seconds .

========================================================================
Received Import Request.
  Time since last request: 230.270289 seconds.
  path: Assets/Script/Sounds.cs
  artifactKey: Guid(4df6accc403d81c4bb5b525cf8f18cd2) Importer(815301076,1909f56bfc062723c751e8b465ee728b)
Start importing Assets/Script/Sounds.cs using Guid(4df6accc403d81c4bb5b525cf8f18cd2) Importer(815301076,1909f56bfc062723c751e8b465ee728b)  -> (artifact id: '5b553c47ef9a142fb85d984a4e8720fc') in 0.141929 seconds
  Import took 0.166266 seconds .

========================================================================
Received Import Request.
  Time since last request: 3.626486 seconds.
  path: Assets/Scenes/Menu/Trilha.mp3
  artifactKey: Guid(79db1f6656838474aa3ebf2df020d39e) Importer(815301076,1909f56bfc062723c751e8b465ee728b)
Start importing Assets/Scenes/Menu/Trilha.mp3 using Guid(79db1f6656838474aa3ebf2df020d39e) Importer(815301076,1909f56bfc062723c751e8b465ee728b)  -> (artifact id: '0e5881843a21f6f24f23e0067071648c') in 0.294644 seconds
  Import took 0.314849 seconds .

========================================================================
Received Import Request.
  Time since last request: 0.001371 seconds.
  path: Assets/Scenes/Menu/Vslider.mixer
  artifactKey: Guid(ef2411c855685b048a18672906cf8b8d) Importer(815301076,1909f56bfc062723c751e8b465ee728b)
Start importing Assets/Scenes/Menu/Vslider.mixer using Guid(ef2411c855685b048a18672906cf8b8d) Importer(815301076,1909f56bfc062723c751e8b465ee728b)  -> (artifact id: '2e4e4fbbad710f8a4a42bf644a7e91c5') in 0.076144 seconds
  Import took 0.094237 seconds .

========================================================================
Received Import Request.
  Time since last request: 0.816346 seconds.
  path: Assets/Scenes/Menu/SetCtrl.cs
  artifactKey: Guid(d96cb5d4c2e069e41bc64def917dc11b) Importer(815301076,1909f56bfc062723c751e8b465ee728b)
Start importing Assets/Scenes/Menu/SetCtrl.cs using Guid(d96cb5d4c2e069e41bc64def917dc11b) Importer(815301076,1909f56bfc062723c751e8b465ee728b)  -> (artifact id: 'afbba1ee7744993ccc763dab8d68c5cb') in 0.047524 seconds
  Import took 0.066891 seconds .

========================================================================
Received Prepare
Registering precompiled user dll's ...
Registered in 0.009710 seconds.
Begin MonoManager ReloadAssembly
Native extension for WindowsStandalone target not found
Native extension for OSXStandalone target not found
Refreshing native plugins compatible for Editor in 1.40 ms, found 0 plugins.
Preloading 0 native plugins for Editor in 0.00 ms.
Invoked RoslynAnalysisRunner static constructor.
RoslynAnalysisRunner will not be running.
RoslynAnalysisRunner has terminated.
Mono: successfully reloaded assembly
- Completed reload, in  4.294 seconds
Platform modules already initialized, skipping
Shader 'Universal Render Pipeline/Particles/Lit': fallback shader 'Universal Render Pipeline/Particles/SimpleLit' not found
Refreshing native plugins compatible for Editor in 0.81 ms, found 0 plugins.
Preloading 0 native plugins for Editor in 0.00 ms.
Unloading 2323 Unused Serialized files (Serialized files now loaded: 0)
System memory in use before: 107.4 MB.
System memory in use after: 107.6 MB.

Unloading 5 unused Assets to reduce memory usage. Loaded Objects now: 2865.
Total: 30.405300 ms (FindLiveObjects: 1.088600 ms CreateObjectMapping: 0.742800 ms MarkObjects: 26.685100 ms  DeleteObjects: 1.885000 ms)

========================================================================
Received Prepare
Registering precompiled user dll's ...
Registered in 0.028007 seconds.
Begin MonoManager ReloadAssembly
Native extension for WindowsStandalone target not found
Native extension for OSXStandalone target not found
Refreshing native plugins compatible for Editor in 0.98 ms, found 0 plugins.
Preloading 0 native plugins for Editor in 0.00 ms.
Invoked RoslynAnalysisRunner static constructor.
RoslynAnalysisRunner will not be running.
RoslynAnalysisRunner has terminated.
Mono: successfully reloaded assembly
- Completed reload, in  2.433 seconds
Platform modules already initialized, skipping
Shader 'Universal Render Pipeline/Particles/Lit': fallback shader 'Universal Render Pipeline/Particles/SimpleLit' not found
Refreshing native plugins compatible for Editor in 0.98 ms, found 0 plugins.
Preloading 0 native plugins for Editor in 0.00 ms.
Unloading 2323 Unused Serialized files (Serialized files now loaded: 0)
System memory in use before: 107.4 MB.
System memory in use after: 107.6 MB.

Unloading 5 unused Assets to reduce memory usage. Loaded Objects now: 2868.
Total: 4.482700 ms (FindLiveObjects: 0.775500 ms CreateObjectMapping: 0.297500 ms MarkObjects: 3.381200 ms  DeleteObjects: 0.026300 ms)

========================================================================
Received Prepare
Registering precompiled user dll's ...
Registered in 0.012212 seconds.
Begin MonoManager ReloadAssembly
Native extension for WindowsStandalone target not found
Native extension for OSXStandalone target not found
Refreshing native plugins compatible for Editor in 2.11 ms, found 0 plugins.
Preloading 0 native plugins for Editor in 0.00 ms.
Invoked RoslynAnalysisRunner static constructor.
RoslynAnalysisRunner will not be running.
RoslynAnalysisRunner has terminated.
Mono: successfully reloaded assembly
- Completed reload, in  2.466 seconds
Platform modules already initialized, skipping
Shader 'Universal Render Pipeline/Particles/Lit': fallback shader 'Universal Render Pipeline/Particles/SimpleLit' not found
Refreshing native plugins compatible for Editor in 0.56 ms, found 0 plugins.
Preloading 0 native plugins for Editor in 0.00 ms.
Unloading 2323 Unused Serialized files (Serialized files now loaded: 0)
System memory in use before: 107.4 MB.
System memory in use after: 107.7 MB.

Unloading 5 unused Assets to reduce memory usage. Loaded Objects now: 2871.
Total: 5.343700 ms (FindLiveObjects: 0.336800 ms CreateObjectMapping: 0.219200 ms MarkObjects: 4.738700 ms  DeleteObjects: 0.046600 ms)

========================================================================
Received Import Request.
  Time since last request: 1196.565131 seconds.
  path: Assets/Scenes/fase1.unity
  artifactKey: Guid(b8dad69a6bb8bbf469e2194999d7de86) Importer(815301076,1909f56bfc062723c751e8b465ee728b)
Start importing Assets/Scenes/fase1.unity using Guid(b8dad69a6bb8bbf469e2194999d7de86) Importer(815301076,1909f56bfc062723c751e8b465ee728b)  -> (artifact id: 'beab7286229d65e2bc1de7b1bb4a4123') in 0.561659 seconds
  Import took 0.616381 seconds .

========================================================================
Received Import Request.
  Time since last request: 22.466907 seconds.
  path: Assets/Scenes/Menu.unity
  artifactKey: Guid(4446f4c0534581d4f802a6c5c119e34a) Importer(815301076,1909f56bfc062723c751e8b465ee728b)
Start importing Assets/Scenes/Menu.unity using Guid(4446f4c0534581d4f802a6c5c119e34a) Importer(815301076,1909f56bfc062723c751e8b465ee728b)  -> (artifact id: '68044489e86f2cd7fa7bc1d57d977e3a') in 0.021438 seconds
  Import took 0.035642 seconds .

========================================================================
Received Import Request.
  Time since last request: 75.566718 seconds.
  path: Assets/Scenes/Menu/Imagens
  artifactKey: Guid(4ddd7a7579eecc24aa2a70cfb509ed9a) Importer(815301076,1909f56bfc062723c751e8b465ee728b)
Start importing Assets/Scenes/Menu/Imagens using Guid(4ddd7a7579eecc24aa2a70cfb509ed9a) Importer(815301076,1909f56bfc062723c751e8b465ee728b)  -> (artifact id: '850b741c02caee2b6c8c6b5050608c54') in 0.030410 seconds
  Import took 0.043406 seconds .

========================================================================
Received Import Request.
  Time since last request: 0.036099 seconds.
  path: Assets/Scenes/Menu/Imagens/Captura de Tela (14).png
  artifactKey: Guid(c99a48f949e0d9b459db224dc1920588) Importer(815301076,1909f56bfc062723c751e8b465ee728b)
Start importing Assets/Scenes/Menu/Imagens/Captura de Tela (14).png using Guid(c99a48f949e0d9b459db224dc1920588) Importer(815301076,1909f56bfc062723c751e8b465ee728b)  -> (artifact id: '7c25c1d5772b5fe4a57695d2fc89c278') in 0.399702 seconds
  Import took 0.410767 seconds .

========================================================================
Received Import Request.
  Time since last request: 0.000417 seconds.
  path: Assets/Scenes/Menu/Imagens/Menu Image-5.jpg
  artifactKey: Guid(9bbe5b720ecfc2f42a6b349f017d63c1) Importer(815301076,1909f56bfc062723c751e8b465ee728b)
Start importing Assets/Scenes/Menu/Imagens/Menu Image-5.jpg using Guid(9bbe5b720ecfc2f42a6b349f017d63c1) Importer(815301076,1909f56bfc062723c751e8b465ee728b)  -> (artifact id: '5f7a5376dd2b989bf3fb67b6efd579ff') in 0.096784 seconds
  Import took 0.108813 seconds .

========================================================================
Received Import Request.
  Time since last request: 0.000710 seconds.
  path: Assets/Scenes/Menu/Imagens/Menu Image-3.jpg
  artifactKey: Guid(2ec70285d7d1cb14192020b22d80d71c) Importer(815301076,1909f56bfc062723c751e8b465ee728b)
Start importing Assets/Scenes/Menu/Imagens/Menu Image-3.jpg using Guid(2ec70285d7d1cb14192020b22d80d71c) Importer(815301076,1909f56bfc062723c751e8b465ee728b)  -> (artifact id: '6b360a45d5ecd36de40a74826198996c') in 0.096559 seconds
  Import took 0.106867 seconds .

========================================================================
Received Import Request.
  Time since last request: 0.000313 seconds.
  path: Assets/Scenes/Menu/Imagens/Menu Image-4.jpg
  artifactKey: Guid(3c71d4250e3586e4f9d9ae7737ba99c3) Importer(815301076,1909f56bfc062723c751e8b465ee728b)
Start importing Assets/Scenes/Menu/Imagens/Menu Image-4.jpg using Guid(3c71d4250e3586e4f9d9ae7737ba99c3) Importer(815301076,1909f56bfc062723c751e8b465ee728b)  -> (artifact id: '93d5640c7c9ccd705204278300fd6181') in 0.096824 seconds
  Import took 0.107281 seconds .

========================================================================
Received Import Request.
  Time since last request: 0.000336 seconds.
  path: Assets/Scenes/Menu/Imagens/Menu Image-1.jpg
  artifactKey: Guid(e948c13032955be41b2db88652cb75f5) Importer(815301076,1909f56bfc062723c751e8b465ee728b)
Start importing Assets/Scenes/Menu/Imagens/Menu Image-1.jpg using Guid(e948c13032955be41b2db88652cb75f5) Importer(815301076,1909f56bfc062723c751e8b465ee728b)  -> (artifact id: '7948d98b940ee3fb3dd871313404dfee') in 0.130533 seconds
  Import took 0.139280 seconds .

========================================================================
Received Import Request.
  Time since last request: 6.296690 seconds.
  path: Assets/Script/PauseControl.cs
  artifactKey: Guid(6ce0dd70f7b095d4299bd0c29c994219) Importer(815301076,1909f56bfc062723c751e8b465ee728b)
Start importing Assets/Script/PauseControl.cs using Guid(6ce0dd70f7b095d4299bd0c29c994219) Importer(815301076,1909f56bfc062723c751e8b465ee728b)  -> (artifact id: '44598b4721c9f1998050b0edefb52151') in 0.026103 seconds
  Import took 0.052615 seconds .

========================================================================
Received Prepare
Registering precompiled user dll's ...
Registered in 0.014471 seconds.
Begin MonoManager ReloadAssembly
Native extension for WindowsStandalone target not found
Native extension for OSXStandalone target not found
Refreshing native plugins compatible for Editor in 0.58 ms, found 0 plugins.
Preloading 0 native plugins for Editor in 0.00 ms.
Invoked RoslynAnalysisRunner static constructor.
RoslynAnalysisRunner will not be running.
RoslynAnalysisRunner has terminated.
Mono: successfully reloaded assembly
- Completed reload, in  4.805 seconds
Platform modules already initialized, skipping
Shader 'Universal Render Pipeline/Particles/Lit': fallback shader 'Universal Render Pipeline/Particles/SimpleLit' not found
Refreshing native plugins compatible for Editor in 0.86 ms, found 0 plugins.
Preloading 0 native plugins for Editor in 0.00 ms.
Unloading 2323 Unused Serialized files (Serialized files now loaded: 0)
System memory in use before: 107.5 MB.
System memory in use after: 107.7 MB.

Unloading 5 unused Assets to reduce memory usage. Loaded Objects now: 2880.
Total: 25.587200 ms (FindLiveObjects: 1.622900 ms CreateObjectMapping: 0.566900 ms MarkObjects: 22.567200 ms  DeleteObjects: 0.825500 ms)

========================================================================
Received Prepare
Registering precompiled user dll's ...
Registered in 0.035416 seconds.
Begin MonoManager ReloadAssembly
Native extension for WindowsStandalone target not found
Native extension for OSXStandalone target not found
Refreshing native plugins compatible for Editor in 0.56 ms, found 0 plugins.
Preloading 0 native plugins for Editor in 0.00 ms.
Invoked RoslynAnalysisRunner static constructor.
RoslynAnalysisRunner will not be running.
RoslynAnalysisRunner has terminated.
Mono: successfully reloaded assembly
- Completed reload, in  2.322 seconds
Platform modules already initialized, skipping
Shader 'Universal Render Pipeline/Particles/Lit': fallback shader 'Universal Render Pipeline/Particles/SimpleLit' not found
Refreshing native plugins compatible for Editor in 0.57 ms, found 0 plugins.
Preloading 0 native plugins for Editor in 0.00 ms.
Unloading 2323 Unused Serialized files (Serialized files now loaded: 0)
System memory in use before: 107.4 MB.
System memory in use after: 107.6 MB.

Unloading 5 unused Assets to reduce memory usage. Loaded Objects now: 2883.
Total: 3.580800 ms (FindLiveObjects: 0.400900 ms CreateObjectMapping: 0.179900 ms MarkObjects: 2.876000 ms  DeleteObjects: 0.121300 ms)

========================================================================
Received Prepare
Registering precompiled user dll's ...
Registered in 0.002388 seconds.
Begin MonoManager ReloadAssembly
Native extension for WindowsStandalone target not found
Native extension for OSXStandalone target not found
Refreshing native plugins compatible for Editor in 0.74 ms, found 0 plugins.
Preloading 0 native plugins for Editor in 0.00 ms.
Invoked RoslynAnalysisRunner static constructor.
RoslynAnalysisRunner will not be running.
RoslynAnalysisRunner has terminated.
Mono: successfully reloaded assembly
- Completed reload, in  3.288 seconds
Platform modules already initialized, skipping
Shader 'Universal Render Pipeline/Particles/Lit': fallback shader 'Universal Render Pipeline/Particles/SimpleLit' not found
Refreshing native plugins compatible for Editor in 1.03 ms, found 0 plugins.
Preloading 0 native plugins for Editor in 0.00 ms.
Unloading 2323 Unused Serialized files (Serialized files now loaded: 0)
System memory in use before: 107.5 MB.
System memory in use after: 107.7 MB.

Unloading 5 unused Assets to reduce memory usage. Loaded Objects now: 2886.
Total: 4.856600 ms (FindLiveObjects: 0.813000 ms CreateObjectMapping: 0.255200 ms MarkObjects: 3.746400 ms  DeleteObjects: 0.029100 ms)

========================================================================
Received Prepare
Registering precompiled user dll's ...
Registered in 0.002300 seconds.
Begin MonoManager ReloadAssembly
Native extension for WindowsStandalone target not found
Native extension for OSXStandalone target not found
Refreshing native plugins compatible for Editor in 0.51 ms, found 0 plugins.
Preloading 0 native plugins for Editor in 0.00 ms.
Invoked RoslynAnalysisRunner static constructor.
RoslynAnalysisRunner will not be running.
RoslynAnalysisRunner has terminated.
Mono: successfully reloaded assembly
- Completed reload, in  1.992 seconds
Platform modules already initialized, skipping
Shader 'Universal Render Pipeline/Particles/Lit': fallback shader 'Universal Render Pipeline/Particles/SimpleLit' not found
Refreshing native plugins compatible for Editor in 0.59 ms, found 0 plugins.
Preloading 0 native plugins for Editor in 0.00 ms.
Unloading 2323 Unused Serialized files (Serialized files now loaded: 0)
System memory in use before: 107.5 MB.
System memory in use after: 107.7 MB.

Unloading 5 unused Assets to reduce memory usage. Loaded Objects now: 2889.
Total: 6.970900 ms (FindLiveObjects: 0.754900 ms CreateObjectMapping: 0.396700 ms MarkObjects: 5.777900 ms  DeleteObjects: 0.038300 ms)

========================================================================
Received Prepare
Registering precompiled user dll's ...
Registered in 0.003253 seconds.
Begin MonoManager ReloadAssembly
Native extension for WindowsStandalone target not found
Native extension for OSXStandalone target not found
Refreshing native plugins compatible for Editor in 1.14 ms, found 0 plugins.
Preloading 0 native plugins for Editor in 0.00 ms.
Invoked RoslynAnalysisRunner static constructor.
RoslynAnalysisRunner will not be running.
RoslynAnalysisRunner has terminated.
Mono: successfully reloaded assembly
- Completed reload, in  1.948 seconds
Platform modules already initialized, skipping
Shader 'Universal Render Pipeline/Particles/Lit': fallback shader 'Universal Render Pipeline/Particles/SimpleLit' not found
Refreshing native plugins compatible for Editor in 2.65 ms, found 0 plugins.
Preloading 0 native plugins for Editor in 0.00 ms.
Unloading 2323 Unused Serialized files (Serialized files now loaded: 0)
System memory in use before: 107.5 MB.
System memory in use after: 107.7 MB.

Unloading 5 unused Assets to reduce memory usage. Loaded Objects now: 2892.
Total: 4.333800 ms (FindLiveObjects: 0.947700 ms CreateObjectMapping: 0.398800 ms MarkObjects: 2.922300 ms  DeleteObjects: 0.061800 ms)

========================================================================
Received Prepare
Registering precompiled user dll's ...
Registered in 0.010640 seconds.
Begin MonoManager ReloadAssembly
Native extension for WindowsStandalone target not found
Native extension for OSXStandalone target not found
Refreshing native plugins compatible for Editor in 0.92 ms, found 0 plugins.
Preloading 0 native plugins for Editor in 0.00 ms.
Invoked RoslynAnalysisRunner static constructor.
RoslynAnalysisRunner will not be running.
RoslynAnalysisRunner has terminated.
Mono: successfully reloaded assembly
- Completed reload, in  1.677 seconds
Platform modules already initialized, skipping
Shader 'Universal Render Pipeline/Particles/Lit': fallback shader 'Universal Render Pipeline/Particles/SimpleLit' not found
Refreshing native plugins compatible for Editor in 0.50 ms, found 0 plugins.
Preloading 0 native plugins for Editor in 0.00 ms.
Unloading 2323 Unused Serialized files (Serialized files now loaded: 0)
System memory in use before: 107.5 MB.
System memory in use after: 107.7 MB.

Unloading 5 unused Assets to reduce memory usage. Loaded Objects now: 2895.
Total: 5.899700 ms (FindLiveObjects: 1.249500 ms CreateObjectMapping: 0.438700 ms MarkObjects: 4.158700 ms  DeleteObjects: 0.046300 ms)

========================================================================
Received Import Request.
  Time since last request: 1277.968401 seconds.
  path: Assets/Scenes/Menu
  artifactKey: Guid(53cab46907387bb4ea048d0eb1789c2d) Importer(815301076,1909f56bfc062723c751e8b465ee728b)
Start importing Assets/Scenes/Menu using Guid(53cab46907387bb4ea048d0eb1789c2d) Importer(815301076,1909f56bfc062723c751e8b465ee728b)  -> (artifact id: '7d335440970a996603d53ef608b56bd0') in 0.042222 seconds
  Import took 0.068882 seconds .

========================================================================
Received Import Request.
  Time since last request: 7.341205 seconds.
  path: Assets/Scenes/Menu/PanelCOnfig.cs
  artifactKey: Guid(108d16470bfa1c04ba950bf33ca8e2f4) Importer(815301076,1909f56bfc062723c751e8b465ee728b)
Start importing Assets/Scenes/Menu/PanelCOnfig.cs using Guid(108d16470bfa1c04ba950bf33ca8e2f4) Importer(815301076,1909f56bfc062723c751e8b465ee728b)  -> (artifact id: '9844a9539901b0134eca9b4854922652') in 0.043471 seconds
  Import took 0.218540 seconds .

========================================================================
Received Prepare
Registering precompiled user dll's ...
Registered in 0.003150 seconds.
Begin MonoManager ReloadAssembly
Native extension for WindowsStandalone target not found
Native extension for OSXStandalone target not found
Refreshing native plugins compatible for Editor in 0.63 ms, found 0 plugins.
Preloading 0 native plugins for Editor in 0.00 ms.
Invoked RoslynAnalysisRunner static constructor.
RoslynAnalysisRunner will not be running.
RoslynAnalysisRunner has terminated.
Mono: successfully reloaded assembly
- Completed reload, in  1.786 seconds
Platform modules already initialized, skipping
Shader 'Universal Render Pipeline/Particles/Lit': fallback shader 'Universal Render Pipeline/Particles/SimpleLit' not found
Refreshing native plugins compatible for Editor in 1.83 ms, found 0 plugins.
Preloading 0 native plugins for Editor in 0.00 ms.
Unloading 2323 Unused Serialized files (Serialized files now loaded: 0)
System memory in use before: 107.4 MB.
System memory in use after: 107.7 MB.

Unloading 5 unused Assets to reduce memory usage. Loaded Objects now: 2898.
Total: 3.156300 ms (FindLiveObjects: 0.375100 ms CreateObjectMapping: 0.172200 ms MarkObjects: 2.581400 ms  DeleteObjects: 0.026000 ms)

========================================================================
Received Import Request.
  Time since last request: 27.985599 seconds.
  path: Assets/Scenes/Menu/PanelScript.cs
  artifactKey: Guid(342337493b6e9f04e9e8b88365a05c7d) Importer(815301076,1909f56bfc062723c751e8b465ee728b)
Start importing Assets/Scenes/Menu/PanelScript.cs using Guid(342337493b6e9f04e9e8b88365a05c7d) Importer(815301076,1909f56bfc062723c751e8b465ee728b)  -> (artifact id: '47768907235236eb7ce2bfaa5b1883a1') in 0.520682 seconds
  Import took 0.538478 seconds .

========================================================================
Received Prepare
Registering precompiled user dll's ...
Registered in 0.021955 seconds.
Begin MonoManager ReloadAssembly
Native extension for WindowsStandalone target not found
Native extension for OSXStandalone target not found
Refreshing native plugins compatible for Editor in 0.93 ms, found 0 plugins.
Preloading 0 native plugins for Editor in 0.00 ms.
Invoked RoslynAnalysisRunner static constructor.
RoslynAnalysisRunner will not be running.
RoslynAnalysisRunner has terminated.
Mono: successfully reloaded assembly
- Completed reload, in  2.196 seconds
Platform modules already initialized, skipping
Shader 'Universal Render Pipeline/Particles/Lit': fallback shader 'Universal Render Pipeline/Particles/SimpleLit' not found
Refreshing native plugins compatible for Editor in 0.58 ms, found 0 plugins.
Preloading 0 native plugins for Editor in 0.00 ms.
Unloading 2324 Unused Serialized files (Serialized files now loaded: 0)
System memory in use before: 107.6 MB.
System memory in use after: 107.8 MB.

Unloading 5 unused Assets to reduce memory usage. Loaded Objects now: 2902.
Total: 11.224100 ms (FindLiveObjects: 1.902700 ms CreateObjectMapping: 0.474100 ms MarkObjects: 8.582300 ms  DeleteObjects: 0.260200 ms)

========================================================================
Received Prepare
Registering precompiled user dll's ...
Registered in 0.003753 seconds.
Begin MonoManager ReloadAssembly
Native extension for WindowsStandalone target not found
Native extension for OSXStandalone target not found
Refreshing native plugins compatible for Editor in 1.76 ms, found 0 plugins.
Preloading 0 native plugins for Editor in 0.00 ms.
Invoked RoslynAnalysisRunner static constructor.
RoslynAnalysisRunner will not be running.
RoslynAnalysisRunner has terminated.
Mono: successfully reloaded assembly
- Completed reload, in  2.386 seconds
Platform modules already initialized, skipping
Shader 'Universal Render Pipeline/Particles/Lit': fallback shader 'Universal Render Pipeline/Particles/SimpleLit' not found
Refreshing native plugins compatible for Editor in 0.57 ms, found 0 plugins.
Preloading 0 native plugins for Editor in 0.00 ms.
Unloading 2324 Unused Serialized files (Serialized files now loaded: 0)
System memory in use before: 107.6 MB.
System memory in use after: 107.8 MB.

Unloading 5 unused Assets to reduce memory usage. Loaded Objects now: 2905.
Total: 21.858600 ms (FindLiveObjects: 1.205500 ms CreateObjectMapping: 0.255100 ms MarkObjects: 20.295500 ms  DeleteObjects: 0.099800 ms)

========================================================================
Received Prepare
Registering precompiled user dll's ...
Registered in 0.002683 seconds.
Begin MonoManager ReloadAssembly
Native extension for WindowsStandalone target not found
Native extension for OSXStandalone target not found
Refreshing native plugins compatible for Editor in 0.56 ms, found 0 plugins.
Preloading 0 native plugins for Editor in 0.00 ms.
Invoked RoslynAnalysisRunner static constructor.
RoslynAnalysisRunner will not be running.
RoslynAnalysisRunner has terminated.
Mono: successfully reloaded assembly
- Completed reload, in  2.001 seconds
Platform modules already initialized, skipping
Shader 'Universal Render Pipeline/Particles/Lit': fallback shader 'Universal Render Pipeline/Particles/SimpleLit' not found
Refreshing native plugins compatible for Editor in 0.55 ms, found 0 plugins.
Preloading 0 native plugins for Editor in 0.00 ms.
Unloading 2324 Unused Serialized files (Serialized files now loaded: 0)
System memory in use before: 107.6 MB.
System memory in use after: 107.8 MB.

Unloading 5 unused Assets to reduce memory usage. Loaded Objects now: 2908.
Total: 4.336000 ms (FindLiveObjects: 0.399700 ms CreateObjectMapping: 0.219200 ms MarkObjects: 3.481300 ms  DeleteObjects: 0.234000 ms)

========================================================================
Received Prepare
Registering precompiled user dll's ...
Registered in 0.010575 seconds.
Begin MonoManager ReloadAssembly
Native extension for WindowsStandalone target not found
Native extension for OSXStandalone target not found
Refreshing native plugins compatible for Editor in 3.59 ms, found 0 plugins.
Preloading 0 native plugins for Editor in 0.00 ms.
Invoked RoslynAnalysisRunner static constructor.
RoslynAnalysisRunner will not be running.
RoslynAnalysisRunner has terminated.
Mono: successfully reloaded assembly
- Completed reload, in  2.362 seconds
Platform modules already initialized, skipping
Shader 'Universal Render Pipeline/Particles/Lit': fallback shader 'Universal Render Pipeline/Particles/SimpleLit' not found
Refreshing native plugins compatible for Editor in 0.51 ms, found 0 plugins.
Preloading 0 native plugins for Editor in 0.00 ms.
Unloading 2324 Unused Serialized files (Serialized files now loaded: 0)
System memory in use before: 107.6 MB.
System memory in use after: 107.8 MB.

Unloading 5 unused Assets to reduce memory usage. Loaded Objects now: 2911.
Total: 4.864700 ms (FindLiveObjects: 0.427900 ms CreateObjectMapping: 0.226300 ms MarkObjects: 4.162600 ms  DeleteObjects: 0.045400 ms)

========================================================================
Received Prepare
Registering precompiled user dll's ...
Registered in 0.007789 seconds.
Begin MonoManager ReloadAssembly
Native extension for WindowsStandalone target not found
Native extension for OSXStandalone target not found
Refreshing native plugins compatible for Editor in 1.07 ms, found 0 plugins.
Preloading 0 native plugins for Editor in 0.00 ms.
Invoked RoslynAnalysisRunner static constructor.
RoslynAnalysisRunner will not be running.
RoslynAnalysisRunner has terminated.
Mono: successfully reloaded assembly
- Completed reload, in  3.652 seconds
Platform modules already initialized, skipping
Shader 'Universal Render Pipeline/Particles/Lit': fallback shader 'Universal Render Pipeline/Particles/SimpleLit' not found
Refreshing native plugins compatible for Editor in 0.52 ms, found 0 plugins.
Preloading 0 native plugins for Editor in 0.00 ms.
Unloading 2324 Unused Serialized files (Serialized files now loaded: 0)
System memory in use before: 107.5 MB.
System memory in use after: 107.7 MB.

Unloading 5 unused Assets to reduce memory usage. Loaded Objects now: 2914.
Total: 10.290400 ms (FindLiveObjects: 1.626700 ms CreateObjectMapping: 1.894500 ms MarkObjects: 6.658900 ms  DeleteObjects: 0.106800 ms)

========================================================================
Received Prepare
Registering precompiled user dll's ...
Registered in 0.003543 seconds.
Begin MonoManager ReloadAssembly
Native extension for WindowsStandalone target not found
Native extension for OSXStandalone target not found
Refreshing native plugins compatible for Editor in 1.84 ms, found 0 plugins.
Preloading 0 native plugins for Editor in 0.00 ms.
Invoked RoslynAnalysisRunner static constructor.
RoslynAnalysisRunner will not be running.
RoslynAnalysisRunner has terminated.
Mono: successfully reloaded assembly
- Completed reload, in  7.803 seconds
Platform modules already initialized, skipping
Shader 'Universal Render Pipeline/Particles/Lit': fallback shader 'Universal Render Pipeline/Particles/SimpleLit' not found
Refreshing native plugins compatible for Editor in 0.56 ms, found 0 plugins.
Preloading 0 native plugins for Editor in 0.00 ms.
Unloading 2324 Unused Serialized files (Serialized files now loaded: 0)
System memory in use before: 107.6 MB.
System memory in use after: 107.8 MB.

Unloading 5 unused Assets to reduce memory usage. Loaded Objects now: 2917.
Total: 4.480900 ms (FindLiveObjects: 0.611400 ms CreateObjectMapping: 0.453100 ms MarkObjects: 3.385000 ms  DeleteObjects: 0.029000 ms)

========================================================================
Received Prepare
Registering precompiled user dll's ...
Registered in 0.002373 seconds.
Begin MonoManager ReloadAssembly
Native extension for WindowsStandalone target not found
Native extension for OSXStandalone target not found
Refreshing native plugins compatible for Editor in 3.20 ms, found 0 plugins.
Preloading 0 native plugins for Editor in 0.00 ms.
Invoked RoslynAnalysisRunner static constructor.
RoslynAnalysisRunner will not be running.
RoslynAnalysisRunner has terminated.
Mono: successfully reloaded assembly
- Completed reload, in  1.708 seconds
Platform modules already initialized, skipping
Shader 'Universal Render Pipeline/Particles/Lit': fallback shader 'Universal Render Pipeline/Particles/SimpleLit' not found
Refreshing native plugins compatible for Editor in 1.02 ms, found 0 plugins.
Preloading 0 native plugins for Editor in 0.00 ms.
Unloading 2324 Unused Serialized files (Serialized files now loaded: 0)
System memory in use before: 107.6 MB.
System memory in use after: 107.8 MB.

Unloading 5 unused Assets to reduce memory usage. Loaded Objects now: 2920.
Total: 39.728300 ms (FindLiveObjects: 0.826600 ms CreateObjectMapping: 0.475400 ms MarkObjects: 38.383600 ms  DeleteObjects: 0.040200 ms)

========================================================================
Received Prepare
Registering precompiled user dll's ...
Registered in 0.076669 seconds.
Begin MonoManager ReloadAssembly
Native extension for WindowsStandalone target not found
Native extension for OSXStandalone target not found
Refreshing native plugins compatible for Editor in 1.20 ms, found 0 plugins.
Preloading 0 native plugins for Editor in 0.00 ms.
Invoked RoslynAnalysisRunner static constructor.
RoslynAnalysisRunner will not be running.
RoslynAnalysisRunner has terminated.
Mono: successfully reloaded assembly
- Completed reload, in  2.829 seconds
Platform modules already initialized, skipping
Shader 'Universal Render Pipeline/Particles/Lit': fallback shader 'Universal Render Pipeline/Particles/SimpleLit' not found
Refreshing native plugins compatible for Editor in 0.60 ms, found 0 plugins.
Preloading 0 native plugins for Editor in 0.00 ms.
Unloading 2324 Unused Serialized files (Serialized files now loaded: 0)
System memory in use before: 107.6 MB.
System memory in use after: 107.8 MB.

Unloading 5 unused Assets to reduce memory usage. Loaded Objects now: 2923.
Total: 4.725400 ms (FindLiveObjects: 0.382400 ms CreateObjectMapping: 0.174200 ms MarkObjects: 4.135600 ms  DeleteObjects: 0.030800 ms)

========================================================================
Received Prepare
Registering precompiled user dll's ...
Registered in 0.004704 seconds.
Begin MonoManager ReloadAssembly
Native extension for WindowsStandalone target not found
Native extension for OSXStandalone target not found
Refreshing native plugins compatible for Editor in 0.53 ms, found 0 plugins.
Preloading 0 native plugins for Editor in 0.00 ms.
Invoked RoslynAnalysisRunner static constructor.
RoslynAnalysisRunner will not be running.
RoslynAnalysisRunner has terminated.
Mono: successfully reloaded assembly
- Completed reload, in  2.092 seconds
Platform modules already initialized, skipping
Shader 'Universal Render Pipeline/Particles/Lit': fallback shader 'Universal Render Pipeline/Particles/SimpleLit' not found
Refreshing native plugins compatible for Editor in 0.89 ms, found 0 plugins.
Preloading 0 native plugins for Editor in 0.00 ms.
Unloading 2324 Unused Serialized files (Serialized files now loaded: 0)
System memory in use before: 107.6 MB.
System memory in use after: 107.8 MB.

Unloading 5 unused Assets to reduce memory usage. Loaded Objects now: 2926.
Total: 28.817800 ms (FindLiveObjects: 0.463800 ms CreateObjectMapping: 0.202300 ms MarkObjects: 27.504500 ms  DeleteObjects: 0.557800 ms)

========================================================================
Received Import Request.
  Time since last request: 2676.011947 seconds.
  path: Assets/Scenes/fase1
  artifactKey: Guid(e518caeab80fc9446b65bd05dddc2959) Importer(815301076,1909f56bfc062723c751e8b465ee728b)
Start importing Assets/Scenes/fase1 using Guid(e518caeab80fc9446b65bd05dddc2959) Importer(815301076,1909f56bfc062723c751e8b465ee728b)  -> (artifact id: 'e0638b9aa56b2ee455fae71ecce5ca2c') in 1.543328 seconds
  Import took 2.907803 seconds .

========================================================================
Received Prepare
Registering precompiled user dll's ...
Registered in 0.021265 seconds.
Begin MonoManager ReloadAssembly
Native extension for WindowsStandalone target not found
Native extension for OSXStandalone target not found
Refreshing native plugins compatible for Editor in 1.31 ms, found 0 plugins.
Preloading 0 native plugins for Editor in 0.00 ms.
Invoked RoslynAnalysisRunner static constructor.
RoslynAnalysisRunner will not be running.
RoslynAnalysisRunner has terminated.
Mono: successfully reloaded assembly
- Completed reload, in  5.088 seconds
Platform modules already initialized, skipping
Shader 'Universal Render Pipeline/Particles/Lit': fallback shader 'Universal Render Pipeline/Particles/SimpleLit' not found
Refreshing native plugins compatible for Editor in 0.63 ms, found 0 plugins.
Preloading 0 native plugins for Editor in 0.00 ms.
Unloading 2324 Unused Serialized files (Serialized files now loaded: 0)
System memory in use before: 107.5 MB.
System memory in use after: 107.7 MB.

Unloading 5 unused Assets to reduce memory usage. Loaded Objects now: 2929.
Total: 32.558100 ms (FindLiveObjects: 6.029500 ms CreateObjectMapping: 0.267200 ms MarkObjects: 26.190100 ms  DeleteObjects: 0.068300 ms)

========================================================================
Received Import Request.
  Time since last request: 1418.228461 seconds.
  path: Assets/Cores/805197.hdr
  artifactKey: Guid(bd399e9ae68299248ba0f22bc8736f8c) Importer(815301076,1909f56bfc062723c751e8b465ee728b)
Start importing Assets/Cores/805197.hdr using Guid(bd399e9ae68299248ba0f22bc8736f8c) Importer(815301076,1909f56bfc062723c751e8b465ee728b)  -> (artifact id: '967f2c4298a564af7e4014e8eb73e1ae') in 0.518406 seconds
  Import took 0.535385 seconds .

========================================================================
Received Import Request.
  Time since last request: 0.001786 seconds.
  path: Assets/Prefab/escudo.prefab
  artifactKey: Guid(23a72f73e9357e7438147fc0caae5603) Importer(815301076,1909f56bfc062723c751e8b465ee728b)
Start importing Assets/Prefab/escudo.prefab using Guid(23a72f73e9357e7438147fc0caae5603) Importer(815301076,1909f56bfc062723c751e8b465ee728b)  -> (artifact id: 'a99e39428b49a044c41fd5b602a3f7e7') in 0.401682 seconds
  Import took 0.410245 seconds .

========================================================================
Received Import Request.
  Time since last request: 0.000445 seconds.
  path: Assets/Meteoros/meteoro.dae
  artifactKey: Guid(b5b1625fba4824c4192fa992e3bb6c33) Importer(815301076,1909f56bfc062723c751e8b465ee728b)
Start importing Assets/Meteoros/meteoro.dae using Guid(b5b1625fba4824c4192fa992e3bb6c33) Importer(815301076,1909f56bfc062723c751e8b465ee728b)  -> (artifact id: 'dec6b6e1ca3aa8fe28ee7eb40bf98eed') in 1.310103 seconds
  Import took 1.322764 seconds .

========================================================================
Received Import Request.
  Time since last request: 0.000508 seconds.
  path: Assets/Imagens/fogo.png
  artifactKey: Guid(ee97eab6d67767342840a9fbf8f4ca66) Importer(815301076,1909f56bfc062723c751e8b465ee728b)
Start importing Assets/Imagens/fogo.png using Guid(ee97eab6d67767342840a9fbf8f4ca66) Importer(815301076,1909f56bfc062723c751e8b465ee728b)  -> (artifact id: 'cc5e44651353cc0a192dcb28b03b06c5') in 0.109736 seconds
  Import took 0.119994 seconds .

========================================================================
Received Import Request.
  Time since last request: 0.000330 seconds.
  path: Assets/Audio/gameOver.mp3
  artifactKey: Guid(e442388b4d2e7bc428c84b76316cdfa7) Importer(815301076,1909f56bfc062723c751e8b465ee728b)
Start importing Assets/Audio/gameOver.mp3 using Guid(e442388b4d2e7bc428c84b76316cdfa7) Importer(815301076,1909f56bfc062723c751e8b465ee728b)  -> (artifact id: 'e0e7436c721c486c0741fb5fe97f20ce') in 0.151107 seconds
  Import took 0.165859 seconds .

========================================================================
Received Import Request.
  Time since last request: 0.000325 seconds.
  path: Assets/Audio/colisão.mp3
  artifactKey: Guid(42f4ac541121d494d9a7fc9e82f571c4) Importer(815301076,1909f56bfc062723c751e8b465ee728b)
Start importing Assets/Audio/colisão.mp3 using Guid(42f4ac541121d494d9a7fc9e82f571c4) Importer(815301076,1909f56bfc062723c751e8b465ee728b)  -> (artifact id: 'b143c30ad5c3dd32217a162c72ae1507') in 0.094468 seconds
  Import took 0.114503 seconds .

========================================================================
Received Import Request.
  Time since last request: 0.000619 seconds.
  path: Assets/Audio/ferrugem.mp3
  artifactKey: Guid(6d3fbd7a47aeb334b8d5fabc05732a72) Importer(815301076,1909f56bfc062723c751e8b465ee728b)
Start importing Assets/Audio/ferrugem.mp3 using Guid(6d3fbd7a47aeb334b8d5fabc05732a72) Importer(815301076,1909f56bfc062723c751e8b465ee728b)  -> (artifact id: 'c034f20c9234f512eea4e181f5fd1cc1') in 0.175526 seconds
  Import took 0.189311 seconds .

========================================================================
Received Import Request.
  Time since last request: 0.000345 seconds.
  path: Assets/Imagens/Icone.png
  artifactKey: Guid(35b0138e10a174e419887a2de35a43c2) Importer(815301076,1909f56bfc062723c751e8b465ee728b)
Start importing Assets/Imagens/Icone.png using Guid(35b0138e10a174e419887a2de35a43c2) Importer(815301076,1909f56bfc062723c751e8b465ee728b)  -> (artifact id: '424c0a9dc02efdd8990c30ee87d832aa') in 0.089845 seconds
  Import took 0.113664 seconds .

========================================================================
Received Import Request.
  Time since last request: 0.000334 seconds.
  path: Assets/Cores/escudo.mat
  artifactKey: Guid(66b1358914d78e8418b3da4e33cf154a) Importer(815301076,1909f56bfc062723c751e8b465ee728b)
Start importing Assets/Cores/escudo.mat using Guid(66b1358914d78e8418b3da4e33cf154a) Importer(815301076,1909f56bfc062723c751e8b465ee728b)  -> (artifact id: '9279dd55391fe39ce41d678debfd994a') in 0.082292 seconds
  Import took 0.108195 seconds .

========================================================================
Received Import Request.
  Time since last request: 0.000457 seconds.
  path: Assets/Cores/céu.mat
  artifactKey: Guid(3623b7028a058eb4786427c486f54f51) Importer(815301076,1909f56bfc062723c751e8b465ee728b)
Start importing Assets/Cores/céu.mat using Guid(3623b7028a058eb4786427c486f54f51) Importer(815301076,1909f56bfc062723c751e8b465ee728b)  -> (artifact id: '675f1ce24f00d7d4cdaf409d2eaa006c') in 0.096296 seconds
  Import took 0.105856 seconds .

========================================================================
Received Import Request.
  Time since last request: 0.000581 seconds.
  path: Assets/Cores/ceu.pic
  artifactKey: Guid(2d4277e3b62e2414cbe21b4f41c4b3ec) Importer(815301076,1909f56bfc062723c751e8b465ee728b)
Start importing Assets/Cores/ceu.pic using Guid(2d4277e3b62e2414cbe21b4f41c4b3ec) Importer(815301076,1909f56bfc062723c751e8b465ee728b)  -> (artifact id: 'fd099fcce137c6daf899fa466486a481') in 0.073436 seconds
  Import took 0.099325 seconds .

========================================================================
Received Import Request.
  Time since last request: 0.000540 seconds.
  path: Assets/Cores/céu 1.mat
  artifactKey: Guid(0d8661acefc0ce047b5df4fbb3bdf2c5) Importer(815301076,1909f56bfc062723c751e8b465ee728b)
Start importing Assets/Cores/céu 1.mat using Guid(0d8661acefc0ce047b5df4fbb3bdf2c5) Importer(815301076,1909f56bfc062723c751e8b465ee728b)  -> (artifact id: 'a8eb435737f03add7b8ebdee23d35a25') in 0.070490 seconds
  Import took 0.084079 seconds .

========================================================================
Received Import Request.
  Time since last request: 0.000289 seconds.
  path: Assets/Cores/gasolina.mat
  artifactKey: Guid(0154665b875b7224ca77a5bb3ecc5b02) Importer(815301076,1909f56bfc062723c751e8b465ee728b)
Start importing Assets/Cores/gasolina.mat using Guid(0154665b875b7224ca77a5bb3ecc5b02) Importer(815301076,1909f56bfc062723c751e8b465ee728b)  -> (artifact id: '02412fc1fe92524bb4d7bf1c76719e58') in 0.036403 seconds
  Import took 0.044294 seconds .

========================================================================
Received Import Request.
  Time since last request: 0.000335 seconds.
  path: Assets/Imagens/fogo.mat
  artifactKey: Guid(1d55be3b9b085ae449304ffbe61ef04d) Importer(815301076,1909f56bfc062723c751e8b465ee728b)
Start importing Assets/Imagens/fogo.mat using Guid(1d55be3b9b085ae449304ffbe61ef04d) Importer(815301076,1909f56bfc062723c751e8b465ee728b)  -> (artifact id: 'aca8095641fcc27d84acf30b1d9b5c28') in 0.368987 seconds
  Import took 0.387308 seconds .

========================================================================
Received Import Request.
  Time since last request: 0.001337 seconds.
  path: Assets/Prefab/ferrugem.prefab
  artifactKey: Guid(35e2b978acc1cea4b95519a67c55de4b) Importer(815301076,1909f56bfc062723c751e8b465ee728b)
Start importing Assets/Prefab/ferrugem.prefab using Guid(35e2b978acc1cea4b95519a67c55de4b) Importer(815301076,1909f56bfc062723c751e8b465ee728b)  -> (artifact id: '6d2584ff1426e8feba50399cca931914') in 0.070395 seconds
  Import took 0.096277 seconds .

========================================================================
Received Import Request.
  Time since last request: 0.000417 seconds.
  path: Assets/Cores/chão.mat
  artifactKey: Guid(f0ad7ba084f7022499d88f3730bb4d88) Importer(815301076,1909f56bfc062723c751e8b465ee728b)
Start importing Assets/Cores/chão.mat using Guid(f0ad7ba084f7022499d88f3730bb4d88) Importer(815301076,1909f56bfc062723c751e8b465ee728b)  -> (artifact id: '99d3770670384eb4811d09ef9499ef84') in 0.047933 seconds
  Import took 0.078498 seconds .

========================================================================
Received Import Request.
  Time since last request: 0.000398 seconds.
  path: Assets/Cores/dano.mat
  artifactKey: Guid(8c9f3c15efbe75d48b4d061a397b2ce7) Importer(815301076,1909f56bfc062723c751e8b465ee728b)
Start importing Assets/Cores/dano.mat using Guid(8c9f3c15efbe75d48b4d061a397b2ce7) Importer(815301076,1909f56bfc062723c751e8b465ee728b)  -> (artifact id: '5f32b784983640ef049d2fe20069dd8f') in 0.049973 seconds
  Import took 0.072037 seconds .

========================================================================
Received Prepare
Registering precompiled user dll's ...
Registered in 0.004357 seconds.
Begin MonoManager ReloadAssembly
Native extension for WindowsStandalone target not found
Native extension for OSXStandalone target not found
Refreshing native plugins compatible for Editor in 1.06 ms, found 0 plugins.
Preloading 0 native plugins for Editor in 0.00 ms.
Invoked RoslynAnalysisRunner static constructor.
RoslynAnalysisRunner will not be running.
RoslynAnalysisRunner has terminated.
Mono: successfully reloaded assembly
- Completed reload, in  3.877 seconds
Platform modules already initialized, skipping
Shader 'Universal Render Pipeline/Particles/Lit': fallback shader 'Universal Render Pipeline/Particles/SimpleLit' not found
Refreshing native plugins compatible for Editor in 0.93 ms, found 0 plugins.
Preloading 0 native plugins for Editor in 0.00 ms.
Unloading 2324 Unused Serialized files (Serialized files now loaded: 0)
System memory in use before: 107.9 MB.
System memory in use after: 108.2 MB.

Unloading 5 unused Assets to reduce memory usage. Loaded Objects now: 2950.
Total: 8.084400 ms (FindLiveObjects: 0.744000 ms CreateObjectMapping: 0.321800 ms MarkObjects: 6.925700 ms  DeleteObjects: 0.089600 ms)

========================================================================
Received Prepare
Registering precompiled user dll's ...
Registered in 0.030792 seconds.
Begin MonoManager ReloadAssembly
Native extension for WindowsStandalone target not found
Native extension for OSXStandalone target not found
Refreshing native plugins compatible for Editor in 1.47 ms, found 0 plugins.
Preloading 0 native plugins for Editor in 0.00 ms.
Invoked RoslynAnalysisRunner static constructor.
RoslynAnalysisRunner will not be running.
RoslynAnalysisRunner has terminated.
Mono: successfully reloaded assembly
- Completed reload, in  2.318 seconds
Platform modules already initialized, skipping
Shader 'Universal Render Pipeline/Particles/Lit': fallback shader 'Universal Render Pipeline/Particles/SimpleLit' not found
Refreshing native plugins compatible for Editor in 0.97 ms, found 0 plugins.
Preloading 0 native plugins for Editor in 0.00 ms.
Unloading 2324 Unused Serialized files (Serialized files now loaded: 0)
System memory in use before: 108.0 MB.
System memory in use after: 108.2 MB.

Unloading 5 unused Assets to reduce memory usage. Loaded Objects now: 2953.
Total: 3.331900 ms (FindLiveObjects: 0.586600 ms CreateObjectMapping: 0.231700 ms MarkObjects: 2.485000 ms  DeleteObjects: 0.025800 ms)

========================================================================
Received Prepare
Registering precompiled user dll's ...
Registered in 0.003706 seconds.
Begin MonoManager ReloadAssembly
Native extension for WindowsStandalone target not found
Native extension for OSXStandalone target not found
Refreshing native plugins compatible for Editor in 1.01 ms, found 0 plugins.
Preloading 0 native plugins for Editor in 0.00 ms.
Invoked RoslynAnalysisRunner static constructor.
RoslynAnalysisRunner will not be running.
RoslynAnalysisRunner has terminated.
Mono: successfully reloaded assembly
- Completed reload, in  2.491 seconds
Platform modules already initialized, skipping
Shader 'Universal Render Pipeline/Particles/Lit': fallback shader 'Universal Render Pipeline/Particles/SimpleLit' not found
Refreshing native plugins compatible for Editor in 0.74 ms, found 0 plugins.
Preloading 0 native plugins for Editor in 0.00 ms.
Unloading 2324 Unused Serialized files (Serialized files now loaded: 0)
System memory in use before: 108.0 MB.
System memory in use after: 108.2 MB.

Unloading 5 unused Assets to reduce memory usage. Loaded Objects now: 2956.
Total: 6.472400 ms (FindLiveObjects: 0.695200 ms CreateObjectMapping: 0.282200 ms MarkObjects: 5.365400 ms  DeleteObjects: 0.125500 ms)

========================================================================
Received Prepare
Registering precompiled user dll's ...
Registered in 0.002723 seconds.
Begin MonoManager ReloadAssembly
Native extension for WindowsStandalone target not found
Native extension for OSXStandalone target not found
Refreshing native plugins compatible for Editor in 0.57 ms, found 0 plugins.
Preloading 0 native plugins for Editor in 0.00 ms.
Invoked RoslynAnalysisRunner static constructor.
RoslynAnalysisRunner will not be running.
RoslynAnalysisRunner has terminated.
Mono: successfully reloaded assembly
- Completed reload, in  1.853 seconds
Platform modules already initialized, skipping
Shader 'Universal Render Pipeline/Particles/Lit': fallback shader 'Universal Render Pipeline/Particles/SimpleLit' not found
Refreshing native plugins compatible for Editor in 0.69 ms, found 0 plugins.
Preloading 0 native plugins for Editor in 0.00 ms.
Unloading 2324 Unused Serialized files (Serialized files now loaded: 0)
System memory in use before: 108.0 MB.
System memory in use after: 108.2 MB.

Unloading 5 unused Assets to reduce memory usage. Loaded Objects now: 2959.
Total: 3.518800 ms (FindLiveObjects: 0.420300 ms CreateObjectMapping: 0.234700 ms MarkObjects: 2.836800 ms  DeleteObjects: 0.025400 ms)

========================================================================
Received Prepare
Registering precompiled user dll's ...
Registered in 0.021285 seconds.
Begin MonoManager ReloadAssembly
Native extension for WindowsStandalone target not found
Native extension for OSXStandalone target not found
Refreshing native plugins compatible for Editor in 0.70 ms, found 0 plugins.
Preloading 0 native plugins for Editor in 0.00 ms.
Invoked RoslynAnalysisRunner static constructor.
RoslynAnalysisRunner will not be running.
RoslynAnalysisRunner has terminated.
Mono: successfully reloaded assembly
- Completed reload, in  2.218 seconds
Platform modules already initialized, skipping
Shader 'Universal Render Pipeline/Particles/Lit': fallback shader 'Universal Render Pipeline/Particles/SimpleLit' not found
Refreshing native plugins compatible for Editor in 0.87 ms, found 0 plugins.
Preloading 0 native plugins for Editor in 0.00 ms.
Unloading 2324 Unused Serialized files (Serialized files now loaded: 0)
System memory in use before: 107.9 MB.
System memory in use after: 108.1 MB.

Unloading 5 unused Assets to reduce memory usage. Loaded Objects now: 2962.
Total: 43.283600 ms (FindLiveObjects: 1.078100 ms CreateObjectMapping: 0.245700 ms MarkObjects: 41.914700 ms  DeleteObjects: 0.042500 ms)

========================================================================
Received Prepare
Registering precompiled user dll's ...
Registered in 0.002391 seconds.
Begin MonoManager ReloadAssembly
Native extension for WindowsStandalone target not found
Native extension for OSXStandalone target not found
Refreshing native plugins compatible for Editor in 0.61 ms, found 0 plugins.
Preloading 0 native plugins for Editor in 0.00 ms.
Invoked RoslynAnalysisRunner static constructor.
RoslynAnalysisRunner will not be running.
RoslynAnalysisRunner has terminated.
Mono: successfully reloaded assembly
- Completed reload, in  2.035 seconds
Platform modules already initialized, skipping
Shader 'Universal Render Pipeline/Particles/Lit': fallback shader 'Universal Render Pipeline/Particles/SimpleLit' not found
Refreshing native plugins compatible for Editor in 0.78 ms, found 0 plugins.
Preloading 0 native plugins for Editor in 0.00 ms.
Unloading 2324 Unused Serialized files (Serialized files now loaded: 0)
System memory in use before: 108.0 MB.
System memory in use after: 108.2 MB.

Unloading 5 unused Assets to reduce memory usage. Loaded Objects now: 2965.
Total: 5.221700 ms (FindLiveObjects: 0.709700 ms CreateObjectMapping: 0.223300 ms MarkObjects: 4.237200 ms  DeleteObjects: 0.048900 ms)

